#! /usr/bin/vvp
:ivl_version "12.0 (stable)";
:ivl_delay_selection "TYPICAL";
:vpi_time_precision - 12;
:vpi_module "/usr/lib64/ivl/system.vpi";
:vpi_module "/usr/lib64/ivl/vhdl_sys.vpi";
:vpi_module "/usr/lib64/ivl/vhdl_textio.vpi";
:vpi_module "/usr/lib64/ivl/v2005_math.vpi";
:vpi_module "/usr/lib64/ivl/va_math.vpi";
S_0x55f105361be0 .scope module, "testbench" "testbench" 2 3;
 .timescale -9 -12;
v0x55f105372b90_0 .var "clk", 0 0;
v0x55f105372c60_0 .net "count", 3 0, v0x55f105372990_0;  1 drivers
v0x55f105372d30_0 .var "rst", 0 0;
S_0x55f105361d70 .scope module, "uut" "counter" 2 8, 3 1 0, S_0x55f105361be0;
 .timescale 0 0;
    .port_info 0 /INPUT 1 "clk";
    .port_info 1 /INPUT 1 "rst";
    .port_info 2 /OUTPUT 4 "count";
v0x55f105328470_0 .net "clk", 0 0, v0x55f105372b90_0;  1 drivers
v0x55f105372990_0 .var "count", 3 0;
v0x55f105372a70_0 .net "rst", 0 0, v0x55f105372d30_0;  1 drivers
E_0x55f1053295f0 .event posedge, v0x55f105372a70_0, v0x55f105328470_0;
    .scope S_0x55f105361d70;
T_0 ;
    %wait E_0x55f1053295f0;
    %load/vec4 v0x55f105372a70_0;
    %flag_set/vec4 8;
    %jmp/0xz  T_0.0, 8;
    %pushi/vec4 0, 0, 4;
    %assign/vec4 v0x55f105372990_0, 0;
    %jmp T_0.1;
T_0.0 ;
    %load/vec4 v0x55f105372990_0;
    %addi 1, 0, 4;
    %assign/vec4 v0x55f105372990_0, 0;
T_0.1 ;
    %jmp T_0;
    .thread T_0;
    .scope S_0x55f105361be0;
T_1 ;
    %delay 5000, 0;
    %load/vec4 v0x55f105372b90_0;
    %inv;
    %store/vec4 v0x55f105372b90_0, 0, 1;
    %jmp T_1;
    .thread T_1;
    .scope S_0x55f105361be0;
T_2 ;
    %vpi_call 2 18 "$dumpfile", "counter.vcd" {0 0 0};
    %vpi_call 2 19 "$dumpvars", 32'sb00000000000000000000000000000000, S_0x55f105361be0 {0 0 0};
    %pushi/vec4 0, 0, 1;
    %store/vec4 v0x55f105372b90_0, 0, 1;
    %pushi/vec4 1, 0, 1;
    %store/vec4 v0x55f105372d30_0, 0, 1;
    %delay 10000, 0;
    %pushi/vec4 0, 0, 1;
    %store/vec4 v0x55f105372d30_0, 0, 1;
    %delay 100000, 0;
    %vpi_call 2 26 "$finish" {0 0 0};
    %end;
    .thread T_2;
# The file index is used to find the file name in the following table.
:file_names 4;
    "N/A";
    "<interactive>";
    "testbench.v";
    "counter.v";
