#! /usr/bin/vvp
:ivl_version "12.0 (stable)";
:ivl_delay_selection "TYPICAL";
:vpi_time_precision + 0;
:vpi_module "/usr/lib64/ivl/system.vpi";
:vpi_module "/usr/lib64/ivl/vhdl_sys.vpi";
:vpi_module "/usr/lib64/ivl/vhdl_textio.vpi";
:vpi_module "/usr/lib64/ivl/v2005_math.vpi";
:vpi_module "/usr/lib64/ivl/va_math.vpi";
S_0x55fd59cb8510 .scope module, "not_gate_tb" "not_gate_tb" 2 2;
 .timescale 0 0;
v0x55fd59d01380_0 .var "a", 0 0;
v0x55fd59d01420_0 .net "out", 0 0, L_0x55fd59d014c0;  1 drivers
S_0x55fd59cb86a0 .scope module, "dut" "not_gate" 2 7, 3 3 0, S_0x55fd59cb8510;
 .timescale 0 0;
    .port_info 0 /INPUT 1 "a";
    .port_info 1 /OUTPUT 1 "out";
L_0x55fd59d014c0 .functor NOT 1, v0x55fd59d01380_0, C4<0>, C4<0>, C4<0>;
v0x55fd59cf11e0_0 .net "a", 0 0, v0x55fd59d01380_0;  1 drivers
v0x55fd59d01260_0 .net "out", 0 0, L_0x55fd59d014c0;  alias, 1 drivers
    .scope S_0x55fd59cb8510;
T_0 ;
    %vpi_call 2 11 "$monitor", "Time=%0t a=%b out=%b", $time, v0x55fd59d01380_0, v0x55fd59d01420_0 {0 0 0};
    %pushi/vec4 0, 0, 1;
    %store/vec4 v0x55fd59d01380_0, 0, 1;
    %delay 10, 0;
    %pushi/vec4 1, 0, 1;
    %store/vec4 v0x55fd59d01380_0, 0, 1;
    %delay 10, 0;
    %vpi_call 2 17 "$finish" {0 0 0};
    %end;
    .thread T_0;
# The file index is used to find the file name in the following table.
:file_names 4;
    "N/A";
    "<interactive>";
    "not2-test.v";
    "not2.v";
