#! /usr/bin/vvp
:ivl_version "12.0 (stable)";
:ivl_delay_selection "TYPICAL";
:vpi_time_precision - 12;
:vpi_module "/usr/lib64/ivl/system.vpi";
:vpi_module "/usr/lib64/ivl/vhdl_sys.vpi";
:vpi_module "/usr/lib64/ivl/vhdl_textio.vpi";
:vpi_module "/usr/lib64/ivl/v2005_math.vpi";
:vpi_module "/usr/lib64/ivl/va_math.vpi";
S_0x55bd5297b550 .scope module, "PC_tb" "PC_tb" 2 4;
 .timescale -9 -12;
v0x55bd529925d0_0 .var "clk", 0 0;
v0x55bd52992690_0 .var "in", 15 0;
v0x55bd52992730_0 .var "inc", 0 0;
v0x55bd52992830_0 .var "load", 0 0;
v0x55bd52992900_0 .net "out", 15 0, v0x55bd52992320_0;  1 drivers
v0x55bd529929f0_0 .var "reset", 0 0;
S_0x55bd5297b6e0 .scope module, "dut" "PC" 2 13, 3 1 0, S_0x55bd5297b550;
 .timescale 0 0;
    .port_info 0 /INPUT 1 "clk";
    .port_info 1 /INPUT 1 "reset";
    .port_info 2 /INPUT 1 "inc";
    .port_info 3 /INPUT 1 "load";
    .port_info 4 /INPUT 16 "in";
    .port_info 5 /OUTPUT 16 "out";
v0x55bd5296a750_0 .net "clk", 0 0, v0x55bd529925d0_0;  1 drivers
v0x55bd529920e0_0 .net "in", 15 0, v0x55bd52992690_0;  1 drivers
v0x55bd529921c0_0 .net "inc", 0 0, v0x55bd52992730_0;  1 drivers
v0x55bd52992260_0 .net "load", 0 0, v0x55bd52992830_0;  1 drivers
v0x55bd52992320_0 .var "out", 15 0;
v0x55bd52992450_0 .net "reset", 0 0, v0x55bd529929f0_0;  1 drivers
E_0x55bd52978a90 .event posedge, v0x55bd5296a750_0;
    .scope S_0x55bd5297b6e0;
T_0 ;
    %pushi/vec4 0, 0, 16;
    %store/vec4 v0x55bd52992320_0, 0, 16;
    %end;
    .thread T_0;
    .scope S_0x55bd5297b6e0;
T_1 ;
    %wait E_0x55bd52978a90;
    %load/vec4 v0x55bd52992450_0;
    %flag_set/vec4 8;
    %jmp/0xz  T_1.0, 8;
    %pushi/vec4 0, 0, 16;
    %assign/vec4 v0x55bd52992320_0, 0;
    %jmp T_1.1;
T_1.0 ;
    %load/vec4 v0x55bd52992260_0;
    %flag_set/vec4 8;
    %jmp/0xz  T_1.2, 8;
    %load/vec4 v0x55bd529920e0_0;
    %assign/vec4 v0x55bd52992320_0, 0;
    %jmp T_1.3;
T_1.2 ;
    %load/vec4 v0x55bd529921c0_0;
    %flag_set/vec4 8;
    %jmp/0xz  T_1.4, 8;
    %load/vec4 v0x55bd52992320_0;
    %addi 1, 0, 16;
    %assign/vec4 v0x55bd52992320_0, 0;
T_1.4 ;
T_1.3 ;
T_1.1 ;
    %jmp T_1;
    .thread T_1;
    .scope S_0x55bd5297b550;
T_2 ;
    %pushi/vec4 0, 0, 1;
    %store/vec4 v0x55bd529925d0_0, 0, 1;
T_2.0 ;
    %delay 5000, 0;
    %load/vec4 v0x55bd529925d0_0;
    %inv;
    %store/vec4 v0x55bd529925d0_0, 0, 1;
    %jmp T_2.0;
    %end;
    .thread T_2;
    .scope S_0x55bd5297b550;
T_3 ;
    %pushi/vec4 0, 0, 1;
    %store/vec4 v0x55bd529929f0_0, 0, 1;
    %pushi/vec4 0, 0, 1;
    %store/vec4 v0x55bd52992730_0, 0, 1;
    %pushi/vec4 0, 0, 1;
    %store/vec4 v0x55bd52992830_0, 0, 1;
    %pushi/vec4 0, 0, 16;
    %store/vec4 v0x55bd52992690_0, 0, 16;
    %vpi_call 2 37 "$display", "Time\011reset\011inc\011load\011in\011\011out" {0 0 0};
    %vpi_call 2 38 "$monitor", "%0t\011%b\011%b\011%b\011%h\011%h", $time, v0x55bd529929f0_0, v0x55bd52992730_0, v0x55bd52992830_0, v0x55bd52992690_0, v0x55bd52992900_0 {0 0 0};
    %delay 10000, 0;
    %pushi/vec4 1, 0, 1;
    %store/vec4 v0x55bd529929f0_0, 0, 1;
    %delay 10000, 0;
    %pushi/vec4 0, 0, 1;
    %store/vec4 v0x55bd529929f0_0, 0, 1;
    %pushi/vec4 1, 0, 1;
    %store/vec4 v0x55bd52992730_0, 0, 1;
    %delay 10000, 0;
    %delay 10000, 0;
    %delay 10000, 0;
    %pushi/vec4 0, 0, 1;
    %store/vec4 v0x55bd52992730_0, 0, 1;
    %pushi/vec4 1, 0, 1;
    %store/vec4 v0x55bd52992830_0, 0, 1;
    %pushi/vec4 256, 0, 16;
    %store/vec4 v0x55bd52992690_0, 0, 16;
    %delay 10000, 0;
    %pushi/vec4 0, 0, 1;
    %store/vec4 v0x55bd52992830_0, 0, 1;
    %pushi/vec4 1, 0, 1;
    %store/vec4 v0x55bd52992730_0, 0, 1;
    %delay 10000, 0;
    %delay 10000, 0;
    %pushi/vec4 1, 0, 1;
    %store/vec4 v0x55bd529929f0_0, 0, 1;
    %delay 10000, 0;
    %pushi/vec4 0, 0, 1;
    %store/vec4 v0x55bd529929f0_0, 0, 1;
    %delay 10000, 0;
    %vpi_call 2 52 "$finish" {0 0 0};
    %end;
    .thread T_3;
# The file index is used to find the file name in the following table.
:file_names 4;
    "N/A";
    "<interactive>";
    "pc-tb.v";
    "pc.v";
