#! /usr/bin/vvp
:ivl_version "12.0 (stable)";
:ivl_delay_selection "TYPICAL";
:vpi_time_precision - 12;
:vpi_module "/usr/lib64/ivl/system.vpi";
:vpi_module "/usr/lib64/ivl/vhdl_sys.vpi";
:vpi_module "/usr/lib64/ivl/vhdl_textio.vpi";
:vpi_module "/usr/lib64/ivl/v2005_math.vpi";
:vpi_module "/usr/lib64/ivl/va_math.vpi";
S_0x564a06167210 .scope module, "RAM64_tb" "RAM64_tb" 2 3;
 .timescale -9 -12;
v0x564a06181580_0 .var "address", 5 0;
v0x564a06181660_0 .var "clk", 0 0;
v0x564a06181700_0 .var "in", 15 0;
v0x564a06181800_0 .var "load", 0 0;
v0x564a061818d0_0 .net "out", 15 0, v0x564a06181400_0;  1 drivers
S_0x564a061673a0 .scope module, "dut" "RAM64" 2 11, 3 1 0, S_0x564a06167210;
 .timescale 0 0;
    .port_info 0 /INPUT 1 "clk";
    .port_info 1 /INPUT 1 "load";
    .port_info 2 /INPUT 6 "address";
    .port_info 3 /INPUT 16 "in";
    .port_info 4 /OUTPUT 16 "out";
v0x564a06167580_0 .net "address", 5 0, v0x564a06181580_0;  1 drivers
v0x564a06180fd0_0 .net "clk", 0 0, v0x564a06181660_0;  1 drivers
v0x564a06181090_0 .var/i "i", 31 0;
v0x564a06181150_0 .net "in", 15 0, v0x564a06181700_0;  1 drivers
v0x564a06181230_0 .net "load", 0 0, v0x564a06181800_0;  1 drivers
v0x564a06181340 .array "memory", 63 0, 15 0;
v0x564a06181400_0 .var "out", 15 0;
E_0x564a06164320 .event anyedge, v0x564a06167580_0;
E_0x564a06163a90 .event posedge, v0x564a06180fd0_0;
    .scope S_0x564a061673a0;
T_0 ;
    %pushi/vec4 0, 0, 32;
    %store/vec4 v0x564a06181090_0, 0, 32;
T_0.0 ;
    %load/vec4 v0x564a06181090_0;
    %cmpi/s 64, 0, 32;
    %jmp/0xz T_0.1, 5;
    %pushi/vec4 0, 0, 16;
    %ix/getv/s 4, v0x564a06181090_0;
    %store/vec4a v0x564a06181340, 4, 0;
    %load/vec4 v0x564a06181090_0;
    %addi 1, 0, 32;
    %store/vec4 v0x564a06181090_0, 0, 32;
    %jmp T_0.0;
T_0.1 ;
    %pushi/vec4 0, 0, 16;
    %store/vec4 v0x564a06181400_0, 0, 16;
    %end;
    .thread T_0;
    .scope S_0x564a061673a0;
T_1 ;
    %wait E_0x564a06163a90;
    %load/vec4 v0x564a06181230_0;
    %flag_set/vec4 8;
    %jmp/0xz  T_1.0, 8;
    %load/vec4 v0x564a06181150_0;
    %load/vec4 v0x564a06167580_0;
    %pad/u 8;
    %ix/vec4 3;
    %ix/load 4, 0, 0; Constant delay
    %assign/vec4/a/d v0x564a06181340, 0, 4;
T_1.0 ;
    %jmp T_1;
    .thread T_1;
    .scope S_0x564a061673a0;
T_2 ;
    %wait E_0x564a06164320;
    %load/vec4 v0x564a06167580_0;
    %pad/u 8;
    %ix/vec4 4;
    %load/vec4a v0x564a06181340, 4;
    %store/vec4 v0x564a06181400_0, 0, 16;
    %jmp T_2;
    .thread T_2, $push;
    .scope S_0x564a06167210;
T_3 ;
    %pushi/vec4 0, 0, 1;
    %store/vec4 v0x564a06181660_0, 0, 1;
T_3.0 ;
    %delay 5000, 0;
    %load/vec4 v0x564a06181660_0;
    %inv;
    %store/vec4 v0x564a06181660_0, 0, 1;
    %jmp T_3.0;
    %end;
    .thread T_3;
    .scope S_0x564a06167210;
T_4 ;
    %pushi/vec4 0, 0, 1;
    %store/vec4 v0x564a06181800_0, 0, 1;
    %pushi/vec4 0, 0, 6;
    %store/vec4 v0x564a06181580_0, 0, 6;
    %pushi/vec4 0, 0, 16;
    %store/vec4 v0x564a06181700_0, 0, 16;
    %vpi_call 2 33 "$display", "Time\011load\011address\011in\011\011out" {0 0 0};
    %vpi_call 2 34 "$monitor", "%0t\011%b\011%d\011%h\011%h", $time, v0x564a06181800_0, v0x564a06181580_0, v0x564a06181700_0, v0x564a061818d0_0 {0 0 0};
    %delay 10000, 0;
    %pushi/vec4 1, 0, 1;
    %store/vec4 v0x564a06181800_0, 0, 1;
    %pushi/vec4 0, 0, 6;
    %store/vec4 v0x564a06181580_0, 0, 6;
    %pushi/vec4 40960, 0, 16;
    %store/vec4 v0x564a06181700_0, 0, 16;
    %delay 10000, 0;
    %pushi/vec4 1, 0, 1;
    %store/vec4 v0x564a06181800_0, 0, 1;
    %pushi/vec4 10, 0, 6;
    %store/vec4 v0x564a06181580_0, 0, 6;
    %pushi/vec4 45329, 0, 16;
    %store/vec4 v0x564a06181700_0, 0, 16;
    %delay 10000, 0;
    %pushi/vec4 1, 0, 1;
    %store/vec4 v0x564a06181800_0, 0, 1;
    %pushi/vec4 20, 0, 6;
    %store/vec4 v0x564a06181580_0, 0, 6;
    %pushi/vec4 49698, 0, 16;
    %store/vec4 v0x564a06181700_0, 0, 16;
    %delay 10000, 0;
    %pushi/vec4 1, 0, 1;
    %store/vec4 v0x564a06181800_0, 0, 1;
    %pushi/vec4 63, 0, 6;
    %store/vec4 v0x564a06181580_0, 0, 6;
    %pushi/vec4 57343, 0, 16;
    %store/vec4 v0x564a06181700_0, 0, 16;
    %delay 10000, 0;
    %pushi/vec4 0, 0, 1;
    %store/vec4 v0x564a06181800_0, 0, 1;
    %pushi/vec4 0, 0, 6;
    %store/vec4 v0x564a06181580_0, 0, 6;
    %delay 10000, 0;
    %pushi/vec4 0, 0, 1;
    %store/vec4 v0x564a06181800_0, 0, 1;
    %pushi/vec4 10, 0, 6;
    %store/vec4 v0x564a06181580_0, 0, 6;
    %delay 10000, 0;
    %pushi/vec4 0, 0, 1;
    %store/vec4 v0x564a06181800_0, 0, 1;
    %pushi/vec4 20, 0, 6;
    %store/vec4 v0x564a06181580_0, 0, 6;
    %delay 10000, 0;
    %pushi/vec4 0, 0, 1;
    %store/vec4 v0x564a06181800_0, 0, 1;
    %pushi/vec4 63, 0, 6;
    %store/vec4 v0x564a06181580_0, 0, 6;
    %delay 10000, 0;
    %pushi/vec4 1, 0, 1;
    %store/vec4 v0x564a06181800_0, 0, 1;
    %pushi/vec4 10, 0, 6;
    %store/vec4 v0x564a06181580_0, 0, 6;
    %pushi/vec4 61166, 0, 16;
    %store/vec4 v0x564a06181700_0, 0, 16;
    %delay 10000, 0;
    %pushi/vec4 0, 0, 1;
    %store/vec4 v0x564a06181800_0, 0, 1;
    %pushi/vec4 10, 0, 6;
    %store/vec4 v0x564a06181580_0, 0, 6;
    %delay 10000, 0;
    %vpi_call 2 53 "$finish" {0 0 0};
    %end;
    .thread T_4;
# The file index is used to find the file name in the following table.
:file_names 4;
    "N/A";
    "<interactive>";
    "ram_64-tb.v";
    "ram_64.v";
