#! /usr/bin/vvp
:ivl_version "12.0 (stable)";
:ivl_delay_selection "TYPICAL";
:vpi_time_precision + 0;
:vpi_module "/usr/lib64/ivl/system.vpi";
:vpi_module "/usr/lib64/ivl/vhdl_sys.vpi";
:vpi_module "/usr/lib64/ivl/vhdl_textio.vpi";
:vpi_module "/usr/lib64/ivl/v2005_math.vpi";
:vpi_module "/usr/lib64/ivl/va_math.vpi";
S_0x55fd70503530 .scope module, "NandGate" "NandGate" 2 2;
 .timescale 0 0;
    .port_info 0 /OUTPUT 1 "Y";
    .port_info 1 /INPUT 1 "A";
    .port_info 2 /INPUT 1 "B";
o0x7fb7e468d018 .functor BUFZ 1, C4<z>; HiZ drive
o0x7fb7e468d048 .functor BUFZ 1, C4<z>; HiZ drive
L_0x55fd70549ba0 .functor AND 1, o0x7fb7e468d018, o0x7fb7e468d048, C4<1>, C4<1>;
L_0x55fd70549ca0 .functor NOT 1, L_0x55fd70549ba0, C4<0>, C4<0>, C4<0>;
v0x55fd70503710_0 .net "A", 0 0, o0x7fb7e468d018;  0 drivers
v0x55fd705498e0_0 .net "B", 0 0, o0x7fb7e468d048;  0 drivers
v0x55fd705499a0_0 .net "Y", 0 0, L_0x55fd70549ca0;  1 drivers
v0x55fd70549a40_0 .net *"_ivl_0", 0 0, L_0x55fd70549ba0;  1 drivers
# The file index is used to find the file name in the following table.
:file_names 3;
    "N/A";
    "<interactive>";
    "nand.v";
