#! /usr/bin/vvp
:ivl_version "12.0 (stable)";
:ivl_delay_selection "TYPICAL";
:vpi_time_precision - 12;
:vpi_module "/usr/lib64/ivl/system.vpi";
:vpi_module "/usr/lib64/ivl/vhdl_sys.vpi";
:vpi_module "/usr/lib64/ivl/vhdl_textio.vpi";
:vpi_module "/usr/lib64/ivl/v2005_math.vpi";
:vpi_module "/usr/lib64/ivl/va_math.vpi";
S_0x557eb5535b60 .scope module, "Bit_tb" "Bit_tb" 2 3;
 .timescale -9 -12;
v0x557eb555cf90_0 .var "clk", 0 0;
v0x557eb555d050_0 .var "in", 0 0;
v0x557eb555d120_0 .var "load", 0 0;
v0x557eb555d220_0 .net "out", 0 0, v0x557eb555ce20_0;  1 drivers
S_0x557eb5548a30 .scope module, "dut" "Bit" 2 10, 3 2 0, S_0x557eb5535b60;
 .timescale 0 0;
    .port_info 0 /INPUT 1 "clk";
    .port_info 1 /INPUT 1 "load";
    .port_info 2 /INPUT 1 "in";
    .port_info 3 /OUTPUT 1 "out";
v0x557eb5548ca0_0 .net "clk", 0 0, v0x557eb555cf90_0;  1 drivers
v0x557eb555cc90_0 .net "in", 0 0, v0x557eb555d050_0;  1 drivers
v0x557eb555cd50_0 .net "load", 0 0, v0x557eb555d120_0;  1 drivers
v0x557eb555ce20_0 .var "out", 0 0;
E_0x557eb5547800 .event posedge, v0x557eb5548ca0_0;
    .scope S_0x557eb5548a30;
T_0 ;
    %wait E_0x557eb5547800;
    %load/vec4 v0x557eb555cd50_0;
    %flag_set/vec4 8;
    %jmp/0xz  T_0.0, 8;
    %load/vec4 v0x557eb555cc90_0;
    %assign/vec4 v0x557eb555ce20_0, 0;
T_0.0 ;
    %jmp T_0;
    .thread T_0;
    .scope S_0x557eb5535b60;
T_1 ;
    %pushi/vec4 0, 0, 1;
    %store/vec4 v0x557eb555cf90_0, 0, 1;
T_1.0 ;
    %delay 5000, 0;
    %load/vec4 v0x557eb555cf90_0;
    %inv;
    %store/vec4 v0x557eb555cf90_0, 0, 1;
    %jmp T_1.0;
    %end;
    .thread T_1;
    .scope S_0x557eb5535b60;
T_2 ;
    %pushi/vec4 0, 0, 1;
    %store/vec4 v0x557eb555d120_0, 0, 1;
    %pushi/vec4 0, 0, 1;
    %store/vec4 v0x557eb555d050_0, 0, 1;
    %vpi_call 2 30 "$display", "Time\011load\011in\011out" {0 0 0};
    %vpi_call 2 31 "$monitor", "%0t\011%b\011%b\011%b", $time, v0x557eb555d120_0, v0x557eb555d050_0, v0x557eb555d220_0 {0 0 0};
    %delay 10000, 0;
    %pushi/vec4 1, 0, 1;
    %store/vec4 v0x557eb555d120_0, 0, 1;
    %pushi/vec4 1, 0, 1;
    %store/vec4 v0x557eb555d050_0, 0, 1;
    %delay 10000, 0;
    %pushi/vec4 0, 0, 1;
    %store/vec4 v0x557eb555d120_0, 0, 1;
    %pushi/vec4 0, 0, 1;
    %store/vec4 v0x557eb555d050_0, 0, 1;
    %delay 10000, 0;
    %pushi/vec4 1, 0, 1;
    %store/vec4 v0x557eb555d120_0, 0, 1;
    %pushi/vec4 0, 0, 1;
    %store/vec4 v0x557eb555d050_0, 0, 1;
    %delay 10000, 0;
    %pushi/vec4 0, 0, 1;
    %store/vec4 v0x557eb555d120_0, 0, 1;
    %pushi/vec4 1, 0, 1;
    %store/vec4 v0x557eb555d050_0, 0, 1;
    %delay 10000, 0;
    %pushi/vec4 1, 0, 1;
    %store/vec4 v0x557eb555d120_0, 0, 1;
    %pushi/vec4 1, 0, 1;
    %store/vec4 v0x557eb555d050_0, 0, 1;
    %delay 10000, 0;
    %vpi_call 2 46 "$finish" {0 0 0};
    %end;
    .thread T_2;
# The file index is used to find the file name in the following table.
:file_names 4;
    "N/A";
    "<interactive>";
    "bit-tb.v";
    "bit.v";
