#! /usr/bin/vvp
:ivl_version "12.0 (stable)";
:ivl_delay_selection "TYPICAL";
:vpi_time_precision - 12;
:vpi_module "/usr/lib64/ivl/system.vpi";
:vpi_module "/usr/lib64/ivl/vhdl_sys.vpi";
:vpi_module "/usr/lib64/ivl/vhdl_textio.vpi";
:vpi_module "/usr/lib64/ivl/v2005_math.vpi";
:vpi_module "/usr/lib64/ivl/va_math.vpi";
S_0x5622f9974ea0 .scope module, "tb_full_adder_16bit" "tb_full_adder_16bit" 2 3;
 .timescale -9 -12;
v0x5622f99a0140_0 .var "a", 15 0;
v0x5622f99a0220_0 .var "b", 15 0;
v0x5622f99a02f0_0 .var "cin", 0 0;
v0x5622f99a0410_0 .net "cout", 0 0, L_0x5622f99ad4b0;  1 drivers
v0x5622f99a04b0_0 .net "sum", 15 0, L_0x5622f99ac580;  1 drivers
S_0x5622f995af30 .scope module, "uut" "full_adder_16bit" 2 10, 3 11 0, S_0x5622f9974ea0;
 .timescale 0 0;
    .port_info 0 /INPUT 16 "a";
    .port_info 1 /INPUT 16 "b";
    .port_info 2 /INPUT 1 "cin";
    .port_info 3 /OUTPUT 16 "sum";
    .port_info 4 /OUTPUT 1 "cout";
v0x5622f999fbb0_0 .net "a", 15 0, v0x5622f99a0140_0;  1 drivers
v0x5622f999fcb0_0 .net "b", 15 0, v0x5622f99a0220_0;  1 drivers
v0x5622f999fd90_0 .net "carry", 15 0, L_0x5622f99acd00;  1 drivers
v0x5622f999fe50_0 .net "cin", 0 0, v0x5622f99a02f0_0;  1 drivers
v0x5622f999ff20_0 .net "cout", 0 0, L_0x5622f99ad4b0;  alias, 1 drivers
v0x5622f999ffc0_0 .net "sum", 15 0, L_0x5622f99ac580;  alias, 1 drivers
L_0x5622f99a0e40 .part v0x5622f99a0140_0, 0, 1;
L_0x5622f99a0f80 .part v0x5622f99a0220_0, 0, 1;
L_0x5622f99a1860 .part v0x5622f99a0140_0, 1, 1;
L_0x5622f99a1950 .part v0x5622f99a0220_0, 1, 1;
L_0x5622f99a1a70 .part L_0x5622f99acd00, 0, 1;
L_0x5622f99a2350 .part v0x5622f99a0140_0, 2, 1;
L_0x5622f99a2510 .part v0x5622f99a0220_0, 2, 1;
L_0x5622f99a2640 .part L_0x5622f99acd00, 1, 1;
L_0x5622f99a2ea0 .part v0x5622f99a0140_0, 3, 1;
L_0x5622f99a2f90 .part v0x5622f99a0220_0, 3, 1;
L_0x5622f99a30e0 .part L_0x5622f99acd00, 2, 1;
L_0x5622f99a3900 .part v0x5622f99a0140_0, 4, 1;
L_0x5622f99a3a60 .part v0x5622f99a0220_0, 4, 1;
L_0x5622f99a3b50 .part L_0x5622f99acd00, 3, 1;
L_0x5622f99a4480 .part v0x5622f99a0140_0, 5, 1;
L_0x5622f99a4570 .part v0x5622f99a0220_0, 5, 1;
L_0x5622f99a46f0 .part L_0x5622f99acd00, 4, 1;
L_0x5622f99a4f60 .part v0x5622f99a0140_0, 6, 1;
L_0x5622f99a50f0 .part v0x5622f99a0220_0, 6, 1;
L_0x5622f99a52f0 .part L_0x5622f99acd00, 5, 1;
L_0x5622f99a5b70 .part v0x5622f99a0140_0, 7, 1;
L_0x5622f99a5c60 .part v0x5622f99a0220_0, 7, 1;
L_0x5622f99a5e10 .part L_0x5622f99acd00, 6, 1;
L_0x5622f99a6680 .part v0x5622f99a0140_0, 8, 1;
L_0x5622f99a6840 .part v0x5622f99a0220_0, 8, 1;
L_0x5622f99a6930 .part L_0x5622f99acd00, 7, 1;
L_0x5622f99a7390 .part v0x5622f99a0140_0, 9, 1;
L_0x5622f99a7480 .part v0x5622f99a0220_0, 9, 1;
L_0x5622f99a7660 .part L_0x5622f99acd00, 8, 1;
L_0x5622f99a80e0 .part v0x5622f99a0140_0, 10, 1;
L_0x5622f99a82d0 .part v0x5622f99a0220_0, 10, 1;
L_0x5622f99a83c0 .part L_0x5622f99acd00, 9, 1;
L_0x5622f99a8d40 .part v0x5622f99a0140_0, 11, 1;
L_0x5622f99a8e30 .part v0x5622f99a0220_0, 11, 1;
L_0x5622f99a9040 .part L_0x5622f99acd00, 10, 1;
L_0x5622f99a98b0 .part v0x5622f99a0140_0, 12, 1;
L_0x5622f99a8f20 .part v0x5622f99a0220_0, 12, 1;
L_0x5622f99a9ad0 .part L_0x5622f99acd00, 11, 1;
L_0x5622f99aa450 .part v0x5622f99a0140_0, 13, 1;
L_0x5622f99aa540 .part v0x5622f99a0220_0, 13, 1;
L_0x5622f99aa780 .part L_0x5622f99acd00, 12, 1;
L_0x5622f99aaff0 .part v0x5622f99a0140_0, 14, 1;
L_0x5622f99ab450 .part v0x5622f99a0220_0, 14, 1;
L_0x5622f99ab750 .part L_0x5622f99acd00, 13, 1;
L_0x5622f99ac130 .part v0x5622f99a0140_0, 15, 1;
L_0x5622f99ac220 .part v0x5622f99a0220_0, 15, 1;
L_0x5622f99ac490 .part L_0x5622f99acd00, 14, 1;
LS_0x5622f99ac580_0_0 .concat8 [ 1 1 1 1], L_0x5622f99a06a0, L_0x5622f99a1160, L_0x5622f99a1c00, L_0x5622f99a2820;
LS_0x5622f99ac580_0_4 .concat8 [ 1 1 1 1], L_0x5622f99a3220, L_0x5622f99a3df0, L_0x5622f99a4880, L_0x5622f99a5490;
LS_0x5622f99ac580_0_8 .concat8 [ 1 1 1 1], L_0x5622f99a5fa0, L_0x5622f99a6cb0, L_0x5622f99a77f0, L_0x5622f99a8660;
LS_0x5622f99ac580_0_12 .concat8 [ 1 1 1 1], L_0x5622f99a91d0, L_0x5622f99a9da0, L_0x5622f99aa910, L_0x5622f99aba50;
L_0x5622f99ac580 .concat8 [ 4 4 4 4], LS_0x5622f99ac580_0_0, LS_0x5622f99ac580_0_4, LS_0x5622f99ac580_0_8, LS_0x5622f99ac580_0_12;
LS_0x5622f99acd00_0_0 .concat8 [ 1 1 1 1], L_0x5622f99a05a0, L_0x5622f99a10c0, L_0x5622f99a1b60, L_0x5622f99a2780;
LS_0x5622f99acd00_0_4 .concat8 [ 1 1 1 1], L_0x5622f99a3180, L_0x5622f99a3d50, L_0x5622f99a47e0, L_0x5622f99a5050;
LS_0x5622f99acd00_0_8 .concat8 [ 1 1 1 1], L_0x5622f99a5f00, L_0x5622f99a6c10, L_0x5622f99a7750, L_0x5622f99a85c0;
LS_0x5622f99acd00_0_12 .concat8 [ 1 1 1 1], L_0x5622f99a9130, L_0x5622f99a9d00, L_0x5622f99aa870, L_0x5622f99ab9b0;
L_0x5622f99acd00 .concat8 [ 4 4 4 4], LS_0x5622f99acd00_0_0, LS_0x5622f99acd00_0_4, LS_0x5622f99acd00_0_8, LS_0x5622f99acd00_0_12;
L_0x5622f99ad4b0 .part L_0x5622f99acd00, 15, 1;
S_0x5622f98fc470 .scope generate, "adder[0]" "adder[0]" 3 23, 3 23 0, S_0x5622f995af30;
 .timescale 0 0;
P_0x5622f98fc650 .param/l "i" 1 3 23, +C4<00>;
S_0x5622f98fc6f0 .scope generate, "genblk1" "genblk1" 3 24, 3 24 0, S_0x5622f98fc470;
 .timescale 0 0;
S_0x5622f99399e0 .scope module, "fa" "full_adder_1bit" 3 25, 3 1 0, S_0x5622f98fc6f0;
 .timescale 0 0;
    .port_info 0 /INPUT 1 "a";
    .port_info 1 /INPUT 1 "b";
    .port_info 2 /INPUT 1 "cin";
    .port_info 3 /OUTPUT 1 "sum";
    .port_info 4 /OUTPUT 1 "cout";
L_0x7f65c04ad060 .functor BUFT 1, C4<0>, C4<0>, C4<0>, C4<0>;
v0x5622f994b690_0 .net *"_ivl_10", 0 0, L_0x7f65c04ad060;  1 drivers
v0x5622f9954b30_0 .net *"_ivl_11", 1 0, L_0x5622f99a0a90;  1 drivers
v0x5622f9951880_0 .net *"_ivl_13", 1 0, L_0x5622f99a0bd0;  1 drivers
L_0x7f65c04ad0a8 .functor BUFT 1, C4<0>, C4<0>, C4<0>, C4<0>;
v0x5622f994e5d0_0 .net *"_ivl_16", 0 0, L_0x7f65c04ad0a8;  1 drivers
v0x5622f994b320_0 .net *"_ivl_17", 1 0, L_0x5622f99a0d00;  1 drivers
v0x5622f9948070_0 .net *"_ivl_3", 1 0, L_0x5622f99a07c0;  1 drivers
L_0x7f65c04ad018 .functor BUFT 1, C4<0>, C4<0>, C4<0>, C4<0>;
v0x5622f9944d60_0 .net *"_ivl_6", 0 0, L_0x7f65c04ad018;  1 drivers
v0x5622f998d7b0_0 .net *"_ivl_7", 1 0, L_0x5622f99a0910;  1 drivers
v0x5622f998d890_0 .net "a", 0 0, L_0x5622f99a0e40;  1 drivers
v0x5622f998d950_0 .net "b", 0 0, L_0x5622f99a0f80;  1 drivers
v0x5622f998da10_0 .net "cin", 0 0, v0x5622f99a02f0_0;  alias, 1 drivers
v0x5622f998dad0_0 .net "cout", 0 0, L_0x5622f99a05a0;  1 drivers
v0x5622f998db90_0 .net "sum", 0 0, L_0x5622f99a06a0;  1 drivers
L_0x5622f99a05a0 .part L_0x5622f99a0d00, 1, 1;
L_0x5622f99a06a0 .part L_0x5622f99a0d00, 0, 1;
L_0x5622f99a07c0 .concat [ 1 1 0 0], L_0x5622f99a0e40, L_0x7f65c04ad018;
L_0x5622f99a0910 .concat [ 1 1 0 0], L_0x5622f99a0f80, L_0x7f65c04ad060;
L_0x5622f99a0a90 .arith/sum 2, L_0x5622f99a07c0, L_0x5622f99a0910;
L_0x5622f99a0bd0 .concat [ 1 1 0 0], v0x5622f99a02f0_0, L_0x7f65c04ad0a8;
L_0x5622f99a0d00 .arith/sum 2, L_0x5622f99a0a90, L_0x5622f99a0bd0;
S_0x5622f998dcf0 .scope generate, "adder[1]" "adder[1]" 3 23, 3 23 0, S_0x5622f995af30;
 .timescale 0 0;
P_0x5622f998dec0 .param/l "i" 1 3 23, +C4<01>;
S_0x5622f998df80 .scope generate, "genblk1" "genblk1" 3 24, 3 24 0, S_0x5622f998dcf0;
 .timescale 0 0;
S_0x5622f998e160 .scope module, "fa" "full_adder_1bit" 3 33, 3 1 0, S_0x5622f998df80;
 .timescale 0 0;
    .port_info 0 /INPUT 1 "a";
    .port_info 1 /INPUT 1 "b";
    .port_info 2 /INPUT 1 "cin";
    .port_info 3 /OUTPUT 1 "sum";
    .port_info 4 /OUTPUT 1 "cout";
L_0x7f65c04ad138 .functor BUFT 1, C4<0>, C4<0>, C4<0>, C4<0>;
v0x5622f998e360_0 .net *"_ivl_10", 0 0, L_0x7f65c04ad138;  1 drivers
v0x5622f998e460_0 .net *"_ivl_11", 1 0, L_0x5622f99a14b0;  1 drivers
v0x5622f998e540_0 .net *"_ivl_13", 1 0, L_0x5622f99a15f0;  1 drivers
L_0x7f65c04ad180 .functor BUFT 1, C4<0>, C4<0>, C4<0>, C4<0>;
v0x5622f998e600_0 .net *"_ivl_16", 0 0, L_0x7f65c04ad180;  1 drivers
v0x5622f998e6e0_0 .net *"_ivl_17", 1 0, L_0x5622f99a1720;  1 drivers
v0x5622f998e810_0 .net *"_ivl_3", 1 0, L_0x5622f99a1250;  1 drivers
L_0x7f65c04ad0f0 .functor BUFT 1, C4<0>, C4<0>, C4<0>, C4<0>;
v0x5622f998e8f0_0 .net *"_ivl_6", 0 0, L_0x7f65c04ad0f0;  1 drivers
v0x5622f998e9d0_0 .net *"_ivl_7", 1 0, L_0x5622f99a1340;  1 drivers
v0x5622f998eab0_0 .net "a", 0 0, L_0x5622f99a1860;  1 drivers
v0x5622f998eb70_0 .net "b", 0 0, L_0x5622f99a1950;  1 drivers
v0x5622f998ec30_0 .net "cin", 0 0, L_0x5622f99a1a70;  1 drivers
v0x5622f998ecf0_0 .net "cout", 0 0, L_0x5622f99a10c0;  1 drivers
v0x5622f998edb0_0 .net "sum", 0 0, L_0x5622f99a1160;  1 drivers
L_0x5622f99a10c0 .part L_0x5622f99a1720, 1, 1;
L_0x5622f99a1160 .part L_0x5622f99a1720, 0, 1;
L_0x5622f99a1250 .concat [ 1 1 0 0], L_0x5622f99a1860, L_0x7f65c04ad0f0;
L_0x5622f99a1340 .concat [ 1 1 0 0], L_0x5622f99a1950, L_0x7f65c04ad138;
L_0x5622f99a14b0 .arith/sum 2, L_0x5622f99a1250, L_0x5622f99a1340;
L_0x5622f99a15f0 .concat [ 1 1 0 0], L_0x5622f99a1a70, L_0x7f65c04ad180;
L_0x5622f99a1720 .arith/sum 2, L_0x5622f99a14b0, L_0x5622f99a15f0;
S_0x5622f998ef10 .scope generate, "adder[2]" "adder[2]" 3 23, 3 23 0, S_0x5622f995af30;
 .timescale 0 0;
P_0x5622f998f0c0 .param/l "i" 1 3 23, +C4<010>;
S_0x5622f998f180 .scope generate, "genblk1" "genblk1" 3 24, 3 24 0, S_0x5622f998ef10;
 .timescale 0 0;
S_0x5622f998f360 .scope module, "fa" "full_adder_1bit" 3 33, 3 1 0, S_0x5622f998f180;
 .timescale 0 0;
    .port_info 0 /INPUT 1 "a";
    .port_info 1 /INPUT 1 "b";
    .port_info 2 /INPUT 1 "cin";
    .port_info 3 /OUTPUT 1 "sum";
    .port_info 4 /OUTPUT 1 "cout";
L_0x7f65c04ad210 .functor BUFT 1, C4<0>, C4<0>, C4<0>, C4<0>;
v0x5622f998f560_0 .net *"_ivl_10", 0 0, L_0x7f65c04ad210;  1 drivers
v0x5622f998f660_0 .net *"_ivl_11", 1 0, L_0x5622f99a1f30;  1 drivers
v0x5622f998f740_0 .net *"_ivl_13", 1 0, L_0x5622f99a2070;  1 drivers
L_0x7f65c04ad258 .functor BUFT 1, C4<0>, C4<0>, C4<0>, C4<0>;
v0x5622f998f800_0 .net *"_ivl_16", 0 0, L_0x7f65c04ad258;  1 drivers
v0x5622f998f8e0_0 .net *"_ivl_17", 1 0, L_0x5622f99a2260;  1 drivers
v0x5622f998fa10_0 .net *"_ivl_3", 1 0, L_0x5622f99a1cf0;  1 drivers
L_0x7f65c04ad1c8 .functor BUFT 1, C4<0>, C4<0>, C4<0>, C4<0>;
v0x5622f998faf0_0 .net *"_ivl_6", 0 0, L_0x7f65c04ad1c8;  1 drivers
v0x5622f998fbd0_0 .net *"_ivl_7", 1 0, L_0x5622f99a1de0;  1 drivers
v0x5622f998fcb0_0 .net "a", 0 0, L_0x5622f99a2350;  1 drivers
v0x5622f998fe00_0 .net "b", 0 0, L_0x5622f99a2510;  1 drivers
v0x5622f998fec0_0 .net "cin", 0 0, L_0x5622f99a2640;  1 drivers
v0x5622f998ff80_0 .net "cout", 0 0, L_0x5622f99a1b60;  1 drivers
v0x5622f9990040_0 .net "sum", 0 0, L_0x5622f99a1c00;  1 drivers
L_0x5622f99a1b60 .part L_0x5622f99a2260, 1, 1;
L_0x5622f99a1c00 .part L_0x5622f99a2260, 0, 1;
L_0x5622f99a1cf0 .concat [ 1 1 0 0], L_0x5622f99a2350, L_0x7f65c04ad1c8;
L_0x5622f99a1de0 .concat [ 1 1 0 0], L_0x5622f99a2510, L_0x7f65c04ad210;
L_0x5622f99a1f30 .arith/sum 2, L_0x5622f99a1cf0, L_0x5622f99a1de0;
L_0x5622f99a2070 .concat [ 1 1 0 0], L_0x5622f99a2640, L_0x7f65c04ad258;
L_0x5622f99a2260 .arith/sum 2, L_0x5622f99a1f30, L_0x5622f99a2070;
S_0x5622f99901a0 .scope generate, "adder[3]" "adder[3]" 3 23, 3 23 0, S_0x5622f995af30;
 .timescale 0 0;
P_0x5622f9990350 .param/l "i" 1 3 23, +C4<011>;
S_0x5622f9990430 .scope generate, "genblk1" "genblk1" 3 24, 3 24 0, S_0x5622f99901a0;
 .timescale 0 0;
S_0x5622f9990610 .scope module, "fa" "full_adder_1bit" 3 33, 3 1 0, S_0x5622f9990430;
 .timescale 0 0;
    .port_info 0 /INPUT 1 "a";
    .port_info 1 /INPUT 1 "b";
    .port_info 2 /INPUT 1 "cin";
    .port_info 3 /OUTPUT 1 "sum";
    .port_info 4 /OUTPUT 1 "cout";
L_0x7f65c04ad2e8 .functor BUFT 1, C4<0>, C4<0>, C4<0>, C4<0>;
v0x5622f9990810_0 .net *"_ivl_10", 0 0, L_0x7f65c04ad2e8;  1 drivers
v0x5622f9990910_0 .net *"_ivl_11", 1 0, L_0x5622f99a2af0;  1 drivers
v0x5622f99909f0_0 .net *"_ivl_13", 1 0, L_0x5622f99a2c30;  1 drivers
L_0x7f65c04ad330 .functor BUFT 1, C4<0>, C4<0>, C4<0>, C4<0>;
v0x5622f9990ab0_0 .net *"_ivl_16", 0 0, L_0x7f65c04ad330;  1 drivers
v0x5622f9990b90_0 .net *"_ivl_17", 1 0, L_0x5622f99a2d60;  1 drivers
v0x5622f9990cc0_0 .net *"_ivl_3", 1 0, L_0x5622f99a2910;  1 drivers
L_0x7f65c04ad2a0 .functor BUFT 1, C4<0>, C4<0>, C4<0>, C4<0>;
v0x5622f9990da0_0 .net *"_ivl_6", 0 0, L_0x7f65c04ad2a0;  1 drivers
v0x5622f9990e80_0 .net *"_ivl_7", 1 0, L_0x5622f99a2a00;  1 drivers
v0x5622f9990f60_0 .net "a", 0 0, L_0x5622f99a2ea0;  1 drivers
v0x5622f99910b0_0 .net "b", 0 0, L_0x5622f99a2f90;  1 drivers
v0x5622f9991170_0 .net "cin", 0 0, L_0x5622f99a30e0;  1 drivers
v0x5622f9991230_0 .net "cout", 0 0, L_0x5622f99a2780;  1 drivers
v0x5622f99912f0_0 .net "sum", 0 0, L_0x5622f99a2820;  1 drivers
L_0x5622f99a2780 .part L_0x5622f99a2d60, 1, 1;
L_0x5622f99a2820 .part L_0x5622f99a2d60, 0, 1;
L_0x5622f99a2910 .concat [ 1 1 0 0], L_0x5622f99a2ea0, L_0x7f65c04ad2a0;
L_0x5622f99a2a00 .concat [ 1 1 0 0], L_0x5622f99a2f90, L_0x7f65c04ad2e8;
L_0x5622f99a2af0 .arith/sum 2, L_0x5622f99a2910, L_0x5622f99a2a00;
L_0x5622f99a2c30 .concat [ 1 1 0 0], L_0x5622f99a30e0, L_0x7f65c04ad330;
L_0x5622f99a2d60 .arith/sum 2, L_0x5622f99a2af0, L_0x5622f99a2c30;
S_0x5622f9991450 .scope generate, "adder[4]" "adder[4]" 3 23, 3 23 0, S_0x5622f995af30;
 .timescale 0 0;
P_0x5622f9991650 .param/l "i" 1 3 23, +C4<0100>;
S_0x5622f9991730 .scope generate, "genblk1" "genblk1" 3 24, 3 24 0, S_0x5622f9991450;
 .timescale 0 0;
S_0x5622f9991910 .scope module, "fa" "full_adder_1bit" 3 33, 3 1 0, S_0x5622f9991730;
 .timescale 0 0;
    .port_info 0 /INPUT 1 "a";
    .port_info 1 /INPUT 1 "b";
    .port_info 2 /INPUT 1 "cin";
    .port_info 3 /OUTPUT 1 "sum";
    .port_info 4 /OUTPUT 1 "cout";
L_0x7f65c04ad3c0 .functor BUFT 1, C4<0>, C4<0>, C4<0>, C4<0>;
v0x5622f9991b10_0 .net *"_ivl_10", 0 0, L_0x7f65c04ad3c0;  1 drivers
v0x5622f9991c10_0 .net *"_ivl_11", 1 0, L_0x5622f99a3520;  1 drivers
v0x5622f9991cf0_0 .net *"_ivl_13", 1 0, L_0x5622f99a3660;  1 drivers
L_0x7f65c04ad408 .functor BUFT 1, C4<0>, C4<0>, C4<0>, C4<0>;
v0x5622f9991db0_0 .net *"_ivl_16", 0 0, L_0x7f65c04ad408;  1 drivers
v0x5622f9991e90_0 .net *"_ivl_17", 1 0, L_0x5622f99a37c0;  1 drivers
v0x5622f9991fc0_0 .net *"_ivl_3", 1 0, L_0x5622f99a3310;  1 drivers
L_0x7f65c04ad378 .functor BUFT 1, C4<0>, C4<0>, C4<0>, C4<0>;
v0x5622f99920a0_0 .net *"_ivl_6", 0 0, L_0x7f65c04ad378;  1 drivers
v0x5622f9992180_0 .net *"_ivl_7", 1 0, L_0x5622f99a3400;  1 drivers
v0x5622f9992260_0 .net "a", 0 0, L_0x5622f99a3900;  1 drivers
v0x5622f99923b0_0 .net "b", 0 0, L_0x5622f99a3a60;  1 drivers
v0x5622f9992470_0 .net "cin", 0 0, L_0x5622f99a3b50;  1 drivers
v0x5622f9992530_0 .net "cout", 0 0, L_0x5622f99a3180;  1 drivers
v0x5622f99925f0_0 .net "sum", 0 0, L_0x5622f99a3220;  1 drivers
L_0x5622f99a3180 .part L_0x5622f99a37c0, 1, 1;
L_0x5622f99a3220 .part L_0x5622f99a37c0, 0, 1;
L_0x5622f99a3310 .concat [ 1 1 0 0], L_0x5622f99a3900, L_0x7f65c04ad378;
L_0x5622f99a3400 .concat [ 1 1 0 0], L_0x5622f99a3a60, L_0x7f65c04ad3c0;
L_0x5622f99a3520 .arith/sum 2, L_0x5622f99a3310, L_0x5622f99a3400;
L_0x5622f99a3660 .concat [ 1 1 0 0], L_0x5622f99a3b50, L_0x7f65c04ad408;
L_0x5622f99a37c0 .arith/sum 2, L_0x5622f99a3520, L_0x5622f99a3660;
S_0x5622f9992750 .scope generate, "adder[5]" "adder[5]" 3 23, 3 23 0, S_0x5622f995af30;
 .timescale 0 0;
P_0x5622f9992900 .param/l "i" 1 3 23, +C4<0101>;
S_0x5622f99929e0 .scope generate, "genblk1" "genblk1" 3 24, 3 24 0, S_0x5622f9992750;
 .timescale 0 0;
S_0x5622f9992bc0 .scope module, "fa" "full_adder_1bit" 3 33, 3 1 0, S_0x5622f99929e0;
 .timescale 0 0;
    .port_info 0 /INPUT 1 "a";
    .port_info 1 /INPUT 1 "b";
    .port_info 2 /INPUT 1 "cin";
    .port_info 3 /OUTPUT 1 "sum";
    .port_info 4 /OUTPUT 1 "cout";
L_0x7f65c04ad498 .functor BUFT 1, C4<0>, C4<0>, C4<0>, C4<0>;
v0x5622f9992dc0_0 .net *"_ivl_10", 0 0, L_0x7f65c04ad498;  1 drivers
v0x5622f9992ec0_0 .net *"_ivl_11", 1 0, L_0x5622f99a40a0;  1 drivers
v0x5622f9992fa0_0 .net *"_ivl_13", 1 0, L_0x5622f99a41e0;  1 drivers
L_0x7f65c04ad4e0 .functor BUFT 1, C4<0>, C4<0>, C4<0>, C4<0>;
v0x5622f9993090_0 .net *"_ivl_16", 0 0, L_0x7f65c04ad4e0;  1 drivers
v0x5622f9993170_0 .net *"_ivl_17", 1 0, L_0x5622f99a4340;  1 drivers
v0x5622f99932a0_0 .net *"_ivl_3", 1 0, L_0x5622f99a3e90;  1 drivers
L_0x7f65c04ad450 .functor BUFT 1, C4<0>, C4<0>, C4<0>, C4<0>;
v0x5622f9993380_0 .net *"_ivl_6", 0 0, L_0x7f65c04ad450;  1 drivers
v0x5622f9993460_0 .net *"_ivl_7", 1 0, L_0x5622f99a3f80;  1 drivers
v0x5622f9993540_0 .net "a", 0 0, L_0x5622f99a4480;  1 drivers
v0x5622f9993690_0 .net "b", 0 0, L_0x5622f99a4570;  1 drivers
v0x5622f9993750_0 .net "cin", 0 0, L_0x5622f99a46f0;  1 drivers
v0x5622f9993810_0 .net "cout", 0 0, L_0x5622f99a3d50;  1 drivers
v0x5622f99938d0_0 .net "sum", 0 0, L_0x5622f99a3df0;  1 drivers
L_0x5622f99a3d50 .part L_0x5622f99a4340, 1, 1;
L_0x5622f99a3df0 .part L_0x5622f99a4340, 0, 1;
L_0x5622f99a3e90 .concat [ 1 1 0 0], L_0x5622f99a4480, L_0x7f65c04ad450;
L_0x5622f99a3f80 .concat [ 1 1 0 0], L_0x5622f99a4570, L_0x7f65c04ad498;
L_0x5622f99a40a0 .arith/sum 2, L_0x5622f99a3e90, L_0x5622f99a3f80;
L_0x5622f99a41e0 .concat [ 1 1 0 0], L_0x5622f99a46f0, L_0x7f65c04ad4e0;
L_0x5622f99a4340 .arith/sum 2, L_0x5622f99a40a0, L_0x5622f99a41e0;
S_0x5622f9993a30 .scope generate, "adder[6]" "adder[6]" 3 23, 3 23 0, S_0x5622f995af30;
 .timescale 0 0;
P_0x5622f9993be0 .param/l "i" 1 3 23, +C4<0110>;
S_0x5622f9993cc0 .scope generate, "genblk1" "genblk1" 3 24, 3 24 0, S_0x5622f9993a30;
 .timescale 0 0;
S_0x5622f9993ea0 .scope module, "fa" "full_adder_1bit" 3 33, 3 1 0, S_0x5622f9993cc0;
 .timescale 0 0;
    .port_info 0 /INPUT 1 "a";
    .port_info 1 /INPUT 1 "b";
    .port_info 2 /INPUT 1 "cin";
    .port_info 3 /OUTPUT 1 "sum";
    .port_info 4 /OUTPUT 1 "cout";
L_0x7f65c04ad570 .functor BUFT 1, C4<0>, C4<0>, C4<0>, C4<0>;
v0x5622f99940a0_0 .net *"_ivl_10", 0 0, L_0x7f65c04ad570;  1 drivers
v0x5622f99941a0_0 .net *"_ivl_11", 1 0, L_0x5622f99a4b80;  1 drivers
v0x5622f9994280_0 .net *"_ivl_13", 1 0, L_0x5622f99a4cc0;  1 drivers
L_0x7f65c04ad5b8 .functor BUFT 1, C4<0>, C4<0>, C4<0>, C4<0>;
v0x5622f9994370_0 .net *"_ivl_16", 0 0, L_0x7f65c04ad5b8;  1 drivers
v0x5622f9994450_0 .net *"_ivl_17", 1 0, L_0x5622f99a4e20;  1 drivers
v0x5622f9994580_0 .net *"_ivl_3", 1 0, L_0x5622f99a4970;  1 drivers
L_0x7f65c04ad528 .functor BUFT 1, C4<0>, C4<0>, C4<0>, C4<0>;
v0x5622f9994660_0 .net *"_ivl_6", 0 0, L_0x7f65c04ad528;  1 drivers
v0x5622f9994740_0 .net *"_ivl_7", 1 0, L_0x5622f99a4a60;  1 drivers
v0x5622f9994820_0 .net "a", 0 0, L_0x5622f99a4f60;  1 drivers
v0x5622f9994970_0 .net "b", 0 0, L_0x5622f99a50f0;  1 drivers
v0x5622f9994a30_0 .net "cin", 0 0, L_0x5622f99a52f0;  1 drivers
v0x5622f9994af0_0 .net "cout", 0 0, L_0x5622f99a47e0;  1 drivers
v0x5622f9994bb0_0 .net "sum", 0 0, L_0x5622f99a4880;  1 drivers
L_0x5622f99a47e0 .part L_0x5622f99a4e20, 1, 1;
L_0x5622f99a4880 .part L_0x5622f99a4e20, 0, 1;
L_0x5622f99a4970 .concat [ 1 1 0 0], L_0x5622f99a4f60, L_0x7f65c04ad528;
L_0x5622f99a4a60 .concat [ 1 1 0 0], L_0x5622f99a50f0, L_0x7f65c04ad570;
L_0x5622f99a4b80 .arith/sum 2, L_0x5622f99a4970, L_0x5622f99a4a60;
L_0x5622f99a4cc0 .concat [ 1 1 0 0], L_0x5622f99a52f0, L_0x7f65c04ad5b8;
L_0x5622f99a4e20 .arith/sum 2, L_0x5622f99a4b80, L_0x5622f99a4cc0;
S_0x5622f9994d10 .scope generate, "adder[7]" "adder[7]" 3 23, 3 23 0, S_0x5622f995af30;
 .timescale 0 0;
P_0x5622f9994ec0 .param/l "i" 1 3 23, +C4<0111>;
S_0x5622f9994fa0 .scope generate, "genblk1" "genblk1" 3 24, 3 24 0, S_0x5622f9994d10;
 .timescale 0 0;
S_0x5622f9995180 .scope module, "fa" "full_adder_1bit" 3 33, 3 1 0, S_0x5622f9994fa0;
 .timescale 0 0;
    .port_info 0 /INPUT 1 "a";
    .port_info 1 /INPUT 1 "b";
    .port_info 2 /INPUT 1 "cin";
    .port_info 3 /OUTPUT 1 "sum";
    .port_info 4 /OUTPUT 1 "cout";
L_0x7f65c04ad648 .functor BUFT 1, C4<0>, C4<0>, C4<0>, C4<0>;
v0x5622f9995400_0 .net *"_ivl_10", 0 0, L_0x7f65c04ad648;  1 drivers
v0x5622f9995500_0 .net *"_ivl_11", 1 0, L_0x5622f99a5790;  1 drivers
v0x5622f99955e0_0 .net *"_ivl_13", 1 0, L_0x5622f99a58d0;  1 drivers
L_0x7f65c04ad690 .functor BUFT 1, C4<0>, C4<0>, C4<0>, C4<0>;
v0x5622f99956d0_0 .net *"_ivl_16", 0 0, L_0x7f65c04ad690;  1 drivers
v0x5622f99957b0_0 .net *"_ivl_17", 1 0, L_0x5622f99a5a30;  1 drivers
v0x5622f99958e0_0 .net *"_ivl_3", 1 0, L_0x5622f99a5580;  1 drivers
L_0x7f65c04ad600 .functor BUFT 1, C4<0>, C4<0>, C4<0>, C4<0>;
v0x5622f99959c0_0 .net *"_ivl_6", 0 0, L_0x7f65c04ad600;  1 drivers
v0x5622f9995aa0_0 .net *"_ivl_7", 1 0, L_0x5622f99a5670;  1 drivers
v0x5622f9995b80_0 .net "a", 0 0, L_0x5622f99a5b70;  1 drivers
v0x5622f9995cd0_0 .net "b", 0 0, L_0x5622f99a5c60;  1 drivers
v0x5622f9995d90_0 .net "cin", 0 0, L_0x5622f99a5e10;  1 drivers
v0x5622f9995e50_0 .net "cout", 0 0, L_0x5622f99a5050;  1 drivers
v0x5622f9995f10_0 .net "sum", 0 0, L_0x5622f99a5490;  1 drivers
L_0x5622f99a5050 .part L_0x5622f99a5a30, 1, 1;
L_0x5622f99a5490 .part L_0x5622f99a5a30, 0, 1;
L_0x5622f99a5580 .concat [ 1 1 0 0], L_0x5622f99a5b70, L_0x7f65c04ad600;
L_0x5622f99a5670 .concat [ 1 1 0 0], L_0x5622f99a5c60, L_0x7f65c04ad648;
L_0x5622f99a5790 .arith/sum 2, L_0x5622f99a5580, L_0x5622f99a5670;
L_0x5622f99a58d0 .concat [ 1 1 0 0], L_0x5622f99a5e10, L_0x7f65c04ad690;
L_0x5622f99a5a30 .arith/sum 2, L_0x5622f99a5790, L_0x5622f99a58d0;
S_0x5622f9996070 .scope generate, "adder[8]" "adder[8]" 3 23, 3 23 0, S_0x5622f995af30;
 .timescale 0 0;
P_0x5622f9991600 .param/l "i" 1 3 23, +C4<01000>;
S_0x5622f9996340 .scope generate, "genblk1" "genblk1" 3 24, 3 24 0, S_0x5622f9996070;
 .timescale 0 0;
S_0x5622f9996520 .scope module, "fa" "full_adder_1bit" 3 33, 3 1 0, S_0x5622f9996340;
 .timescale 0 0;
    .port_info 0 /INPUT 1 "a";
    .port_info 1 /INPUT 1 "b";
    .port_info 2 /INPUT 1 "cin";
    .port_info 3 /OUTPUT 1 "sum";
    .port_info 4 /OUTPUT 1 "cout";
L_0x7f65c04ad720 .functor BUFT 1, C4<0>, C4<0>, C4<0>, C4<0>;
v0x5622f99967a0_0 .net *"_ivl_10", 0 0, L_0x7f65c04ad720;  1 drivers
v0x5622f99968a0_0 .net *"_ivl_11", 1 0, L_0x5622f99a62a0;  1 drivers
v0x5622f9996980_0 .net *"_ivl_13", 1 0, L_0x5622f99a63e0;  1 drivers
L_0x7f65c04ad768 .functor BUFT 1, C4<0>, C4<0>, C4<0>, C4<0>;
v0x5622f9996a70_0 .net *"_ivl_16", 0 0, L_0x7f65c04ad768;  1 drivers
v0x5622f9996b50_0 .net *"_ivl_17", 1 0, L_0x5622f99a6540;  1 drivers
v0x5622f9996c80_0 .net *"_ivl_3", 1 0, L_0x5622f99a6090;  1 drivers
L_0x7f65c04ad6d8 .functor BUFT 1, C4<0>, C4<0>, C4<0>, C4<0>;
v0x5622f9996d60_0 .net *"_ivl_6", 0 0, L_0x7f65c04ad6d8;  1 drivers
v0x5622f9996e40_0 .net *"_ivl_7", 1 0, L_0x5622f99a6180;  1 drivers
v0x5622f9996f20_0 .net "a", 0 0, L_0x5622f99a6680;  1 drivers
v0x5622f9997070_0 .net "b", 0 0, L_0x5622f99a6840;  1 drivers
v0x5622f9997130_0 .net "cin", 0 0, L_0x5622f99a6930;  1 drivers
v0x5622f99971f0_0 .net "cout", 0 0, L_0x5622f99a5f00;  1 drivers
v0x5622f99972b0_0 .net "sum", 0 0, L_0x5622f99a5fa0;  1 drivers
L_0x5622f99a5f00 .part L_0x5622f99a6540, 1, 1;
L_0x5622f99a5fa0 .part L_0x5622f99a6540, 0, 1;
L_0x5622f99a6090 .concat [ 1 1 0 0], L_0x5622f99a6680, L_0x7f65c04ad6d8;
L_0x5622f99a6180 .concat [ 1 1 0 0], L_0x5622f99a6840, L_0x7f65c04ad720;
L_0x5622f99a62a0 .arith/sum 2, L_0x5622f99a6090, L_0x5622f99a6180;
L_0x5622f99a63e0 .concat [ 1 1 0 0], L_0x5622f99a6930, L_0x7f65c04ad768;
L_0x5622f99a6540 .arith/sum 2, L_0x5622f99a62a0, L_0x5622f99a63e0;
S_0x5622f9997410 .scope generate, "adder[9]" "adder[9]" 3 23, 3 23 0, S_0x5622f995af30;
 .timescale 0 0;
P_0x5622f99975c0 .param/l "i" 1 3 23, +C4<01001>;
S_0x5622f99976a0 .scope generate, "genblk1" "genblk1" 3 24, 3 24 0, S_0x5622f9997410;
 .timescale 0 0;
S_0x5622f9997880 .scope module, "fa" "full_adder_1bit" 3 33, 3 1 0, S_0x5622f99976a0;
 .timescale 0 0;
    .port_info 0 /INPUT 1 "a";
    .port_info 1 /INPUT 1 "b";
    .port_info 2 /INPUT 1 "cin";
    .port_info 3 /OUTPUT 1 "sum";
    .port_info 4 /OUTPUT 1 "cout";
L_0x7f65c04ad7f8 .functor BUFT 1, C4<0>, C4<0>, C4<0>, C4<0>;
v0x5622f9997b00_0 .net *"_ivl_10", 0 0, L_0x7f65c04ad7f8;  1 drivers
v0x5622f9997c00_0 .net *"_ivl_11", 1 0, L_0x5622f99a6fb0;  1 drivers
v0x5622f9997ce0_0 .net *"_ivl_13", 1 0, L_0x5622f99a70f0;  1 drivers
L_0x7f65c04ad840 .functor BUFT 1, C4<0>, C4<0>, C4<0>, C4<0>;
v0x5622f9997dd0_0 .net *"_ivl_16", 0 0, L_0x7f65c04ad840;  1 drivers
v0x5622f9997eb0_0 .net *"_ivl_17", 1 0, L_0x5622f99a7250;  1 drivers
v0x5622f9997fe0_0 .net *"_ivl_3", 1 0, L_0x5622f99a6da0;  1 drivers
L_0x7f65c04ad7b0 .functor BUFT 1, C4<0>, C4<0>, C4<0>, C4<0>;
v0x5622f99980c0_0 .net *"_ivl_6", 0 0, L_0x7f65c04ad7b0;  1 drivers
v0x5622f99981a0_0 .net *"_ivl_7", 1 0, L_0x5622f99a6e90;  1 drivers
v0x5622f9998280_0 .net "a", 0 0, L_0x5622f99a7390;  1 drivers
v0x5622f99983d0_0 .net "b", 0 0, L_0x5622f99a7480;  1 drivers
v0x5622f9998490_0 .net "cin", 0 0, L_0x5622f99a7660;  1 drivers
v0x5622f9998550_0 .net "cout", 0 0, L_0x5622f99a6c10;  1 drivers
v0x5622f9998610_0 .net "sum", 0 0, L_0x5622f99a6cb0;  1 drivers
L_0x5622f99a6c10 .part L_0x5622f99a7250, 1, 1;
L_0x5622f99a6cb0 .part L_0x5622f99a7250, 0, 1;
L_0x5622f99a6da0 .concat [ 1 1 0 0], L_0x5622f99a7390, L_0x7f65c04ad7b0;
L_0x5622f99a6e90 .concat [ 1 1 0 0], L_0x5622f99a7480, L_0x7f65c04ad7f8;
L_0x5622f99a6fb0 .arith/sum 2, L_0x5622f99a6da0, L_0x5622f99a6e90;
L_0x5622f99a70f0 .concat [ 1 1 0 0], L_0x5622f99a7660, L_0x7f65c04ad840;
L_0x5622f99a7250 .arith/sum 2, L_0x5622f99a6fb0, L_0x5622f99a70f0;
S_0x5622f9998770 .scope generate, "adder[10]" "adder[10]" 3 23, 3 23 0, S_0x5622f995af30;
 .timescale 0 0;
P_0x5622f9998920 .param/l "i" 1 3 23, +C4<01010>;
S_0x5622f9998a00 .scope generate, "genblk1" "genblk1" 3 24, 3 24 0, S_0x5622f9998770;
 .timescale 0 0;
S_0x5622f9998be0 .scope module, "fa" "full_adder_1bit" 3 33, 3 1 0, S_0x5622f9998a00;
 .timescale 0 0;
    .port_info 0 /INPUT 1 "a";
    .port_info 1 /INPUT 1 "b";
    .port_info 2 /INPUT 1 "cin";
    .port_info 3 /OUTPUT 1 "sum";
    .port_info 4 /OUTPUT 1 "cout";
L_0x7f65c04ad8d0 .functor BUFT 1, C4<0>, C4<0>, C4<0>, C4<0>;
v0x5622f9998e60_0 .net *"_ivl_10", 0 0, L_0x7f65c04ad8d0;  1 drivers
v0x5622f9998f60_0 .net *"_ivl_11", 1 0, L_0x5622f99a7af0;  1 drivers
v0x5622f9999040_0 .net *"_ivl_13", 1 0, L_0x5622f99a7c30;  1 drivers
L_0x7f65c04ad918 .functor BUFT 1, C4<0>, C4<0>, C4<0>, C4<0>;
v0x5622f9999130_0 .net *"_ivl_16", 0 0, L_0x7f65c04ad918;  1 drivers
v0x5622f9999210_0 .net *"_ivl_17", 1 0, L_0x5622f99a7fa0;  1 drivers
v0x5622f9999340_0 .net *"_ivl_3", 1 0, L_0x5622f99a78e0;  1 drivers
L_0x7f65c04ad888 .functor BUFT 1, C4<0>, C4<0>, C4<0>, C4<0>;
v0x5622f9999420_0 .net *"_ivl_6", 0 0, L_0x7f65c04ad888;  1 drivers
v0x5622f9999500_0 .net *"_ivl_7", 1 0, L_0x5622f99a79d0;  1 drivers
v0x5622f99995e0_0 .net "a", 0 0, L_0x5622f99a80e0;  1 drivers
v0x5622f9999730_0 .net "b", 0 0, L_0x5622f99a82d0;  1 drivers
v0x5622f99997f0_0 .net "cin", 0 0, L_0x5622f99a83c0;  1 drivers
v0x5622f99998b0_0 .net "cout", 0 0, L_0x5622f99a7750;  1 drivers
v0x5622f9999970_0 .net "sum", 0 0, L_0x5622f99a77f0;  1 drivers
L_0x5622f99a7750 .part L_0x5622f99a7fa0, 1, 1;
L_0x5622f99a77f0 .part L_0x5622f99a7fa0, 0, 1;
L_0x5622f99a78e0 .concat [ 1 1 0 0], L_0x5622f99a80e0, L_0x7f65c04ad888;
L_0x5622f99a79d0 .concat [ 1 1 0 0], L_0x5622f99a82d0, L_0x7f65c04ad8d0;
L_0x5622f99a7af0 .arith/sum 2, L_0x5622f99a78e0, L_0x5622f99a79d0;
L_0x5622f99a7c30 .concat [ 1 1 0 0], L_0x5622f99a83c0, L_0x7f65c04ad918;
L_0x5622f99a7fa0 .arith/sum 2, L_0x5622f99a7af0, L_0x5622f99a7c30;
S_0x5622f9999ad0 .scope generate, "adder[11]" "adder[11]" 3 23, 3 23 0, S_0x5622f995af30;
 .timescale 0 0;
P_0x5622f9999c80 .param/l "i" 1 3 23, +C4<01011>;
S_0x5622f9999d60 .scope generate, "genblk1" "genblk1" 3 24, 3 24 0, S_0x5622f9999ad0;
 .timescale 0 0;
S_0x5622f9999f40 .scope module, "fa" "full_adder_1bit" 3 33, 3 1 0, S_0x5622f9999d60;
 .timescale 0 0;
    .port_info 0 /INPUT 1 "a";
    .port_info 1 /INPUT 1 "b";
    .port_info 2 /INPUT 1 "cin";
    .port_info 3 /OUTPUT 1 "sum";
    .port_info 4 /OUTPUT 1 "cout";
L_0x7f65c04ad9a8 .functor BUFT 1, C4<0>, C4<0>, C4<0>, C4<0>;
v0x5622f999a1c0_0 .net *"_ivl_10", 0 0, L_0x7f65c04ad9a8;  1 drivers
v0x5622f999a2c0_0 .net *"_ivl_11", 1 0, L_0x5622f99a8960;  1 drivers
v0x5622f999a3a0_0 .net *"_ivl_13", 1 0, L_0x5622f99a8aa0;  1 drivers
L_0x7f65c04ad9f0 .functor BUFT 1, C4<0>, C4<0>, C4<0>, C4<0>;
v0x5622f999a490_0 .net *"_ivl_16", 0 0, L_0x7f65c04ad9f0;  1 drivers
v0x5622f999a570_0 .net *"_ivl_17", 1 0, L_0x5622f99a8c00;  1 drivers
v0x5622f999a6a0_0 .net *"_ivl_3", 1 0, L_0x5622f99a8750;  1 drivers
L_0x7f65c04ad960 .functor BUFT 1, C4<0>, C4<0>, C4<0>, C4<0>;
v0x5622f999a780_0 .net *"_ivl_6", 0 0, L_0x7f65c04ad960;  1 drivers
v0x5622f999a860_0 .net *"_ivl_7", 1 0, L_0x5622f99a8840;  1 drivers
v0x5622f999a940_0 .net "a", 0 0, L_0x5622f99a8d40;  1 drivers
v0x5622f999aa90_0 .net "b", 0 0, L_0x5622f99a8e30;  1 drivers
v0x5622f999ab50_0 .net "cin", 0 0, L_0x5622f99a9040;  1 drivers
v0x5622f999ac10_0 .net "cout", 0 0, L_0x5622f99a85c0;  1 drivers
v0x5622f999acd0_0 .net "sum", 0 0, L_0x5622f99a8660;  1 drivers
L_0x5622f99a85c0 .part L_0x5622f99a8c00, 1, 1;
L_0x5622f99a8660 .part L_0x5622f99a8c00, 0, 1;
L_0x5622f99a8750 .concat [ 1 1 0 0], L_0x5622f99a8d40, L_0x7f65c04ad960;
L_0x5622f99a8840 .concat [ 1 1 0 0], L_0x5622f99a8e30, L_0x7f65c04ad9a8;
L_0x5622f99a8960 .arith/sum 2, L_0x5622f99a8750, L_0x5622f99a8840;
L_0x5622f99a8aa0 .concat [ 1 1 0 0], L_0x5622f99a9040, L_0x7f65c04ad9f0;
L_0x5622f99a8c00 .arith/sum 2, L_0x5622f99a8960, L_0x5622f99a8aa0;
S_0x5622f999ae30 .scope generate, "adder[12]" "adder[12]" 3 23, 3 23 0, S_0x5622f995af30;
 .timescale 0 0;
P_0x5622f999afe0 .param/l "i" 1 3 23, +C4<01100>;
S_0x5622f999b0c0 .scope generate, "genblk1" "genblk1" 3 24, 3 24 0, S_0x5622f999ae30;
 .timescale 0 0;
S_0x5622f999b2a0 .scope module, "fa" "full_adder_1bit" 3 33, 3 1 0, S_0x5622f999b0c0;
 .timescale 0 0;
    .port_info 0 /INPUT 1 "a";
    .port_info 1 /INPUT 1 "b";
    .port_info 2 /INPUT 1 "cin";
    .port_info 3 /OUTPUT 1 "sum";
    .port_info 4 /OUTPUT 1 "cout";
L_0x7f65c04ada80 .functor BUFT 1, C4<0>, C4<0>, C4<0>, C4<0>;
v0x5622f999b520_0 .net *"_ivl_10", 0 0, L_0x7f65c04ada80;  1 drivers
v0x5622f999b620_0 .net *"_ivl_11", 1 0, L_0x5622f99a94d0;  1 drivers
v0x5622f999b700_0 .net *"_ivl_13", 1 0, L_0x5622f99a9610;  1 drivers
L_0x7f65c04adac8 .functor BUFT 1, C4<0>, C4<0>, C4<0>, C4<0>;
v0x5622f999b7f0_0 .net *"_ivl_16", 0 0, L_0x7f65c04adac8;  1 drivers
v0x5622f999b8d0_0 .net *"_ivl_17", 1 0, L_0x5622f99a9770;  1 drivers
v0x5622f999ba00_0 .net *"_ivl_3", 1 0, L_0x5622f99a92c0;  1 drivers
L_0x7f65c04ada38 .functor BUFT 1, C4<0>, C4<0>, C4<0>, C4<0>;
v0x5622f999bae0_0 .net *"_ivl_6", 0 0, L_0x7f65c04ada38;  1 drivers
v0x5622f999bbc0_0 .net *"_ivl_7", 1 0, L_0x5622f99a93b0;  1 drivers
v0x5622f999bca0_0 .net "a", 0 0, L_0x5622f99a98b0;  1 drivers
v0x5622f999bdf0_0 .net "b", 0 0, L_0x5622f99a8f20;  1 drivers
v0x5622f999beb0_0 .net "cin", 0 0, L_0x5622f99a9ad0;  1 drivers
v0x5622f999bf70_0 .net "cout", 0 0, L_0x5622f99a9130;  1 drivers
v0x5622f999c030_0 .net "sum", 0 0, L_0x5622f99a91d0;  1 drivers
L_0x5622f99a9130 .part L_0x5622f99a9770, 1, 1;
L_0x5622f99a91d0 .part L_0x5622f99a9770, 0, 1;
L_0x5622f99a92c0 .concat [ 1 1 0 0], L_0x5622f99a98b0, L_0x7f65c04ada38;
L_0x5622f99a93b0 .concat [ 1 1 0 0], L_0x5622f99a8f20, L_0x7f65c04ada80;
L_0x5622f99a94d0 .arith/sum 2, L_0x5622f99a92c0, L_0x5622f99a93b0;
L_0x5622f99a9610 .concat [ 1 1 0 0], L_0x5622f99a9ad0, L_0x7f65c04adac8;
L_0x5622f99a9770 .arith/sum 2, L_0x5622f99a94d0, L_0x5622f99a9610;
S_0x5622f999c190 .scope generate, "adder[13]" "adder[13]" 3 23, 3 23 0, S_0x5622f995af30;
 .timescale 0 0;
P_0x5622f999c340 .param/l "i" 1 3 23, +C4<01101>;
S_0x5622f999c420 .scope generate, "genblk1" "genblk1" 3 24, 3 24 0, S_0x5622f999c190;
 .timescale 0 0;
S_0x5622f999c600 .scope module, "fa" "full_adder_1bit" 3 33, 3 1 0, S_0x5622f999c420;
 .timescale 0 0;
    .port_info 0 /INPUT 1 "a";
    .port_info 1 /INPUT 1 "b";
    .port_info 2 /INPUT 1 "cin";
    .port_info 3 /OUTPUT 1 "sum";
    .port_info 4 /OUTPUT 1 "cout";
L_0x7f65c04adb58 .functor BUFT 1, C4<0>, C4<0>, C4<0>, C4<0>;
v0x5622f999c880_0 .net *"_ivl_10", 0 0, L_0x7f65c04adb58;  1 drivers
v0x5622f999c980_0 .net *"_ivl_11", 1 0, L_0x5622f99aa070;  1 drivers
v0x5622f999ca60_0 .net *"_ivl_13", 1 0, L_0x5622f99aa1b0;  1 drivers
L_0x7f65c04adba0 .functor BUFT 1, C4<0>, C4<0>, C4<0>, C4<0>;
v0x5622f999cb50_0 .net *"_ivl_16", 0 0, L_0x7f65c04adba0;  1 drivers
v0x5622f999cc30_0 .net *"_ivl_17", 1 0, L_0x5622f99aa310;  1 drivers
v0x5622f999cd60_0 .net *"_ivl_3", 1 0, L_0x5622f99a9e90;  1 drivers
L_0x7f65c04adb10 .functor BUFT 1, C4<0>, C4<0>, C4<0>, C4<0>;
v0x5622f999ce40_0 .net *"_ivl_6", 0 0, L_0x7f65c04adb10;  1 drivers
v0x5622f999cf20_0 .net *"_ivl_7", 1 0, L_0x5622f99a9f80;  1 drivers
v0x5622f999d000_0 .net "a", 0 0, L_0x5622f99aa450;  1 drivers
v0x5622f999d150_0 .net "b", 0 0, L_0x5622f99aa540;  1 drivers
v0x5622f999d210_0 .net "cin", 0 0, L_0x5622f99aa780;  1 drivers
v0x5622f999d2d0_0 .net "cout", 0 0, L_0x5622f99a9d00;  1 drivers
v0x5622f999d390_0 .net "sum", 0 0, L_0x5622f99a9da0;  1 drivers
L_0x5622f99a9d00 .part L_0x5622f99aa310, 1, 1;
L_0x5622f99a9da0 .part L_0x5622f99aa310, 0, 1;
L_0x5622f99a9e90 .concat [ 1 1 0 0], L_0x5622f99aa450, L_0x7f65c04adb10;
L_0x5622f99a9f80 .concat [ 1 1 0 0], L_0x5622f99aa540, L_0x7f65c04adb58;
L_0x5622f99aa070 .arith/sum 2, L_0x5622f99a9e90, L_0x5622f99a9f80;
L_0x5622f99aa1b0 .concat [ 1 1 0 0], L_0x5622f99aa780, L_0x7f65c04adba0;
L_0x5622f99aa310 .arith/sum 2, L_0x5622f99aa070, L_0x5622f99aa1b0;
S_0x5622f999d4f0 .scope generate, "adder[14]" "adder[14]" 3 23, 3 23 0, S_0x5622f995af30;
 .timescale 0 0;
P_0x5622f999d6a0 .param/l "i" 1 3 23, +C4<01110>;
S_0x5622f999d780 .scope generate, "genblk1" "genblk1" 3 24, 3 24 0, S_0x5622f999d4f0;
 .timescale 0 0;
S_0x5622f999d960 .scope module, "fa" "full_adder_1bit" 3 33, 3 1 0, S_0x5622f999d780;
 .timescale 0 0;
    .port_info 0 /INPUT 1 "a";
    .port_info 1 /INPUT 1 "b";
    .port_info 2 /INPUT 1 "cin";
    .port_info 3 /OUTPUT 1 "sum";
    .port_info 4 /OUTPUT 1 "cout";
L_0x7f65c04adc30 .functor BUFT 1, C4<0>, C4<0>, C4<0>, C4<0>;
v0x5622f999dbe0_0 .net *"_ivl_10", 0 0, L_0x7f65c04adc30;  1 drivers
v0x5622f999dce0_0 .net *"_ivl_11", 1 0, L_0x5622f99aac10;  1 drivers
v0x5622f999ddc0_0 .net *"_ivl_13", 1 0, L_0x5622f99aad50;  1 drivers
L_0x7f65c04adc78 .functor BUFT 1, C4<0>, C4<0>, C4<0>, C4<0>;
v0x5622f999deb0_0 .net *"_ivl_16", 0 0, L_0x7f65c04adc78;  1 drivers
v0x5622f999df90_0 .net *"_ivl_17", 1 0, L_0x5622f99aaeb0;  1 drivers
v0x5622f999e0c0_0 .net *"_ivl_3", 1 0, L_0x5622f99aaa00;  1 drivers
L_0x7f65c04adbe8 .functor BUFT 1, C4<0>, C4<0>, C4<0>, C4<0>;
v0x5622f999e1a0_0 .net *"_ivl_6", 0 0, L_0x7f65c04adbe8;  1 drivers
v0x5622f999e280_0 .net *"_ivl_7", 1 0, L_0x5622f99aaaf0;  1 drivers
v0x5622f999e360_0 .net "a", 0 0, L_0x5622f99aaff0;  1 drivers
v0x5622f999e4b0_0 .net "b", 0 0, L_0x5622f99ab450;  1 drivers
v0x5622f999e570_0 .net "cin", 0 0, L_0x5622f99ab750;  1 drivers
v0x5622f999e630_0 .net "cout", 0 0, L_0x5622f99aa870;  1 drivers
v0x5622f999e6f0_0 .net "sum", 0 0, L_0x5622f99aa910;  1 drivers
L_0x5622f99aa870 .part L_0x5622f99aaeb0, 1, 1;
L_0x5622f99aa910 .part L_0x5622f99aaeb0, 0, 1;
L_0x5622f99aaa00 .concat [ 1 1 0 0], L_0x5622f99aaff0, L_0x7f65c04adbe8;
L_0x5622f99aaaf0 .concat [ 1 1 0 0], L_0x5622f99ab450, L_0x7f65c04adc30;
L_0x5622f99aac10 .arith/sum 2, L_0x5622f99aaa00, L_0x5622f99aaaf0;
L_0x5622f99aad50 .concat [ 1 1 0 0], L_0x5622f99ab750, L_0x7f65c04adc78;
L_0x5622f99aaeb0 .arith/sum 2, L_0x5622f99aac10, L_0x5622f99aad50;
S_0x5622f999e850 .scope generate, "adder[15]" "adder[15]" 3 23, 3 23 0, S_0x5622f995af30;
 .timescale 0 0;
P_0x5622f999ea00 .param/l "i" 1 3 23, +C4<01111>;
S_0x5622f999eae0 .scope generate, "genblk1" "genblk1" 3 24, 3 24 0, S_0x5622f999e850;
 .timescale 0 0;
S_0x5622f999ecc0 .scope module, "fa" "full_adder_1bit" 3 33, 3 1 0, S_0x5622f999eae0;
 .timescale 0 0;
    .port_info 0 /INPUT 1 "a";
    .port_info 1 /INPUT 1 "b";
    .port_info 2 /INPUT 1 "cin";
    .port_info 3 /OUTPUT 1 "sum";
    .port_info 4 /OUTPUT 1 "cout";
L_0x7f65c04add08 .functor BUFT 1, C4<0>, C4<0>, C4<0>, C4<0>;
v0x5622f999ef40_0 .net *"_ivl_10", 0 0, L_0x7f65c04add08;  1 drivers
v0x5622f999f040_0 .net *"_ivl_11", 1 0, L_0x5622f99abd50;  1 drivers
v0x5622f999f120_0 .net *"_ivl_13", 1 0, L_0x5622f99abe90;  1 drivers
L_0x7f65c04add50 .functor BUFT 1, C4<0>, C4<0>, C4<0>, C4<0>;
v0x5622f999f210_0 .net *"_ivl_16", 0 0, L_0x7f65c04add50;  1 drivers
v0x5622f999f2f0_0 .net *"_ivl_17", 1 0, L_0x5622f99abff0;  1 drivers
v0x5622f999f420_0 .net *"_ivl_3", 1 0, L_0x5622f99abb40;  1 drivers
L_0x7f65c04adcc0 .functor BUFT 1, C4<0>, C4<0>, C4<0>, C4<0>;
v0x5622f999f500_0 .net *"_ivl_6", 0 0, L_0x7f65c04adcc0;  1 drivers
v0x5622f999f5e0_0 .net *"_ivl_7", 1 0, L_0x5622f99abc30;  1 drivers
v0x5622f999f6c0_0 .net "a", 0 0, L_0x5622f99ac130;  1 drivers
v0x5622f999f810_0 .net "b", 0 0, L_0x5622f99ac220;  1 drivers
v0x5622f999f8d0_0 .net "cin", 0 0, L_0x5622f99ac490;  1 drivers
v0x5622f999f990_0 .net "cout", 0 0, L_0x5622f99ab9b0;  1 drivers
v0x5622f999fa50_0 .net "sum", 0 0, L_0x5622f99aba50;  1 drivers
L_0x5622f99ab9b0 .part L_0x5622f99abff0, 1, 1;
L_0x5622f99aba50 .part L_0x5622f99abff0, 0, 1;
L_0x5622f99abb40 .concat [ 1 1 0 0], L_0x5622f99ac130, L_0x7f65c04adcc0;
L_0x5622f99abc30 .concat [ 1 1 0 0], L_0x5622f99ac220, L_0x7f65c04add08;
L_0x5622f99abd50 .arith/sum 2, L_0x5622f99abb40, L_0x5622f99abc30;
L_0x5622f99abe90 .concat [ 1 1 0 0], L_0x5622f99ac490, L_0x7f65c04add50;
L_0x5622f99abff0 .arith/sum 2, L_0x5622f99abd50, L_0x5622f99abe90;
    .scope S_0x5622f9974ea0;
T_0 ;
    %vpi_call 2 19 "$dumpfile", "waveform.vcd" {0 0 0};
    %vpi_call 2 20 "$dumpvars", 32'sb00000000000000000000000000000000, S_0x5622f9974ea0 {0 0 0};
    %pushi/vec4 1, 0, 16;
    %store/vec4 v0x5622f99a0140_0, 0, 16;
    %pushi/vec4 1, 0, 16;
    %store/vec4 v0x5622f99a0220_0, 0, 16;
    %pushi/vec4 0, 0, 1;
    %store/vec4 v0x5622f99a02f0_0, 0, 1;
    %delay 10000, 0;
    %pushi/vec4 65535, 0, 16;
    %store/vec4 v0x5622f99a0140_0, 0, 16;
    %pushi/vec4 1, 0, 16;
    %store/vec4 v0x5622f99a0220_0, 0, 16;
    %pushi/vec4 0, 0, 1;
    %store/vec4 v0x5622f99a02f0_0, 0, 1;
    %delay 10000, 0;
    %pushi/vec4 4660, 0, 16;
    %store/vec4 v0x5622f99a0140_0, 0, 16;
    %pushi/vec4 22136, 0, 16;
    %store/vec4 v0x5622f99a0220_0, 0, 16;
    %pushi/vec4 1, 0, 1;
    %store/vec4 v0x5622f99a02f0_0, 0, 1;
    %delay 10000, 0;
    %pushi/vec4 43690, 0, 16;
    %store/vec4 v0x5622f99a0140_0, 0, 16;
    %pushi/vec4 21845, 0, 16;
    %store/vec4 v0x5622f99a0220_0, 0, 16;
    %pushi/vec4 0, 0, 1;
    %store/vec4 v0x5622f99a02f0_0, 0, 1;
    %delay 10000, 0;
    %pushi/vec4 0, 0, 16;
    %store/vec4 v0x5622f99a0140_0, 0, 16;
    %pushi/vec4 65535, 0, 16;
    %store/vec4 v0x5622f99a0220_0, 0, 16;
    %pushi/vec4 1, 0, 1;
    %store/vec4 v0x5622f99a02f0_0, 0, 1;
    %delay 10000, 0;
    %pushi/vec4 43981, 0, 16;
    %store/vec4 v0x5622f99a0140_0, 0, 16;
    %pushi/vec4 4660, 0, 16;
    %store/vec4 v0x5622f99a0220_0, 0, 16;
    %pushi/vec4 1, 0, 1;
    %store/vec4 v0x5622f99a02f0_0, 0, 1;
    %delay 10000, 0;
    %vpi_call 2 41 "$finish" {0 0 0};
    %end;
    .thread T_0;
# The file index is used to find the file name in the following table.
:file_names 4;
    "N/A";
    "<interactive>";
    "16_adder-test.v";
    "16_adder.v";
