#! /usr/bin/vvp
:ivl_version "12.0 (stable)";
:ivl_delay_selection "TYPICAL";
:vpi_time_precision - 12;
:vpi_module "/usr/lib64/ivl/system.vpi";
:vpi_module "/usr/lib64/ivl/vhdl_sys.vpi";
:vpi_module "/usr/lib64/ivl/vhdl_textio.vpi";
:vpi_module "/usr/lib64/ivl/v2005_math.vpi";
:vpi_module "/usr/lib64/ivl/va_math.vpi";
S_0x56440ecdab10 .scope module, "FullAdder_tb" "FullAdder_tb" 2 3;
 .timescale -9 -12;
v0x56440ecf2d50_0 .var "a", 0 0;
v0x56440ecf2e10_0 .var "b", 0 0;
v0x56440ecf2ee0_0 .var "cin", 0 0;
v0x56440ecf2fe0_0 .net "cout", 0 0, L_0x56440ecf3690;  1 drivers
v0x56440ecf30b0_0 .net "sum", 0 0, L_0x56440ecf3290;  1 drivers
S_0x56440ecdaca0 .scope module, "uut" "FullAdder" 2 11, 3 3 0, S_0x56440ecdab10;
 .timescale 0 0;
    .port_info 0 /INPUT 1 "a";
    .port_info 1 /INPUT 1 "b";
    .port_info 2 /INPUT 1 "cin";
    .port_info 3 /OUTPUT 1 "sum";
    .port_info 4 /OUTPUT 1 "cout";
L_0x56440ecf3150 .functor XOR 1, v0x56440ecf2d50_0, v0x56440ecf2e10_0, C4<0>, C4<0>;
L_0x56440ecf3290 .functor XOR 1, L_0x56440ecf3150, v0x56440ecf2ee0_0, C4<0>, C4<0>;
L_0x56440ecf33f0 .functor AND 1, v0x56440ecf2d50_0, v0x56440ecf2e10_0, C4<1>, C4<1>;
L_0x56440ecf3460 .functor AND 1, v0x56440ecf2d50_0, v0x56440ecf2ee0_0, C4<1>, C4<1>;
L_0x56440ecf3500 .functor AND 1, v0x56440ecf2e10_0, v0x56440ecf2ee0_0, C4<1>, C4<1>;
L_0x56440ecf3690 .functor OR 1, L_0x56440ecf33f0, L_0x56440ecf3460, L_0x56440ecf3500, C4<0>;
v0x56440ecdb350_0 .net "a", 0 0, v0x56440ecf2d50_0;  1 drivers
v0x56440ecf2680_0 .net "b", 0 0, v0x56440ecf2e10_0;  1 drivers
v0x56440ecf2740_0 .net "cin", 0 0, v0x56440ecf2ee0_0;  1 drivers
v0x56440ecf27e0_0 .net "cout", 0 0, L_0x56440ecf3690;  alias, 1 drivers
v0x56440ecf28a0_0 .net "sum", 0 0, L_0x56440ecf3290;  alias, 1 drivers
v0x56440ecf29b0_0 .net "w1", 0 0, L_0x56440ecf3150;  1 drivers
v0x56440ecf2a70_0 .net "w2", 0 0, L_0x56440ecf33f0;  1 drivers
v0x56440ecf2b30_0 .net "w3", 0 0, L_0x56440ecf3460;  1 drivers
v0x56440ecf2bf0_0 .net "w4", 0 0, L_0x56440ecf3500;  1 drivers
    .scope S_0x56440ecdab10;
T_0 ;
    %vpi_call 2 21 "$dumpfile", "full_adder.vcd" {0 0 0};
    %vpi_call 2 22 "$dumpvars", 32'sb00000000000000000000000000000000, S_0x56440ecdab10 {0 0 0};
    %end;
    .thread T_0;
    .scope S_0x56440ecdab10;
T_1 ;
    %pushi/vec4 0, 0, 1;
    %store/vec4 v0x56440ecf2d50_0, 0, 1;
    %pushi/vec4 0, 0, 1;
    %store/vec4 v0x56440ecf2e10_0, 0, 1;
    %pushi/vec4 0, 0, 1;
    %store/vec4 v0x56440ecf2ee0_0, 0, 1;
    %delay 10000, 0;
    %pushi/vec4 0, 0, 1;
    %store/vec4 v0x56440ecf2d50_0, 0, 1;
    %pushi/vec4 0, 0, 1;
    %store/vec4 v0x56440ecf2e10_0, 0, 1;
    %pushi/vec4 1, 0, 1;
    %store/vec4 v0x56440ecf2ee0_0, 0, 1;
    %delay 10000, 0;
    %pushi/vec4 0, 0, 1;
    %store/vec4 v0x56440ecf2d50_0, 0, 1;
    %pushi/vec4 1, 0, 1;
    %store/vec4 v0x56440ecf2e10_0, 0, 1;
    %pushi/vec4 0, 0, 1;
    %store/vec4 v0x56440ecf2ee0_0, 0, 1;
    %delay 10000, 0;
    %pushi/vec4 0, 0, 1;
    %store/vec4 v0x56440ecf2d50_0, 0, 1;
    %pushi/vec4 1, 0, 1;
    %store/vec4 v0x56440ecf2e10_0, 0, 1;
    %pushi/vec4 1, 0, 1;
    %store/vec4 v0x56440ecf2ee0_0, 0, 1;
    %delay 10000, 0;
    %pushi/vec4 1, 0, 1;
    %store/vec4 v0x56440ecf2d50_0, 0, 1;
    %pushi/vec4 0, 0, 1;
    %store/vec4 v0x56440ecf2e10_0, 0, 1;
    %pushi/vec4 0, 0, 1;
    %store/vec4 v0x56440ecf2ee0_0, 0, 1;
    %delay 10000, 0;
    %pushi/vec4 1, 0, 1;
    %store/vec4 v0x56440ecf2d50_0, 0, 1;
    %pushi/vec4 0, 0, 1;
    %store/vec4 v0x56440ecf2e10_0, 0, 1;
    %pushi/vec4 1, 0, 1;
    %store/vec4 v0x56440ecf2ee0_0, 0, 1;
    %delay 10000, 0;
    %pushi/vec4 1, 0, 1;
    %store/vec4 v0x56440ecf2d50_0, 0, 1;
    %pushi/vec4 1, 0, 1;
    %store/vec4 v0x56440ecf2e10_0, 0, 1;
    %pushi/vec4 0, 0, 1;
    %store/vec4 v0x56440ecf2ee0_0, 0, 1;
    %delay 10000, 0;
    %pushi/vec4 1, 0, 1;
    %store/vec4 v0x56440ecf2d50_0, 0, 1;
    %pushi/vec4 1, 0, 1;
    %store/vec4 v0x56440ecf2e10_0, 0, 1;
    %pushi/vec4 1, 0, 1;
    %store/vec4 v0x56440ecf2ee0_0, 0, 1;
    %delay 10000, 0;
    %vpi_call 2 53 "$finish" {0 0 0};
    %end;
    .thread T_1;
    .scope S_0x56440ecdab10;
T_2 ;
    %vpi_call 2 58 "$monitor", "Time = %0t: a = %b, b = %b, cin = %b, sum = %b, cout = %b", $time, v0x56440ecf2d50_0, v0x56440ecf2e10_0, v0x56440ecf2ee0_0, v0x56440ecf30b0_0, v0x56440ecf2fe0_0 {0 0 0};
    %end;
    .thread T_2;
# The file index is used to find the file name in the following table.
:file_names 4;
    "N/A";
    "<interactive>";
    "full_adder-test.v";
    "full_adder.v";
