#! /usr/bin/vvp
:ivl_version "12.0 (stable)";
:ivl_delay_selection "TYPICAL";
:vpi_time_precision - 12;
:vpi_module "/usr/lib64/ivl/system.vpi";
:vpi_module "/usr/lib64/ivl/vhdl_sys.vpi";
:vpi_module "/usr/lib64/ivl/vhdl_textio.vpi";
:vpi_module "/usr/lib64/ivl/v2005_math.vpi";
:vpi_module "/usr/lib64/ivl/va_math.vpi";
S_0x5559ea512df0 .scope module, "tb_incrementor_16bit" "tb_incrementor_16bit" 2 3;
 .timescale -9 -12;
v0x5559ea539420_0 .var "a", 15 0;
v0x5559ea539510_0 .net "cout", 0 0, L_0x5559ea543a30;  1 drivers
v0x5559ea5395e0_0 .net "sum", 15 0, L_0x5559ea542b80;  1 drivers
S_0x5559ea511cb0 .scope module, "uut" "incrementor_16bit" 2 9, 3 12 0, S_0x5559ea512df0;
 .timescale 0 0;
    .port_info 0 /INPUT 16 "a";
    .port_info 1 /OUTPUT 16 "sum";
    .port_info 2 /OUTPUT 1 "cout";
v0x5559ea539040_0 .net "a", 15 0, v0x5559ea539420_0;  1 drivers
v0x5559ea539140_0 .net "carry", 15 0, L_0x5559ea543280;  1 drivers
v0x5559ea539220_0 .net "cout", 0 0, L_0x5559ea543a30;  alias, 1 drivers
v0x5559ea5392c0_0 .net "sum", 15 0, L_0x5559ea542b80;  alias, 1 drivers
L_0x5559ea539c10 .part v0x5559ea539420_0, 0, 1;
L_0x5559ea53a560 .part v0x5559ea539420_0, 1, 1;
L_0x5559ea53a650 .part L_0x5559ea543280, 0, 1;
L_0x5559ea53ade0 .part v0x5559ea539420_0, 2, 1;
L_0x5559ea53b020 .part L_0x5559ea543280, 1, 1;
L_0x5559ea53b730 .part v0x5559ea539420_0, 3, 1;
L_0x5559ea53b860 .part L_0x5559ea543280, 2, 1;
L_0x5559ea53bfc0 .part v0x5559ea539420_0, 4, 1;
L_0x5559ea53c100 .part L_0x5559ea543280, 3, 1;
L_0x5559ea53c8d0 .part v0x5559ea539420_0, 5, 1;
L_0x5559ea53ca20 .part L_0x5559ea543280, 4, 1;
L_0x5559ea53d160 .part v0x5559ea539420_0, 6, 1;
L_0x5559ea53d2c0 .part L_0x5559ea543280, 5, 1;
L_0x5559ea53da50 .part v0x5559ea539420_0, 7, 1;
L_0x5559ea53dbc0 .part L_0x5559ea543280, 6, 1;
L_0x5559ea53e350 .part v0x5559ea539420_0, 8, 1;
L_0x5559ea53e4d0 .part L_0x5559ea543280, 7, 1;
L_0x5559ea53ed70 .part v0x5559ea539420_0, 9, 1;
L_0x5559ea53ef00 .part L_0x5559ea543280, 8, 1;
L_0x5559ea53f690 .part v0x5559ea539420_0, 10, 1;
L_0x5559ea53ee60 .part L_0x5559ea543280, 9, 1;
L_0x5559ea540130 .part v0x5559ea539420_0, 11, 1;
L_0x5559ea5402e0 .part L_0x5559ea543280, 10, 1;
L_0x5559ea540a70 .part v0x5559ea539420_0, 12, 1;
L_0x5559ea540c30 .part L_0x5559ea543280, 11, 1;
L_0x5559ea5413c0 .part v0x5559ea539420_0, 13, 1;
L_0x5559ea541590 .part L_0x5559ea543280, 12, 1;
L_0x5559ea541d20 .part v0x5559ea539420_0, 14, 1;
L_0x5559ea542110 .part L_0x5559ea543280, 13, 1;
L_0x5559ea5428a0 .part v0x5559ea539420_0, 15, 1;
L_0x5559ea542a90 .part L_0x5559ea543280, 14, 1;
LS_0x5559ea542b80_0_0 .concat8 [ 1 1 1 1], L_0x5559ea5397e0, L_0x5559ea539e80, L_0x5559ea53a7e0, L_0x5559ea53b160;
LS_0x5559ea542b80_0_4 .concat8 [ 1 1 1 1], L_0x5559ea53b9f0, L_0x5559ea53c320, L_0x5559ea53cb60, L_0x5559ea53d450;
LS_0x5559ea542b80_0_8 .concat8 [ 1 1 1 1], L_0x5559ea53dd50, L_0x5559ea53e770, L_0x5559ea53f090, L_0x5559ea53fb30;
LS_0x5559ea542b80_0_12 .concat8 [ 1 1 1 1], L_0x5559ea540470, L_0x5559ea540dc0, L_0x5559ea541720, L_0x5559ea5422a0;
L_0x5559ea542b80 .concat8 [ 4 4 4 4], LS_0x5559ea542b80_0_0, LS_0x5559ea542b80_0_4, LS_0x5559ea542b80_0_8, LS_0x5559ea542b80_0_12;
LS_0x5559ea543280_0_0 .concat8 [ 1 1 1 1], L_0x5559ea5396e0, L_0x5559ea539d80, L_0x5559ea53a740, L_0x5559ea53b0c0;
LS_0x5559ea543280_0_4 .concat8 [ 1 1 1 1], L_0x5559ea53b950, L_0x5559ea53c280, L_0x5559ea53cac0, L_0x5559ea53d3b0;
LS_0x5559ea543280_0_8 .concat8 [ 1 1 1 1], L_0x5559ea53dcb0, L_0x5559ea53e6d0, L_0x5559ea53eff0, L_0x5559ea53fa90;
LS_0x5559ea543280_0_12 .concat8 [ 1 1 1 1], L_0x5559ea5403d0, L_0x5559ea540d20, L_0x5559ea541680, L_0x5559ea542200;
L_0x5559ea543280 .concat8 [ 4 4 4 4], LS_0x5559ea543280_0_0, LS_0x5559ea543280_0_4, LS_0x5559ea543280_0_8, LS_0x5559ea543280_0_12;
L_0x5559ea543a30 .part L_0x5559ea543280, 15, 1;
S_0x5559ea50ea70 .scope generate, "adder[0]" "adder[0]" 3 22, 3 22 0, S_0x5559ea511cb0;
 .timescale 0 0;
P_0x5559ea50e760 .param/l "i" 1 3 22, +C4<00>;
S_0x5559ea50b830 .scope generate, "genblk1" "genblk1" 3 23, 3 23 0, S_0x5559ea50ea70;
 .timescale 0 0;
S_0x5559ea5085f0 .scope module, "fa" "full_adder_1bit" 3 24, 3 2 0, S_0x5559ea50b830;
 .timescale 0 0;
    .port_info 0 /INPUT 1 "a";
    .port_info 1 /INPUT 1 "b";
    .port_info 2 /INPUT 1 "cin";
    .port_info 3 /OUTPUT 1 "sum";
    .port_info 4 /OUTPUT 1 "cout";
v0x5559ea4f0f80_0 .net *"_ivl_11", 1 0, L_0x5559ea539a00;  1 drivers
L_0x7f1111963de0 .functor BUFT 1, C4<00>, C4<0>, C4<0>, C4<0>;
v0x5559ea4edd40_0 .net *"_ivl_13", 1 0, L_0x7f1111963de0;  1 drivers
v0x5559ea4eab00_0 .net *"_ivl_17", 1 0, L_0x5559ea539b20;  1 drivers
v0x5559ea4e78c0_0 .net *"_ivl_3", 1 0, L_0x5559ea5398b0;  1 drivers
L_0x7f1111963018 .functor BUFT 1, C4<0>, C4<0>, C4<0>, C4<0>;
v0x5559ea4e4680_0 .net *"_ivl_6", 0 0, L_0x7f1111963018;  1 drivers
L_0x7f1111963d98 .functor BUFT 1, C4<01>, C4<0>, C4<0>, C4<0>;
v0x5559ea4e1ee0_0 .net *"_ivl_7", 1 0, L_0x7f1111963d98;  1 drivers
v0x5559ea4e1410_0 .net "a", 0 0, L_0x5559ea539c10;  1 drivers
L_0x7f1111963060 .functor BUFT 1, C4<1>, C4<0>, C4<0>, C4<0>;
v0x5559ea527e80_0 .net "b", 0 0, L_0x7f1111963060;  1 drivers
L_0x7f11119630a8 .functor BUFT 1, C4<0>, C4<0>, C4<0>, C4<0>;
v0x5559ea527f40_0 .net "cin", 0 0, L_0x7f11119630a8;  1 drivers
v0x5559ea528000_0 .net "cout", 0 0, L_0x5559ea5396e0;  1 drivers
v0x5559ea5280c0_0 .net "sum", 0 0, L_0x5559ea5397e0;  1 drivers
L_0x5559ea5396e0 .part L_0x5559ea539b20, 1, 1;
L_0x5559ea5397e0 .part L_0x5559ea539b20, 0, 1;
L_0x5559ea5398b0 .concat [ 1 1 0 0], L_0x5559ea539c10, L_0x7f1111963018;
L_0x5559ea539a00 .arith/sum 2, L_0x5559ea5398b0, L_0x7f1111963d98;
L_0x5559ea539b20 .arith/sum 2, L_0x5559ea539a00, L_0x7f1111963de0;
S_0x5559ea528220 .scope generate, "adder[1]" "adder[1]" 3 22, 3 22 0, S_0x5559ea511cb0;
 .timescale 0 0;
P_0x5559ea5283f0 .param/l "i" 1 3 22, +C4<01>;
S_0x5559ea5284b0 .scope generate, "genblk1" "genblk1" 3 23, 3 23 0, S_0x5559ea528220;
 .timescale 0 0;
S_0x5559ea528690 .scope module, "fa" "full_adder_1bit" 3 32, 3 2 0, S_0x5559ea5284b0;
 .timescale 0 0;
    .port_info 0 /INPUT 1 "a";
    .port_info 1 /INPUT 1 "b";
    .port_info 2 /INPUT 1 "cin";
    .port_info 3 /OUTPUT 1 "sum";
    .port_info 4 /OUTPUT 1 "cout";
v0x5559ea528890_0 .net *"_ivl_11", 1 0, L_0x5559ea53a0f0;  1 drivers
v0x5559ea528990_0 .net *"_ivl_13", 1 0, L_0x5559ea53a210;  1 drivers
L_0x7f1111963138 .functor BUFT 1, C4<0>, C4<0>, C4<0>, C4<0>;
v0x5559ea528a70_0 .net *"_ivl_16", 0 0, L_0x7f1111963138;  1 drivers
v0x5559ea528b30_0 .net *"_ivl_17", 1 0, L_0x5559ea53a3e0;  1 drivers
v0x5559ea528c10_0 .net *"_ivl_3", 1 0, L_0x5559ea539fa0;  1 drivers
L_0x7f11119630f0 .functor BUFT 1, C4<0>, C4<0>, C4<0>, C4<0>;
v0x5559ea528d40_0 .net *"_ivl_6", 0 0, L_0x7f11119630f0;  1 drivers
L_0x7f1111963e28 .functor BUFT 1, C4<00>, C4<0>, C4<0>, C4<0>;
v0x5559ea528e20_0 .net *"_ivl_7", 1 0, L_0x7f1111963e28;  1 drivers
v0x5559ea528f00_0 .net "a", 0 0, L_0x5559ea53a560;  1 drivers
L_0x7f1111963180 .functor BUFT 1, C4<0>, C4<0>, C4<0>, C4<0>;
v0x5559ea528fc0_0 .net "b", 0 0, L_0x7f1111963180;  1 drivers
v0x5559ea529080_0 .net "cin", 0 0, L_0x5559ea53a650;  1 drivers
v0x5559ea529140_0 .net "cout", 0 0, L_0x5559ea539d80;  1 drivers
v0x5559ea529200_0 .net "sum", 0 0, L_0x5559ea539e80;  1 drivers
L_0x5559ea539d80 .part L_0x5559ea53a3e0, 1, 1;
L_0x5559ea539e80 .part L_0x5559ea53a3e0, 0, 1;
L_0x5559ea539fa0 .concat [ 1 1 0 0], L_0x5559ea53a560, L_0x7f11119630f0;
L_0x5559ea53a0f0 .arith/sum 2, L_0x5559ea539fa0, L_0x7f1111963e28;
L_0x5559ea53a210 .concat [ 1 1 0 0], L_0x5559ea53a650, L_0x7f1111963138;
L_0x5559ea53a3e0 .arith/sum 2, L_0x5559ea53a0f0, L_0x5559ea53a210;
S_0x5559ea529360 .scope generate, "adder[2]" "adder[2]" 3 22, 3 22 0, S_0x5559ea511cb0;
 .timescale 0 0;
P_0x5559ea529510 .param/l "i" 1 3 22, +C4<010>;
S_0x5559ea5295d0 .scope generate, "genblk1" "genblk1" 3 23, 3 23 0, S_0x5559ea529360;
 .timescale 0 0;
S_0x5559ea5297b0 .scope module, "fa" "full_adder_1bit" 3 32, 3 2 0, S_0x5559ea5295d0;
 .timescale 0 0;
    .port_info 0 /INPUT 1 "a";
    .port_info 1 /INPUT 1 "b";
    .port_info 2 /INPUT 1 "cin";
    .port_info 3 /OUTPUT 1 "sum";
    .port_info 4 /OUTPUT 1 "cout";
v0x5559ea5299b0_0 .net *"_ivl_11", 1 0, L_0x5559ea53a9c0;  1 drivers
v0x5559ea529ab0_0 .net *"_ivl_13", 1 0, L_0x5559ea53aae0;  1 drivers
L_0x7f1111963210 .functor BUFT 1, C4<0>, C4<0>, C4<0>, C4<0>;
v0x5559ea529b90_0 .net *"_ivl_16", 0 0, L_0x7f1111963210;  1 drivers
v0x5559ea529c50_0 .net *"_ivl_17", 1 0, L_0x5559ea53ac60;  1 drivers
v0x5559ea529d30_0 .net *"_ivl_3", 1 0, L_0x5559ea53a8d0;  1 drivers
L_0x7f11119631c8 .functor BUFT 1, C4<0>, C4<0>, C4<0>, C4<0>;
v0x5559ea529e60_0 .net *"_ivl_6", 0 0, L_0x7f11119631c8;  1 drivers
L_0x7f1111963e70 .functor BUFT 1, C4<00>, C4<0>, C4<0>, C4<0>;
v0x5559ea529f40_0 .net *"_ivl_7", 1 0, L_0x7f1111963e70;  1 drivers
v0x5559ea52a020_0 .net "a", 0 0, L_0x5559ea53ade0;  1 drivers
L_0x7f1111963258 .functor BUFT 1, C4<0>, C4<0>, C4<0>, C4<0>;
v0x5559ea52a0e0_0 .net "b", 0 0, L_0x7f1111963258;  1 drivers
v0x5559ea52a1a0_0 .net "cin", 0 0, L_0x5559ea53b020;  1 drivers
v0x5559ea52a260_0 .net "cout", 0 0, L_0x5559ea53a740;  1 drivers
v0x5559ea52a320_0 .net "sum", 0 0, L_0x5559ea53a7e0;  1 drivers
L_0x5559ea53a740 .part L_0x5559ea53ac60, 1, 1;
L_0x5559ea53a7e0 .part L_0x5559ea53ac60, 0, 1;
L_0x5559ea53a8d0 .concat [ 1 1 0 0], L_0x5559ea53ade0, L_0x7f11119631c8;
L_0x5559ea53a9c0 .arith/sum 2, L_0x5559ea53a8d0, L_0x7f1111963e70;
L_0x5559ea53aae0 .concat [ 1 1 0 0], L_0x5559ea53b020, L_0x7f1111963210;
L_0x5559ea53ac60 .arith/sum 2, L_0x5559ea53a9c0, L_0x5559ea53aae0;
S_0x5559ea52a480 .scope generate, "adder[3]" "adder[3]" 3 22, 3 22 0, S_0x5559ea511cb0;
 .timescale 0 0;
P_0x5559ea52a630 .param/l "i" 1 3 22, +C4<011>;
S_0x5559ea52a710 .scope generate, "genblk1" "genblk1" 3 23, 3 23 0, S_0x5559ea52a480;
 .timescale 0 0;
S_0x5559ea52a8f0 .scope module, "fa" "full_adder_1bit" 3 32, 3 2 0, S_0x5559ea52a710;
 .timescale 0 0;
    .port_info 0 /INPUT 1 "a";
    .port_info 1 /INPUT 1 "b";
    .port_info 2 /INPUT 1 "cin";
    .port_info 3 /OUTPUT 1 "sum";
    .port_info 4 /OUTPUT 1 "cout";
v0x5559ea52aaf0_0 .net *"_ivl_11", 1 0, L_0x5559ea53b340;  1 drivers
v0x5559ea52abf0_0 .net *"_ivl_13", 1 0, L_0x5559ea53b460;  1 drivers
L_0x7f11119632e8 .functor BUFT 1, C4<0>, C4<0>, C4<0>, C4<0>;
v0x5559ea52acd0_0 .net *"_ivl_16", 0 0, L_0x7f11119632e8;  1 drivers
v0x5559ea52ad90_0 .net *"_ivl_17", 1 0, L_0x5559ea53b5b0;  1 drivers
v0x5559ea52ae70_0 .net *"_ivl_3", 1 0, L_0x5559ea53b250;  1 drivers
L_0x7f11119632a0 .functor BUFT 1, C4<0>, C4<0>, C4<0>, C4<0>;
v0x5559ea52afa0_0 .net *"_ivl_6", 0 0, L_0x7f11119632a0;  1 drivers
L_0x7f1111963eb8 .functor BUFT 1, C4<00>, C4<0>, C4<0>, C4<0>;
v0x5559ea52b080_0 .net *"_ivl_7", 1 0, L_0x7f1111963eb8;  1 drivers
v0x5559ea52b160_0 .net "a", 0 0, L_0x5559ea53b730;  1 drivers
L_0x7f1111963330 .functor BUFT 1, C4<0>, C4<0>, C4<0>, C4<0>;
v0x5559ea52b220_0 .net "b", 0 0, L_0x7f1111963330;  1 drivers
v0x5559ea52b2e0_0 .net "cin", 0 0, L_0x5559ea53b860;  1 drivers
v0x5559ea52b3a0_0 .net "cout", 0 0, L_0x5559ea53b0c0;  1 drivers
v0x5559ea52b460_0 .net "sum", 0 0, L_0x5559ea53b160;  1 drivers
L_0x5559ea53b0c0 .part L_0x5559ea53b5b0, 1, 1;
L_0x5559ea53b160 .part L_0x5559ea53b5b0, 0, 1;
L_0x5559ea53b250 .concat [ 1 1 0 0], L_0x5559ea53b730, L_0x7f11119632a0;
L_0x5559ea53b340 .arith/sum 2, L_0x5559ea53b250, L_0x7f1111963eb8;
L_0x5559ea53b460 .concat [ 1 1 0 0], L_0x5559ea53b860, L_0x7f11119632e8;
L_0x5559ea53b5b0 .arith/sum 2, L_0x5559ea53b340, L_0x5559ea53b460;
S_0x5559ea52b5c0 .scope generate, "adder[4]" "adder[4]" 3 22, 3 22 0, S_0x5559ea511cb0;
 .timescale 0 0;
P_0x5559ea52b7c0 .param/l "i" 1 3 22, +C4<0100>;
S_0x5559ea52b8a0 .scope generate, "genblk1" "genblk1" 3 23, 3 23 0, S_0x5559ea52b5c0;
 .timescale 0 0;
S_0x5559ea52ba80 .scope module, "fa" "full_adder_1bit" 3 32, 3 2 0, S_0x5559ea52b8a0;
 .timescale 0 0;
    .port_info 0 /INPUT 1 "a";
    .port_info 1 /INPUT 1 "b";
    .port_info 2 /INPUT 1 "cin";
    .port_info 3 /OUTPUT 1 "sum";
    .port_info 4 /OUTPUT 1 "cout";
v0x5559ea52bc80_0 .net *"_ivl_11", 1 0, L_0x5559ea53bbd0;  1 drivers
v0x5559ea52bd80_0 .net *"_ivl_13", 1 0, L_0x5559ea53bcf0;  1 drivers
L_0x7f11119633c0 .functor BUFT 1, C4<0>, C4<0>, C4<0>, C4<0>;
v0x5559ea52be60_0 .net *"_ivl_16", 0 0, L_0x7f11119633c0;  1 drivers
v0x5559ea52bf20_0 .net *"_ivl_17", 1 0, L_0x5559ea53be40;  1 drivers
v0x5559ea52c000_0 .net *"_ivl_3", 1 0, L_0x5559ea53bae0;  1 drivers
L_0x7f1111963378 .functor BUFT 1, C4<0>, C4<0>, C4<0>, C4<0>;
v0x5559ea52c130_0 .net *"_ivl_6", 0 0, L_0x7f1111963378;  1 drivers
L_0x7f1111963f00 .functor BUFT 1, C4<00>, C4<0>, C4<0>, C4<0>;
v0x5559ea52c210_0 .net *"_ivl_7", 1 0, L_0x7f1111963f00;  1 drivers
v0x5559ea52c2f0_0 .net "a", 0 0, L_0x5559ea53bfc0;  1 drivers
L_0x7f1111963408 .functor BUFT 1, C4<0>, C4<0>, C4<0>, C4<0>;
v0x5559ea52c3b0_0 .net "b", 0 0, L_0x7f1111963408;  1 drivers
v0x5559ea52c470_0 .net "cin", 0 0, L_0x5559ea53c100;  1 drivers
v0x5559ea52c530_0 .net "cout", 0 0, L_0x5559ea53b950;  1 drivers
v0x5559ea52c5f0_0 .net "sum", 0 0, L_0x5559ea53b9f0;  1 drivers
L_0x5559ea53b950 .part L_0x5559ea53be40, 1, 1;
L_0x5559ea53b9f0 .part L_0x5559ea53be40, 0, 1;
L_0x5559ea53bae0 .concat [ 1 1 0 0], L_0x5559ea53bfc0, L_0x7f1111963378;
L_0x5559ea53bbd0 .arith/sum 2, L_0x5559ea53bae0, L_0x7f1111963f00;
L_0x5559ea53bcf0 .concat [ 1 1 0 0], L_0x5559ea53c100, L_0x7f11119633c0;
L_0x5559ea53be40 .arith/sum 2, L_0x5559ea53bbd0, L_0x5559ea53bcf0;
S_0x5559ea52c750 .scope generate, "adder[5]" "adder[5]" 3 22, 3 22 0, S_0x5559ea511cb0;
 .timescale 0 0;
P_0x5559ea52c900 .param/l "i" 1 3 22, +C4<0101>;
S_0x5559ea52c9e0 .scope generate, "genblk1" "genblk1" 3 23, 3 23 0, S_0x5559ea52c750;
 .timescale 0 0;
S_0x5559ea52cbc0 .scope module, "fa" "full_adder_1bit" 3 32, 3 2 0, S_0x5559ea52c9e0;
 .timescale 0 0;
    .port_info 0 /INPUT 1 "a";
    .port_info 1 /INPUT 1 "b";
    .port_info 2 /INPUT 1 "cin";
    .port_info 3 /OUTPUT 1 "sum";
    .port_info 4 /OUTPUT 1 "cout";
v0x5559ea52cdc0_0 .net *"_ivl_11", 1 0, L_0x5559ea53c4b0;  1 drivers
v0x5559ea52cec0_0 .net *"_ivl_13", 1 0, L_0x5559ea53c5d0;  1 drivers
L_0x7f1111963498 .functor BUFT 1, C4<0>, C4<0>, C4<0>, C4<0>;
v0x5559ea52cfa0_0 .net *"_ivl_16", 0 0, L_0x7f1111963498;  1 drivers
v0x5559ea52d060_0 .net *"_ivl_17", 1 0, L_0x5559ea53c750;  1 drivers
v0x5559ea52d140_0 .net *"_ivl_3", 1 0, L_0x5559ea53c3c0;  1 drivers
L_0x7f1111963450 .functor BUFT 1, C4<0>, C4<0>, C4<0>, C4<0>;
v0x5559ea52d270_0 .net *"_ivl_6", 0 0, L_0x7f1111963450;  1 drivers
L_0x7f1111963f48 .functor BUFT 1, C4<00>, C4<0>, C4<0>, C4<0>;
v0x5559ea52d350_0 .net *"_ivl_7", 1 0, L_0x7f1111963f48;  1 drivers
v0x5559ea52d430_0 .net "a", 0 0, L_0x5559ea53c8d0;  1 drivers
L_0x7f11119634e0 .functor BUFT 1, C4<0>, C4<0>, C4<0>, C4<0>;
v0x5559ea52d4f0_0 .net "b", 0 0, L_0x7f11119634e0;  1 drivers
v0x5559ea52d5b0_0 .net "cin", 0 0, L_0x5559ea53ca20;  1 drivers
v0x5559ea52d670_0 .net "cout", 0 0, L_0x5559ea53c280;  1 drivers
v0x5559ea52d730_0 .net "sum", 0 0, L_0x5559ea53c320;  1 drivers
L_0x5559ea53c280 .part L_0x5559ea53c750, 1, 1;
L_0x5559ea53c320 .part L_0x5559ea53c750, 0, 1;
L_0x5559ea53c3c0 .concat [ 1 1 0 0], L_0x5559ea53c8d0, L_0x7f1111963450;
L_0x5559ea53c4b0 .arith/sum 2, L_0x5559ea53c3c0, L_0x7f1111963f48;
L_0x5559ea53c5d0 .concat [ 1 1 0 0], L_0x5559ea53ca20, L_0x7f1111963498;
L_0x5559ea53c750 .arith/sum 2, L_0x5559ea53c4b0, L_0x5559ea53c5d0;
S_0x5559ea52d890 .scope generate, "adder[6]" "adder[6]" 3 22, 3 22 0, S_0x5559ea511cb0;
 .timescale 0 0;
P_0x5559ea52da40 .param/l "i" 1 3 22, +C4<0110>;
S_0x5559ea52db20 .scope generate, "genblk1" "genblk1" 3 23, 3 23 0, S_0x5559ea52d890;
 .timescale 0 0;
S_0x5559ea52dd00 .scope module, "fa" "full_adder_1bit" 3 32, 3 2 0, S_0x5559ea52db20;
 .timescale 0 0;
    .port_info 0 /INPUT 1 "a";
    .port_info 1 /INPUT 1 "b";
    .port_info 2 /INPUT 1 "cin";
    .port_info 3 /OUTPUT 1 "sum";
    .port_info 4 /OUTPUT 1 "cout";
v0x5559ea52df00_0 .net *"_ivl_11", 1 0, L_0x5559ea53cd40;  1 drivers
v0x5559ea52e000_0 .net *"_ivl_13", 1 0, L_0x5559ea53ce60;  1 drivers
L_0x7f1111963570 .functor BUFT 1, C4<0>, C4<0>, C4<0>, C4<0>;
v0x5559ea52e0e0_0 .net *"_ivl_16", 0 0, L_0x7f1111963570;  1 drivers
v0x5559ea52e1d0_0 .net *"_ivl_17", 1 0, L_0x5559ea53cfe0;  1 drivers
v0x5559ea52e2b0_0 .net *"_ivl_3", 1 0, L_0x5559ea53cc50;  1 drivers
L_0x7f1111963528 .functor BUFT 1, C4<0>, C4<0>, C4<0>, C4<0>;
v0x5559ea52e3e0_0 .net *"_ivl_6", 0 0, L_0x7f1111963528;  1 drivers
L_0x7f1111963f90 .functor BUFT 1, C4<00>, C4<0>, C4<0>, C4<0>;
v0x5559ea52e4c0_0 .net *"_ivl_7", 1 0, L_0x7f1111963f90;  1 drivers
v0x5559ea52e5a0_0 .net "a", 0 0, L_0x5559ea53d160;  1 drivers
L_0x7f11119635b8 .functor BUFT 1, C4<0>, C4<0>, C4<0>, C4<0>;
v0x5559ea52e660_0 .net "b", 0 0, L_0x7f11119635b8;  1 drivers
v0x5559ea52e720_0 .net "cin", 0 0, L_0x5559ea53d2c0;  1 drivers
v0x5559ea52e7e0_0 .net "cout", 0 0, L_0x5559ea53cac0;  1 drivers
v0x5559ea52e8a0_0 .net "sum", 0 0, L_0x5559ea53cb60;  1 drivers
L_0x5559ea53cac0 .part L_0x5559ea53cfe0, 1, 1;
L_0x5559ea53cb60 .part L_0x5559ea53cfe0, 0, 1;
L_0x5559ea53cc50 .concat [ 1 1 0 0], L_0x5559ea53d160, L_0x7f1111963528;
L_0x5559ea53cd40 .arith/sum 2, L_0x5559ea53cc50, L_0x7f1111963f90;
L_0x5559ea53ce60 .concat [ 1 1 0 0], L_0x5559ea53d2c0, L_0x7f1111963570;
L_0x5559ea53cfe0 .arith/sum 2, L_0x5559ea53cd40, L_0x5559ea53ce60;
S_0x5559ea52ea00 .scope generate, "adder[7]" "adder[7]" 3 22, 3 22 0, S_0x5559ea511cb0;
 .timescale 0 0;
P_0x5559ea52ebb0 .param/l "i" 1 3 22, +C4<0111>;
S_0x5559ea52ec90 .scope generate, "genblk1" "genblk1" 3 23, 3 23 0, S_0x5559ea52ea00;
 .timescale 0 0;
S_0x5559ea52ee70 .scope module, "fa" "full_adder_1bit" 3 32, 3 2 0, S_0x5559ea52ec90;
 .timescale 0 0;
    .port_info 0 /INPUT 1 "a";
    .port_info 1 /INPUT 1 "b";
    .port_info 2 /INPUT 1 "cin";
    .port_info 3 /OUTPUT 1 "sum";
    .port_info 4 /OUTPUT 1 "cout";
v0x5559ea52f070_0 .net *"_ivl_11", 1 0, L_0x5559ea53d630;  1 drivers
v0x5559ea52f170_0 .net *"_ivl_13", 1 0, L_0x5559ea53d750;  1 drivers
L_0x7f1111963648 .functor BUFT 1, C4<0>, C4<0>, C4<0>, C4<0>;
v0x5559ea52f250_0 .net *"_ivl_16", 0 0, L_0x7f1111963648;  1 drivers
v0x5559ea52f340_0 .net *"_ivl_17", 1 0, L_0x5559ea53d8d0;  1 drivers
v0x5559ea52f420_0 .net *"_ivl_3", 1 0, L_0x5559ea53d540;  1 drivers
L_0x7f1111963600 .functor BUFT 1, C4<0>, C4<0>, C4<0>, C4<0>;
v0x5559ea52f550_0 .net *"_ivl_6", 0 0, L_0x7f1111963600;  1 drivers
L_0x7f1111963fd8 .functor BUFT 1, C4<00>, C4<0>, C4<0>, C4<0>;
v0x5559ea52f630_0 .net *"_ivl_7", 1 0, L_0x7f1111963fd8;  1 drivers
v0x5559ea52f710_0 .net "a", 0 0, L_0x5559ea53da50;  1 drivers
L_0x7f1111963690 .functor BUFT 1, C4<0>, C4<0>, C4<0>, C4<0>;
v0x5559ea52f7d0_0 .net "b", 0 0, L_0x7f1111963690;  1 drivers
v0x5559ea52f920_0 .net "cin", 0 0, L_0x5559ea53dbc0;  1 drivers
v0x5559ea52f9e0_0 .net "cout", 0 0, L_0x5559ea53d3b0;  1 drivers
v0x5559ea52faa0_0 .net "sum", 0 0, L_0x5559ea53d450;  1 drivers
L_0x5559ea53d3b0 .part L_0x5559ea53d8d0, 1, 1;
L_0x5559ea53d450 .part L_0x5559ea53d8d0, 0, 1;
L_0x5559ea53d540 .concat [ 1 1 0 0], L_0x5559ea53da50, L_0x7f1111963600;
L_0x5559ea53d630 .arith/sum 2, L_0x5559ea53d540, L_0x7f1111963fd8;
L_0x5559ea53d750 .concat [ 1 1 0 0], L_0x5559ea53dbc0, L_0x7f1111963648;
L_0x5559ea53d8d0 .arith/sum 2, L_0x5559ea53d630, L_0x5559ea53d750;
S_0x5559ea52fc00 .scope generate, "adder[8]" "adder[8]" 3 22, 3 22 0, S_0x5559ea511cb0;
 .timescale 0 0;
P_0x5559ea52b770 .param/l "i" 1 3 22, +C4<01000>;
S_0x5559ea52fed0 .scope generate, "genblk1" "genblk1" 3 23, 3 23 0, S_0x5559ea52fc00;
 .timescale 0 0;
S_0x5559ea5300b0 .scope module, "fa" "full_adder_1bit" 3 32, 3 2 0, S_0x5559ea52fed0;
 .timescale 0 0;
    .port_info 0 /INPUT 1 "a";
    .port_info 1 /INPUT 1 "b";
    .port_info 2 /INPUT 1 "cin";
    .port_info 3 /OUTPUT 1 "sum";
    .port_info 4 /OUTPUT 1 "cout";
v0x5559ea530330_0 .net *"_ivl_11", 1 0, L_0x5559ea53df30;  1 drivers
v0x5559ea530430_0 .net *"_ivl_13", 1 0, L_0x5559ea53e050;  1 drivers
L_0x7f1111963720 .functor BUFT 1, C4<0>, C4<0>, C4<0>, C4<0>;
v0x5559ea530510_0 .net *"_ivl_16", 0 0, L_0x7f1111963720;  1 drivers
v0x5559ea530600_0 .net *"_ivl_17", 1 0, L_0x5559ea53e1d0;  1 drivers
v0x5559ea5306e0_0 .net *"_ivl_3", 1 0, L_0x5559ea53de40;  1 drivers
L_0x7f11119636d8 .functor BUFT 1, C4<0>, C4<0>, C4<0>, C4<0>;
v0x5559ea530810_0 .net *"_ivl_6", 0 0, L_0x7f11119636d8;  1 drivers
L_0x7f1111964020 .functor BUFT 1, C4<00>, C4<0>, C4<0>, C4<0>;
v0x5559ea5308f0_0 .net *"_ivl_7", 1 0, L_0x7f1111964020;  1 drivers
v0x5559ea5309d0_0 .net "a", 0 0, L_0x5559ea53e350;  1 drivers
L_0x7f1111963768 .functor BUFT 1, C4<0>, C4<0>, C4<0>, C4<0>;
v0x5559ea530a90_0 .net "b", 0 0, L_0x7f1111963768;  1 drivers
v0x5559ea530be0_0 .net "cin", 0 0, L_0x5559ea53e4d0;  1 drivers
v0x5559ea530ca0_0 .net "cout", 0 0, L_0x5559ea53dcb0;  1 drivers
v0x5559ea530d60_0 .net "sum", 0 0, L_0x5559ea53dd50;  1 drivers
L_0x5559ea53dcb0 .part L_0x5559ea53e1d0, 1, 1;
L_0x5559ea53dd50 .part L_0x5559ea53e1d0, 0, 1;
L_0x5559ea53de40 .concat [ 1 1 0 0], L_0x5559ea53e350, L_0x7f11119636d8;
L_0x5559ea53df30 .arith/sum 2, L_0x5559ea53de40, L_0x7f1111964020;
L_0x5559ea53e050 .concat [ 1 1 0 0], L_0x5559ea53e4d0, L_0x7f1111963720;
L_0x5559ea53e1d0 .arith/sum 2, L_0x5559ea53df30, L_0x5559ea53e050;
S_0x5559ea530ec0 .scope generate, "adder[9]" "adder[9]" 3 22, 3 22 0, S_0x5559ea511cb0;
 .timescale 0 0;
P_0x5559ea531070 .param/l "i" 1 3 22, +C4<01001>;
S_0x5559ea531150 .scope generate, "genblk1" "genblk1" 3 23, 3 23 0, S_0x5559ea530ec0;
 .timescale 0 0;
S_0x5559ea531330 .scope module, "fa" "full_adder_1bit" 3 32, 3 2 0, S_0x5559ea531150;
 .timescale 0 0;
    .port_info 0 /INPUT 1 "a";
    .port_info 1 /INPUT 1 "b";
    .port_info 2 /INPUT 1 "cin";
    .port_info 3 /OUTPUT 1 "sum";
    .port_info 4 /OUTPUT 1 "cout";
v0x5559ea5315b0_0 .net *"_ivl_11", 1 0, L_0x5559ea53e950;  1 drivers
v0x5559ea5316b0_0 .net *"_ivl_13", 1 0, L_0x5559ea53ea70;  1 drivers
L_0x7f11119637f8 .functor BUFT 1, C4<0>, C4<0>, C4<0>, C4<0>;
v0x5559ea531790_0 .net *"_ivl_16", 0 0, L_0x7f11119637f8;  1 drivers
v0x5559ea531880_0 .net *"_ivl_17", 1 0, L_0x5559ea53ebf0;  1 drivers
v0x5559ea531960_0 .net *"_ivl_3", 1 0, L_0x5559ea53e860;  1 drivers
L_0x7f11119637b0 .functor BUFT 1, C4<0>, C4<0>, C4<0>, C4<0>;
v0x5559ea531a90_0 .net *"_ivl_6", 0 0, L_0x7f11119637b0;  1 drivers
L_0x7f1111964068 .functor BUFT 1, C4<00>, C4<0>, C4<0>, C4<0>;
v0x5559ea531b70_0 .net *"_ivl_7", 1 0, L_0x7f1111964068;  1 drivers
v0x5559ea531c50_0 .net "a", 0 0, L_0x5559ea53ed70;  1 drivers
L_0x7f1111963840 .functor BUFT 1, C4<0>, C4<0>, C4<0>, C4<0>;
v0x5559ea531d10_0 .net "b", 0 0, L_0x7f1111963840;  1 drivers
v0x5559ea531e60_0 .net "cin", 0 0, L_0x5559ea53ef00;  1 drivers
v0x5559ea531f20_0 .net "cout", 0 0, L_0x5559ea53e6d0;  1 drivers
v0x5559ea531fe0_0 .net "sum", 0 0, L_0x5559ea53e770;  1 drivers
L_0x5559ea53e6d0 .part L_0x5559ea53ebf0, 1, 1;
L_0x5559ea53e770 .part L_0x5559ea53ebf0, 0, 1;
L_0x5559ea53e860 .concat [ 1 1 0 0], L_0x5559ea53ed70, L_0x7f11119637b0;
L_0x5559ea53e950 .arith/sum 2, L_0x5559ea53e860, L_0x7f1111964068;
L_0x5559ea53ea70 .concat [ 1 1 0 0], L_0x5559ea53ef00, L_0x7f11119637f8;
L_0x5559ea53ebf0 .arith/sum 2, L_0x5559ea53e950, L_0x5559ea53ea70;
S_0x5559ea532140 .scope generate, "adder[10]" "adder[10]" 3 22, 3 22 0, S_0x5559ea511cb0;
 .timescale 0 0;
P_0x5559ea5322f0 .param/l "i" 1 3 22, +C4<01010>;
S_0x5559ea5323d0 .scope generate, "genblk1" "genblk1" 3 23, 3 23 0, S_0x5559ea532140;
 .timescale 0 0;
S_0x5559ea5325b0 .scope module, "fa" "full_adder_1bit" 3 32, 3 2 0, S_0x5559ea5323d0;
 .timescale 0 0;
    .port_info 0 /INPUT 1 "a";
    .port_info 1 /INPUT 1 "b";
    .port_info 2 /INPUT 1 "cin";
    .port_info 3 /OUTPUT 1 "sum";
    .port_info 4 /OUTPUT 1 "cout";
v0x5559ea532830_0 .net *"_ivl_11", 1 0, L_0x5559ea53f270;  1 drivers
v0x5559ea532930_0 .net *"_ivl_13", 1 0, L_0x5559ea53f390;  1 drivers
L_0x7f11119638d0 .functor BUFT 1, C4<0>, C4<0>, C4<0>, C4<0>;
v0x5559ea532a10_0 .net *"_ivl_16", 0 0, L_0x7f11119638d0;  1 drivers
v0x5559ea532b00_0 .net *"_ivl_17", 1 0, L_0x5559ea53f510;  1 drivers
v0x5559ea532be0_0 .net *"_ivl_3", 1 0, L_0x5559ea53f180;  1 drivers
L_0x7f1111963888 .functor BUFT 1, C4<0>, C4<0>, C4<0>, C4<0>;
v0x5559ea532d10_0 .net *"_ivl_6", 0 0, L_0x7f1111963888;  1 drivers
L_0x7f11119640b0 .functor BUFT 1, C4<00>, C4<0>, C4<0>, C4<0>;
v0x5559ea532df0_0 .net *"_ivl_7", 1 0, L_0x7f11119640b0;  1 drivers
v0x5559ea532ed0_0 .net "a", 0 0, L_0x5559ea53f690;  1 drivers
L_0x7f1111963918 .functor BUFT 1, C4<0>, C4<0>, C4<0>, C4<0>;
v0x5559ea532f90_0 .net "b", 0 0, L_0x7f1111963918;  1 drivers
v0x5559ea5330e0_0 .net "cin", 0 0, L_0x5559ea53ee60;  1 drivers
v0x5559ea5331a0_0 .net "cout", 0 0, L_0x5559ea53eff0;  1 drivers
v0x5559ea533260_0 .net "sum", 0 0, L_0x5559ea53f090;  1 drivers
L_0x5559ea53eff0 .part L_0x5559ea53f510, 1, 1;
L_0x5559ea53f090 .part L_0x5559ea53f510, 0, 1;
L_0x5559ea53f180 .concat [ 1 1 0 0], L_0x5559ea53f690, L_0x7f1111963888;
L_0x5559ea53f270 .arith/sum 2, L_0x5559ea53f180, L_0x7f11119640b0;
L_0x5559ea53f390 .concat [ 1 1 0 0], L_0x5559ea53ee60, L_0x7f11119638d0;
L_0x5559ea53f510 .arith/sum 2, L_0x5559ea53f270, L_0x5559ea53f390;
S_0x5559ea5333c0 .scope generate, "adder[11]" "adder[11]" 3 22, 3 22 0, S_0x5559ea511cb0;
 .timescale 0 0;
P_0x5559ea533570 .param/l "i" 1 3 22, +C4<01011>;
S_0x5559ea533650 .scope generate, "genblk1" "genblk1" 3 23, 3 23 0, S_0x5559ea5333c0;
 .timescale 0 0;
S_0x5559ea533830 .scope module, "fa" "full_adder_1bit" 3 32, 3 2 0, S_0x5559ea533650;
 .timescale 0 0;
    .port_info 0 /INPUT 1 "a";
    .port_info 1 /INPUT 1 "b";
    .port_info 2 /INPUT 1 "cin";
    .port_info 3 /OUTPUT 1 "sum";
    .port_info 4 /OUTPUT 1 "cout";
v0x5559ea533ab0_0 .net *"_ivl_11", 1 0, L_0x5559ea53fd10;  1 drivers
v0x5559ea533bb0_0 .net *"_ivl_13", 1 0, L_0x5559ea53fe30;  1 drivers
L_0x7f11119639a8 .functor BUFT 1, C4<0>, C4<0>, C4<0>, C4<0>;
v0x5559ea533c90_0 .net *"_ivl_16", 0 0, L_0x7f11119639a8;  1 drivers
v0x5559ea533d80_0 .net *"_ivl_17", 1 0, L_0x5559ea53ffb0;  1 drivers
v0x5559ea533e60_0 .net *"_ivl_3", 1 0, L_0x5559ea53fc20;  1 drivers
L_0x7f1111963960 .functor BUFT 1, C4<0>, C4<0>, C4<0>, C4<0>;
v0x5559ea533f90_0 .net *"_ivl_6", 0 0, L_0x7f1111963960;  1 drivers
L_0x7f11119640f8 .functor BUFT 1, C4<00>, C4<0>, C4<0>, C4<0>;
v0x5559ea534070_0 .net *"_ivl_7", 1 0, L_0x7f11119640f8;  1 drivers
v0x5559ea534150_0 .net "a", 0 0, L_0x5559ea540130;  1 drivers
L_0x7f11119639f0 .functor BUFT 1, C4<0>, C4<0>, C4<0>, C4<0>;
v0x5559ea534210_0 .net "b", 0 0, L_0x7f11119639f0;  1 drivers
v0x5559ea534360_0 .net "cin", 0 0, L_0x5559ea5402e0;  1 drivers
v0x5559ea534420_0 .net "cout", 0 0, L_0x5559ea53fa90;  1 drivers
v0x5559ea5344e0_0 .net "sum", 0 0, L_0x5559ea53fb30;  1 drivers
L_0x5559ea53fa90 .part L_0x5559ea53ffb0, 1, 1;
L_0x5559ea53fb30 .part L_0x5559ea53ffb0, 0, 1;
L_0x5559ea53fc20 .concat [ 1 1 0 0], L_0x5559ea540130, L_0x7f1111963960;
L_0x5559ea53fd10 .arith/sum 2, L_0x5559ea53fc20, L_0x7f11119640f8;
L_0x5559ea53fe30 .concat [ 1 1 0 0], L_0x5559ea5402e0, L_0x7f11119639a8;
L_0x5559ea53ffb0 .arith/sum 2, L_0x5559ea53fd10, L_0x5559ea53fe30;
S_0x5559ea534640 .scope generate, "adder[12]" "adder[12]" 3 22, 3 22 0, S_0x5559ea511cb0;
 .timescale 0 0;
P_0x5559ea5347f0 .param/l "i" 1 3 22, +C4<01100>;
S_0x5559ea5348d0 .scope generate, "genblk1" "genblk1" 3 23, 3 23 0, S_0x5559ea534640;
 .timescale 0 0;
S_0x5559ea534ab0 .scope module, "fa" "full_adder_1bit" 3 32, 3 2 0, S_0x5559ea5348d0;
 .timescale 0 0;
    .port_info 0 /INPUT 1 "a";
    .port_info 1 /INPUT 1 "b";
    .port_info 2 /INPUT 1 "cin";
    .port_info 3 /OUTPUT 1 "sum";
    .port_info 4 /OUTPUT 1 "cout";
v0x5559ea534d30_0 .net *"_ivl_11", 1 0, L_0x5559ea540650;  1 drivers
v0x5559ea534e30_0 .net *"_ivl_13", 1 0, L_0x5559ea540770;  1 drivers
L_0x7f1111963a80 .functor BUFT 1, C4<0>, C4<0>, C4<0>, C4<0>;
v0x5559ea534f10_0 .net *"_ivl_16", 0 0, L_0x7f1111963a80;  1 drivers
v0x5559ea535000_0 .net *"_ivl_17", 1 0, L_0x5559ea5408f0;  1 drivers
v0x5559ea5350e0_0 .net *"_ivl_3", 1 0, L_0x5559ea540560;  1 drivers
L_0x7f1111963a38 .functor BUFT 1, C4<0>, C4<0>, C4<0>, C4<0>;
v0x5559ea535210_0 .net *"_ivl_6", 0 0, L_0x7f1111963a38;  1 drivers
L_0x7f1111964140 .functor BUFT 1, C4<00>, C4<0>, C4<0>, C4<0>;
v0x5559ea5352f0_0 .net *"_ivl_7", 1 0, L_0x7f1111964140;  1 drivers
v0x5559ea5353d0_0 .net "a", 0 0, L_0x5559ea540a70;  1 drivers
L_0x7f1111963ac8 .functor BUFT 1, C4<0>, C4<0>, C4<0>, C4<0>;
v0x5559ea535490_0 .net "b", 0 0, L_0x7f1111963ac8;  1 drivers
v0x5559ea5355e0_0 .net "cin", 0 0, L_0x5559ea540c30;  1 drivers
v0x5559ea5356a0_0 .net "cout", 0 0, L_0x5559ea5403d0;  1 drivers
v0x5559ea535760_0 .net "sum", 0 0, L_0x5559ea540470;  1 drivers
L_0x5559ea5403d0 .part L_0x5559ea5408f0, 1, 1;
L_0x5559ea540470 .part L_0x5559ea5408f0, 0, 1;
L_0x5559ea540560 .concat [ 1 1 0 0], L_0x5559ea540a70, L_0x7f1111963a38;
L_0x5559ea540650 .arith/sum 2, L_0x5559ea540560, L_0x7f1111964140;
L_0x5559ea540770 .concat [ 1 1 0 0], L_0x5559ea540c30, L_0x7f1111963a80;
L_0x5559ea5408f0 .arith/sum 2, L_0x5559ea540650, L_0x5559ea540770;
S_0x5559ea5358c0 .scope generate, "adder[13]" "adder[13]" 3 22, 3 22 0, S_0x5559ea511cb0;
 .timescale 0 0;
P_0x5559ea535a70 .param/l "i" 1 3 22, +C4<01101>;
S_0x5559ea535b50 .scope generate, "genblk1" "genblk1" 3 23, 3 23 0, S_0x5559ea5358c0;
 .timescale 0 0;
S_0x5559ea535d30 .scope module, "fa" "full_adder_1bit" 3 32, 3 2 0, S_0x5559ea535b50;
 .timescale 0 0;
    .port_info 0 /INPUT 1 "a";
    .port_info 1 /INPUT 1 "b";
    .port_info 2 /INPUT 1 "cin";
    .port_info 3 /OUTPUT 1 "sum";
    .port_info 4 /OUTPUT 1 "cout";
v0x5559ea535fb0_0 .net *"_ivl_11", 1 0, L_0x5559ea540fa0;  1 drivers
v0x5559ea5360b0_0 .net *"_ivl_13", 1 0, L_0x5559ea5410c0;  1 drivers
L_0x7f1111963b58 .functor BUFT 1, C4<0>, C4<0>, C4<0>, C4<0>;
v0x5559ea536190_0 .net *"_ivl_16", 0 0, L_0x7f1111963b58;  1 drivers
v0x5559ea536280_0 .net *"_ivl_17", 1 0, L_0x5559ea541240;  1 drivers
v0x5559ea536360_0 .net *"_ivl_3", 1 0, L_0x5559ea540eb0;  1 drivers
L_0x7f1111963b10 .functor BUFT 1, C4<0>, C4<0>, C4<0>, C4<0>;
v0x5559ea536490_0 .net *"_ivl_6", 0 0, L_0x7f1111963b10;  1 drivers
L_0x7f1111964188 .functor BUFT 1, C4<00>, C4<0>, C4<0>, C4<0>;
v0x5559ea536570_0 .net *"_ivl_7", 1 0, L_0x7f1111964188;  1 drivers
v0x5559ea536650_0 .net "a", 0 0, L_0x5559ea5413c0;  1 drivers
L_0x7f1111963ba0 .functor BUFT 1, C4<0>, C4<0>, C4<0>, C4<0>;
v0x5559ea536710_0 .net "b", 0 0, L_0x7f1111963ba0;  1 drivers
v0x5559ea536860_0 .net "cin", 0 0, L_0x5559ea541590;  1 drivers
v0x5559ea536920_0 .net "cout", 0 0, L_0x5559ea540d20;  1 drivers
v0x5559ea5369e0_0 .net "sum", 0 0, L_0x5559ea540dc0;  1 drivers
L_0x5559ea540d20 .part L_0x5559ea541240, 1, 1;
L_0x5559ea540dc0 .part L_0x5559ea541240, 0, 1;
L_0x5559ea540eb0 .concat [ 1 1 0 0], L_0x5559ea5413c0, L_0x7f1111963b10;
L_0x5559ea540fa0 .arith/sum 2, L_0x5559ea540eb0, L_0x7f1111964188;
L_0x5559ea5410c0 .concat [ 1 1 0 0], L_0x5559ea541590, L_0x7f1111963b58;
L_0x5559ea541240 .arith/sum 2, L_0x5559ea540fa0, L_0x5559ea5410c0;
S_0x5559ea536b40 .scope generate, "adder[14]" "adder[14]" 3 22, 3 22 0, S_0x5559ea511cb0;
 .timescale 0 0;
P_0x5559ea536cf0 .param/l "i" 1 3 22, +C4<01110>;
S_0x5559ea536dd0 .scope generate, "genblk1" "genblk1" 3 23, 3 23 0, S_0x5559ea536b40;
 .timescale 0 0;
S_0x5559ea536fb0 .scope module, "fa" "full_adder_1bit" 3 32, 3 2 0, S_0x5559ea536dd0;
 .timescale 0 0;
    .port_info 0 /INPUT 1 "a";
    .port_info 1 /INPUT 1 "b";
    .port_info 2 /INPUT 1 "cin";
    .port_info 3 /OUTPUT 1 "sum";
    .port_info 4 /OUTPUT 1 "cout";
v0x5559ea537230_0 .net *"_ivl_11", 1 0, L_0x5559ea541900;  1 drivers
v0x5559ea537330_0 .net *"_ivl_13", 1 0, L_0x5559ea541a20;  1 drivers
L_0x7f1111963c30 .functor BUFT 1, C4<0>, C4<0>, C4<0>, C4<0>;
v0x5559ea537410_0 .net *"_ivl_16", 0 0, L_0x7f1111963c30;  1 drivers
v0x5559ea537500_0 .net *"_ivl_17", 1 0, L_0x5559ea541ba0;  1 drivers
v0x5559ea5375e0_0 .net *"_ivl_3", 1 0, L_0x5559ea541810;  1 drivers
L_0x7f1111963be8 .functor BUFT 1, C4<0>, C4<0>, C4<0>, C4<0>;
v0x5559ea537710_0 .net *"_ivl_6", 0 0, L_0x7f1111963be8;  1 drivers
L_0x7f11119641d0 .functor BUFT 1, C4<00>, C4<0>, C4<0>, C4<0>;
v0x5559ea5377f0_0 .net *"_ivl_7", 1 0, L_0x7f11119641d0;  1 drivers
v0x5559ea5378d0_0 .net "a", 0 0, L_0x5559ea541d20;  1 drivers
L_0x7f1111963c78 .functor BUFT 1, C4<0>, C4<0>, C4<0>, C4<0>;
v0x5559ea537990_0 .net "b", 0 0, L_0x7f1111963c78;  1 drivers
v0x5559ea537ae0_0 .net "cin", 0 0, L_0x5559ea542110;  1 drivers
v0x5559ea537ba0_0 .net "cout", 0 0, L_0x5559ea541680;  1 drivers
v0x5559ea537c60_0 .net "sum", 0 0, L_0x5559ea541720;  1 drivers
L_0x5559ea541680 .part L_0x5559ea541ba0, 1, 1;
L_0x5559ea541720 .part L_0x5559ea541ba0, 0, 1;
L_0x5559ea541810 .concat [ 1 1 0 0], L_0x5559ea541d20, L_0x7f1111963be8;
L_0x5559ea541900 .arith/sum 2, L_0x5559ea541810, L_0x7f11119641d0;
L_0x5559ea541a20 .concat [ 1 1 0 0], L_0x5559ea542110, L_0x7f1111963c30;
L_0x5559ea541ba0 .arith/sum 2, L_0x5559ea541900, L_0x5559ea541a20;
S_0x5559ea537dc0 .scope generate, "adder[15]" "adder[15]" 3 22, 3 22 0, S_0x5559ea511cb0;
 .timescale 0 0;
P_0x5559ea537f70 .param/l "i" 1 3 22, +C4<01111>;
S_0x5559ea538050 .scope generate, "genblk1" "genblk1" 3 23, 3 23 0, S_0x5559ea537dc0;
 .timescale 0 0;
S_0x5559ea538230 .scope module, "fa" "full_adder_1bit" 3 32, 3 2 0, S_0x5559ea538050;
 .timescale 0 0;
    .port_info 0 /INPUT 1 "a";
    .port_info 1 /INPUT 1 "b";
    .port_info 2 /INPUT 1 "cin";
    .port_info 3 /OUTPUT 1 "sum";
    .port_info 4 /OUTPUT 1 "cout";
v0x5559ea5384b0_0 .net *"_ivl_11", 1 0, L_0x5559ea542480;  1 drivers
v0x5559ea5385b0_0 .net *"_ivl_13", 1 0, L_0x5559ea5425a0;  1 drivers
L_0x7f1111963d08 .functor BUFT 1, C4<0>, C4<0>, C4<0>, C4<0>;
v0x5559ea538690_0 .net *"_ivl_16", 0 0, L_0x7f1111963d08;  1 drivers
v0x5559ea538780_0 .net *"_ivl_17", 1 0, L_0x5559ea542720;  1 drivers
v0x5559ea538860_0 .net *"_ivl_3", 1 0, L_0x5559ea542390;  1 drivers
L_0x7f1111963cc0 .functor BUFT 1, C4<0>, C4<0>, C4<0>, C4<0>;
v0x5559ea538990_0 .net *"_ivl_6", 0 0, L_0x7f1111963cc0;  1 drivers
L_0x7f1111964218 .functor BUFT 1, C4<00>, C4<0>, C4<0>, C4<0>;
v0x5559ea538a70_0 .net *"_ivl_7", 1 0, L_0x7f1111964218;  1 drivers
v0x5559ea538b50_0 .net "a", 0 0, L_0x5559ea5428a0;  1 drivers
L_0x7f1111963d50 .functor BUFT 1, C4<0>, C4<0>, C4<0>, C4<0>;
v0x5559ea538c10_0 .net "b", 0 0, L_0x7f1111963d50;  1 drivers
v0x5559ea538d60_0 .net "cin", 0 0, L_0x5559ea542a90;  1 drivers
v0x5559ea538e20_0 .net "cout", 0 0, L_0x5559ea542200;  1 drivers
v0x5559ea538ee0_0 .net "sum", 0 0, L_0x5559ea5422a0;  1 drivers
L_0x5559ea542200 .part L_0x5559ea542720, 1, 1;
L_0x5559ea5422a0 .part L_0x5559ea542720, 0, 1;
L_0x5559ea542390 .concat [ 1 1 0 0], L_0x5559ea5428a0, L_0x7f1111963cc0;
L_0x5559ea542480 .arith/sum 2, L_0x5559ea542390, L_0x7f1111964218;
L_0x5559ea5425a0 .concat [ 1 1 0 0], L_0x5559ea542a90, L_0x7f1111963d08;
L_0x5559ea542720 .arith/sum 2, L_0x5559ea542480, L_0x5559ea5425a0;
    .scope S_0x5559ea512df0;
T_0 ;
    %vpi_call 2 16 "$dumpfile", "waveform.vcd" {0 0 0};
    %vpi_call 2 17 "$dumpvars", 32'sb00000000000000000000000000000000, S_0x5559ea512df0 {0 0 0};
    %pushi/vec4 0, 0, 16;
    %store/vec4 v0x5559ea539420_0, 0, 16;
    %delay 10000, 0;
    %pushi/vec4 1, 0, 16;
    %store/vec4 v0x5559ea539420_0, 0, 16;
    %delay 10000, 0;
    %pushi/vec4 32767, 0, 16;
    %store/vec4 v0x5559ea539420_0, 0, 16;
    %delay 10000, 0;
    %pushi/vec4 65535, 0, 16;
    %store/vec4 v0x5559ea539420_0, 0, 16;
    %delay 10000, 0;
    %pushi/vec4 4660, 0, 16;
    %store/vec4 v0x5559ea539420_0, 0, 16;
    %delay 10000, 0;
    %pushi/vec4 43981, 0, 16;
    %store/vec4 v0x5559ea539420_0, 0, 16;
    %delay 10000, 0;
    %vpi_call 2 38 "$finish" {0 0 0};
    %end;
    .thread T_0;
# The file index is used to find the file name in the following table.
:file_names 4;
    "N/A";
    "<interactive>";
    "16_inc-test.v";
    "16_inc.v";
