#! /usr/bin/vvp
:ivl_version "12.0 (stable)";
:ivl_delay_selection "TYPICAL";
:vpi_time_precision + 0;
:vpi_module "/usr/lib64/ivl/system.vpi";
:vpi_module "/usr/lib64/ivl/vhdl_sys.vpi";
:vpi_module "/usr/lib64/ivl/vhdl_textio.vpi";
:vpi_module "/usr/lib64/ivl/v2005_math.vpi";
:vpi_module "/usr/lib64/ivl/va_math.vpi";
S_0x560acd31c510 .scope module, "not16_tb" "not16_tb" 2 2;
 .timescale 0 0;
v0x560acd366590_0 .var "a", 15 0;
v0x560acd366650_0 .net "out", 15 0, L_0x560acd3666f0;  1 drivers
S_0x560acd31c6a0 .scope module, "dut" "not16" 2 7, 3 2 0, S_0x560acd31c510;
 .timescale 0 0;
    .port_info 0 /INPUT 16 "a";
    .port_info 1 /OUTPUT 16 "out";
L_0x560acd3666f0 .functor NOT 16, v0x560acd366590_0, C4<0000000000000000>, C4<0000000000000000>, C4<0000000000000000>;
v0x560acd356450_0 .net "a", 15 0, v0x560acd366590_0;  1 drivers
v0x560acd366450_0 .net "out", 15 0, L_0x560acd3666f0;  alias, 1 drivers
    .scope S_0x560acd31c510;
T_0 ;
    %vpi_call 2 11 "$monitor", "Time=%0t a=%b out=%b", $time, v0x560acd366590_0, v0x560acd366650_0 {0 0 0};
    %pushi/vec4 0, 0, 16;
    %store/vec4 v0x560acd366590_0, 0, 16;
    %delay 10, 0;
    %pushi/vec4 65535, 0, 16;
    %store/vec4 v0x560acd366590_0, 0, 16;
    %delay 10, 0;
    %pushi/vec4 43690, 0, 16;
    %store/vec4 v0x560acd366590_0, 0, 16;
    %delay 10, 0;
    %pushi/vec4 21845, 0, 16;
    %store/vec4 v0x560acd366590_0, 0, 16;
    %delay 10, 0;
    %vpi_call 2 19 "$finish" {0 0 0};
    %end;
    .thread T_0;
# The file index is used to find the file name in the following table.
:file_names 4;
    "N/A";
    "<interactive>";
    "not16-test.v";
    "not16.v";
