#! /usr/bin/vvp
:ivl_version "12.0 (stable)";
:ivl_delay_selection "TYPICAL";
:vpi_time_precision - 12;
:vpi_module "/usr/lib64/ivl/system.vpi";
:vpi_module "/usr/lib64/ivl/vhdl_sys.vpi";
:vpi_module "/usr/lib64/ivl/vhdl_textio.vpi";
:vpi_module "/usr/lib64/ivl/v2005_math.vpi";
:vpi_module "/usr/lib64/ivl/va_math.vpi";
S_0x55954595d0b0 .scope module, "alu_tb" "alu_tb" 2 3;
 .timescale -9 -12;
v0x5595459aca20_0 .var "a", 7 0;
v0x5595459acb00_0 .var "b", 7 0;
v0x5595459acbd0_0 .net "carry_flag", 0 0, v0x5595459ac320_0;  1 drivers
v0x5595459accd0_0 .var "op_code", 3 0;
v0x5595459acda0_0 .net "overflow_flag", 0 0, v0x5595459ac600_0;  1 drivers
v0x5595459ace40_0 .net "result", 7 0, v0x5595459ac6c0_0;  1 drivers
v0x5595459acf10_0 .net "zero_flag", 0 0, v0x5595459ac880_0;  1 drivers
S_0x559545977a90 .scope task, "display_result" "display_result" 2 25, 2 25 0, S_0x55954595d0b0;
 .timescale -9 -12;
v0x55954596cce0_0 .var "expected_carry", 0 0;
v0x55954596cb70_0 .var "expected_overflow", 0 0;
v0x55954596cfc0_0 .var "expected_result", 7 0;
v0x55954596d130_0 .var "expected_zero", 0 0;
TD_alu_tb.display_result ;
    %delay 1000, 0;
    %vpi_call 2 33 "$display", "Operation: %b, A: %d, B: %d", v0x5595459accd0_0, v0x5595459aca20_0, v0x5595459acb00_0 {0 0 0};
    %vpi_call 2 34 "$display", "Result: %d (Expected: %d)", v0x5595459ace40_0, v0x55954596cfc0_0 {0 0 0};
    %vpi_call 2 35 "$display", "Zero Flag: %b (Expected: %b)", v0x5595459acf10_0, v0x55954596d130_0 {0 0 0};
    %vpi_call 2 36 "$display", "Carry Flag: %b (Expected: %b)", v0x5595459acbd0_0, v0x55954596cce0_0 {0 0 0};
    %vpi_call 2 37 "$display", "Overflow Flag: %b (Expected: %b)", v0x5595459acda0_0, v0x55954596cb70_0 {0 0 0};
    %load/vec4 v0x5595459ace40_0;
    %load/vec4 v0x55954596cfc0_0;
    %cmp/ne;
    %jmp/1 T_0.4, 6;
    %flag_mov 8, 6;
    %load/vec4 v0x5595459acf10_0;
    %load/vec4 v0x55954596d130_0;
    %cmp/ne;
    %flag_or 6, 8;
T_0.4;
    %jmp/1 T_0.3, 6;
    %flag_mov 8, 6;
    %load/vec4 v0x5595459acbd0_0;
    %load/vec4 v0x55954596cce0_0;
    %cmp/ne;
    %flag_or 6, 8;
T_0.3;
    %jmp/1 T_0.2, 6;
    %flag_mov 8, 6;
    %load/vec4 v0x5595459acda0_0;
    %load/vec4 v0x55954596cb70_0;
    %cmp/ne;
    %flag_or 6, 8;
T_0.2;
    %jmp/0xz  T_0.0, 6;
    %vpi_call 2 41 "$display", "TEST FAILED!" {0 0 0};
    %jmp T_0.1;
T_0.0 ;
    %vpi_call 2 43 "$display", "Test passed." {0 0 0};
T_0.1 ;
    %vpi_call 2 46 "$display", "---------------------------" {0 0 0};
    %end;
S_0x5595459ab6b0 .scope module, "dut" "alu" 2 14, 3 2 0, S_0x55954595d0b0;
 .timescale 0 0;
    .port_info 0 /INPUT 8 "a";
    .port_info 1 /INPUT 8 "b";
    .port_info 2 /INPUT 4 "op_code";
    .port_info 3 /OUTPUT 8 "result";
    .port_info 4 /OUTPUT 1 "zero_flag";
    .port_info 5 /OUTPUT 1 "carry_flag";
    .port_info 6 /OUTPUT 1 "overflow_flag";
P_0x5595459ab8b0 .param/l "ADD" 0 3 13, C4<0000>;
P_0x5595459ab8f0 .param/l "AND" 0 3 15, C4<0010>;
P_0x5595459ab930 .param/l "CMPEQ" 0 3 21, C4<1000>;
P_0x5595459ab970 .param/l "CMPLE" 0 3 23, C4<1010>;
P_0x5595459ab9b0 .param/l "CMPLT" 0 3 22, C4<1001>;
P_0x5595459ab9f0 .param/l "MUL" 0 3 24, C4<1011>;
P_0x5595459aba30 .param/l "NOT" 0 3 18, C4<0101>;
P_0x5595459aba70 .param/l "OR" 0 3 16, C4<0011>;
P_0x5595459abab0 .param/l "SHL" 0 3 19, C4<0110>;
P_0x5595459abaf0 .param/l "SHR" 0 3 20, C4<0111>;
P_0x5595459abb30 .param/l "SUB" 0 3 14, C4<0001>;
P_0x5595459abb70 .param/l "XOR" 0 3 17, C4<0100>;
v0x5595459ac140_0 .net "a", 7 0, v0x5595459aca20_0;  1 drivers
v0x5595459ac240_0 .net "b", 7 0, v0x5595459acb00_0;  1 drivers
v0x5595459ac320_0 .var "carry_flag", 0 0;
v0x5595459ac3f0_0 .var "mul_temp", 15 0;
v0x5595459ac4d0_0 .net "op_code", 3 0, v0x5595459accd0_0;  1 drivers
v0x5595459ac600_0 .var "overflow_flag", 0 0;
v0x5595459ac6c0_0 .var "result", 7 0;
v0x5595459ac7a0_0 .var "temp", 8 0;
v0x5595459ac880_0 .var "zero_flag", 0 0;
E_0x55954596bbd0/0 .event anyedge, v0x5595459ac4d0_0, v0x5595459ac140_0, v0x5595459ac240_0, v0x5595459ac7a0_0;
E_0x55954596bbd0/1 .event anyedge, v0x5595459ac6c0_0, v0x5595459ac3f0_0;
E_0x55954596bbd0 .event/or E_0x55954596bbd0/0, E_0x55954596bbd0/1;
    .scope S_0x5595459ab6b0;
T_1 ;
    %wait E_0x55954596bbd0;
    %pushi/vec4 0, 0, 1;
    %store/vec4 v0x5595459ac880_0, 0, 1;
    %pushi/vec4 0, 0, 1;
    %store/vec4 v0x5595459ac320_0, 0, 1;
    %pushi/vec4 0, 0, 1;
    %store/vec4 v0x5595459ac600_0, 0, 1;
    %load/vec4 v0x5595459ac4d0_0;
    %dup/vec4;
    %pushi/vec4 0, 0, 4;
    %cmp/u;
    %jmp/1 T_1.0, 6;
    %dup/vec4;
    %pushi/vec4 1, 0, 4;
    %cmp/u;
    %jmp/1 T_1.1, 6;
    %dup/vec4;
    %pushi/vec4 2, 0, 4;
    %cmp/u;
    %jmp/1 T_1.2, 6;
    %dup/vec4;
    %pushi/vec4 3, 0, 4;
    %cmp/u;
    %jmp/1 T_1.3, 6;
    %dup/vec4;
    %pushi/vec4 4, 0, 4;
    %cmp/u;
    %jmp/1 T_1.4, 6;
    %dup/vec4;
    %pushi/vec4 5, 0, 4;
    %cmp/u;
    %jmp/1 T_1.5, 6;
    %dup/vec4;
    %pushi/vec4 6, 0, 4;
    %cmp/u;
    %jmp/1 T_1.6, 6;
    %dup/vec4;
    %pushi/vec4 7, 0, 4;
    %cmp/u;
    %jmp/1 T_1.7, 6;
    %dup/vec4;
    %pushi/vec4 8, 0, 4;
    %cmp/u;
    %jmp/1 T_1.8, 6;
    %dup/vec4;
    %pushi/vec4 9, 0, 4;
    %cmp/u;
    %jmp/1 T_1.9, 6;
    %dup/vec4;
    %pushi/vec4 10, 0, 4;
    %cmp/u;
    %jmp/1 T_1.10, 6;
    %dup/vec4;
    %pushi/vec4 11, 0, 4;
    %cmp/u;
    %jmp/1 T_1.11, 6;
    %pushi/vec4 0, 0, 8;
    %store/vec4 v0x5595459ac6c0_0, 0, 8;
    %jmp T_1.13;
T_1.0 ;
    %load/vec4 v0x5595459ac140_0;
    %pad/u 9;
    %load/vec4 v0x5595459ac240_0;
    %pad/u 9;
    %add;
    %store/vec4 v0x5595459ac7a0_0, 0, 9;
    %load/vec4 v0x5595459ac7a0_0;
    %parti/s 8, 0, 2;
    %store/vec4 v0x5595459ac6c0_0, 0, 8;
    %load/vec4 v0x5595459ac7a0_0;
    %parti/s 1, 8, 5;
    %store/vec4 v0x5595459ac320_0, 0, 1;
    %load/vec4 v0x5595459ac140_0;
    %parti/s 1, 7, 4;
    %load/vec4 v0x5595459ac240_0;
    %parti/s 1, 7, 4;
    %cmp/e;
    %flag_get/vec4 4;
    %jmp/0 T_1.14, 4;
    %load/vec4 v0x5595459ac6c0_0;
    %parti/s 1, 7, 4;
    %load/vec4 v0x5595459ac140_0;
    %parti/s 1, 7, 4;
    %cmp/ne;
    %flag_get/vec4 4;
    %and;
T_1.14;
    %store/vec4 v0x5595459ac600_0, 0, 1;
    %jmp T_1.13;
T_1.1 ;
    %load/vec4 v0x5595459ac140_0;
    %pad/u 9;
    %load/vec4 v0x5595459ac240_0;
    %pad/u 9;
    %sub;
    %store/vec4 v0x5595459ac7a0_0, 0, 9;
    %load/vec4 v0x5595459ac7a0_0;
    %parti/s 8, 0, 2;
    %store/vec4 v0x5595459ac6c0_0, 0, 8;
    %load/vec4 v0x5595459ac7a0_0;
    %parti/s 1, 8, 5;
    %store/vec4 v0x5595459ac320_0, 0, 1;
    %load/vec4 v0x5595459ac140_0;
    %parti/s 1, 7, 4;
    %load/vec4 v0x5595459ac240_0;
    %parti/s 1, 7, 4;
    %cmp/ne;
    %flag_get/vec4 4;
    %jmp/0 T_1.15, 4;
    %load/vec4 v0x5595459ac6c0_0;
    %parti/s 1, 7, 4;
    %load/vec4 v0x5595459ac140_0;
    %parti/s 1, 7, 4;
    %cmp/ne;
    %flag_get/vec4 4;
    %and;
T_1.15;
    %store/vec4 v0x5595459ac600_0, 0, 1;
    %jmp T_1.13;
T_1.2 ;
    %load/vec4 v0x5595459ac140_0;
    %load/vec4 v0x5595459ac240_0;
    %and;
    %store/vec4 v0x5595459ac6c0_0, 0, 8;
    %jmp T_1.13;
T_1.3 ;
    %load/vec4 v0x5595459ac140_0;
    %load/vec4 v0x5595459ac240_0;
    %or;
    %store/vec4 v0x5595459ac6c0_0, 0, 8;
    %jmp T_1.13;
T_1.4 ;
    %load/vec4 v0x5595459ac140_0;
    %load/vec4 v0x5595459ac240_0;
    %xor;
    %store/vec4 v0x5595459ac6c0_0, 0, 8;
    %jmp T_1.13;
T_1.5 ;
    %load/vec4 v0x5595459ac140_0;
    %inv;
    %store/vec4 v0x5595459ac6c0_0, 0, 8;
    %jmp T_1.13;
T_1.6 ;
    %load/vec4 v0x5595459ac140_0;
    %load/vec4 v0x5595459ac240_0;
    %parti/s 3, 0, 2;
    %ix/vec4 4;
    %shiftl 4;
    %store/vec4 v0x5595459ac6c0_0, 0, 8;
    %load/vec4 v0x5595459ac240_0;
    %parti/s 3, 0, 2;
    %pad/u 32;
    %cmpi/u 0, 0, 32;
    %flag_or 5, 4; GT is !LE
    %flag_inv 5;
    %jmp/0xz  T_1.16, 5;
    %load/vec4 v0x5595459ac240_0;
    %parti/s 3, 0, 2;
    %pad/u 32;
    %cmpi/u 7, 0, 32;
    %flag_or 5, 4; GT is !LE
    %flag_inv 5;
    %flag_mov 8, 5;
    %jmp/0 T_1.18, 8;
    %pushi/vec4 0, 0, 1;
    %jmp/1 T_1.19, 8;
T_1.18 ; End of true expr.
    %load/vec4 v0x5595459ac140_0;
    %pushi/vec4 8, 0, 32;
    %load/vec4 v0x5595459ac240_0;
    %parti/s 3, 0, 2;
    %pad/u 32;
    %sub;
    %part/u 1;
    %jmp/0 T_1.19, 8;
 ; End of false expr.
    %blend;
T_1.19;
    %store/vec4 v0x5595459ac320_0, 0, 1;
T_1.16 ;
    %jmp T_1.13;
T_1.7 ;
    %load/vec4 v0x5595459ac140_0;
    %load/vec4 v0x5595459ac240_0;
    %parti/s 3, 0, 2;
    %ix/vec4 4;
    %shiftr 4;
    %store/vec4 v0x5595459ac6c0_0, 0, 8;
    %load/vec4 v0x5595459ac240_0;
    %parti/s 3, 0, 2;
    %pad/u 32;
    %cmpi/u 0, 0, 32;
    %flag_or 5, 4; GT is !LE
    %flag_inv 5;
    %jmp/0xz  T_1.20, 5;
    %load/vec4 v0x5595459ac240_0;
    %parti/s 3, 0, 2;
    %pad/u 32;
    %cmpi/u 7, 0, 32;
    %flag_or 5, 4; GT is !LE
    %flag_inv 5;
    %flag_mov 8, 5;
    %jmp/0 T_1.22, 8;
    %pushi/vec4 0, 0, 1;
    %jmp/1 T_1.23, 8;
T_1.22 ; End of true expr.
    %load/vec4 v0x5595459ac140_0;
    %load/vec4 v0x5595459ac240_0;
    %parti/s 3, 0, 2;
    %pad/u 32;
    %subi 1, 0, 32;
    %part/u 1;
    %jmp/0 T_1.23, 8;
 ; End of false expr.
    %blend;
T_1.23;
    %store/vec4 v0x5595459ac320_0, 0, 1;
T_1.20 ;
    %jmp T_1.13;
T_1.8 ;
    %load/vec4 v0x5595459ac140_0;
    %load/vec4 v0x5595459ac240_0;
    %cmp/e;
    %flag_mov 8, 4;
    %jmp/0 T_1.24, 8;
    %pushi/vec4 1, 0, 8;
    %jmp/1 T_1.25, 8;
T_1.24 ; End of true expr.
    %pushi/vec4 0, 0, 8;
    %jmp/0 T_1.25, 8;
 ; End of false expr.
    %blend;
T_1.25;
    %store/vec4 v0x5595459ac6c0_0, 0, 8;
    %jmp T_1.13;
T_1.9 ;
    %load/vec4 v0x5595459ac140_0;
    %load/vec4 v0x5595459ac240_0;
    %cmp/s;
    %flag_mov 8, 5;
    %jmp/0 T_1.26, 8;
    %pushi/vec4 1, 0, 8;
    %jmp/1 T_1.27, 8;
T_1.26 ; End of true expr.
    %pushi/vec4 0, 0, 8;
    %jmp/0 T_1.27, 8;
 ; End of false expr.
    %blend;
T_1.27;
    %store/vec4 v0x5595459ac6c0_0, 0, 8;
    %jmp T_1.13;
T_1.10 ;
    %load/vec4 v0x5595459ac140_0;
    %load/vec4 v0x5595459ac240_0;
    %cmp/s;
    %flag_or 5, 4;
    %flag_mov 8, 5;
    %jmp/0 T_1.28, 8;
    %pushi/vec4 1, 0, 8;
    %jmp/1 T_1.29, 8;
T_1.28 ; End of true expr.
    %pushi/vec4 0, 0, 8;
    %jmp/0 T_1.29, 8;
 ; End of false expr.
    %blend;
T_1.29;
    %store/vec4 v0x5595459ac6c0_0, 0, 8;
    %jmp T_1.13;
T_1.11 ;
    %load/vec4 v0x5595459ac140_0;
    %pad/u 16;
    %load/vec4 v0x5595459ac240_0;
    %pad/u 16;
    %mul;
    %store/vec4 v0x5595459ac3f0_0, 0, 16;
    %load/vec4 v0x5595459ac3f0_0;
    %parti/s 8, 0, 2;
    %store/vec4 v0x5595459ac6c0_0, 0, 8;
    %load/vec4 v0x5595459ac3f0_0;
    %parti/s 8, 8, 5;
    %or/r;
    %store/vec4 v0x5595459ac320_0, 0, 1;
    %jmp T_1.13;
T_1.13 ;
    %pop/vec4 1;
    %load/vec4 v0x5595459ac6c0_0;
    %pushi/vec4 0, 0, 8;
    %cmp/e;
    %flag_get/vec4 4;
    %store/vec4 v0x5595459ac880_0, 0, 1;
    %jmp T_1;
    .thread T_1, $push;
    .scope S_0x55954595d0b0;
T_2 ;
    %vpi_call 2 52 "$display", "Starting ALU Testbench" {0 0 0};
    %pushi/vec4 10, 0, 8;
    %store/vec4 v0x5595459aca20_0, 0, 8;
    %pushi/vec4 20, 0, 8;
    %store/vec4 v0x5595459acb00_0, 0, 8;
    %pushi/vec4 0, 0, 4;
    %store/vec4 v0x5595459accd0_0, 0, 4;
    %delay 10000, 0;
    %pushi/vec4 30, 0, 8;
    %store/vec4 v0x55954596cfc0_0, 0, 8;
    %pushi/vec4 0, 0, 1;
    %store/vec4 v0x55954596d130_0, 0, 1;
    %pushi/vec4 0, 0, 1;
    %store/vec4 v0x55954596cce0_0, 0, 1;
    %pushi/vec4 0, 0, 1;
    %store/vec4 v0x55954596cb70_0, 0, 1;
    %fork TD_alu_tb.display_result, S_0x559545977a90;
    %join;
    %pushi/vec4 200, 0, 8;
    %store/vec4 v0x5595459aca20_0, 0, 8;
    %pushi/vec4 100, 0, 8;
    %store/vec4 v0x5595459acb00_0, 0, 8;
    %pushi/vec4 0, 0, 4;
    %store/vec4 v0x5595459accd0_0, 0, 4;
    %delay 10000, 0;
    %pushi/vec4 44, 0, 8;
    %store/vec4 v0x55954596cfc0_0, 0, 8;
    %pushi/vec4 0, 0, 1;
    %store/vec4 v0x55954596d130_0, 0, 1;
    %pushi/vec4 1, 0, 1;
    %store/vec4 v0x55954596cce0_0, 0, 1;
    %pushi/vec4 0, 0, 1;
    %store/vec4 v0x55954596cb70_0, 0, 1;
    %fork TD_alu_tb.display_result, S_0x559545977a90;
    %join;
    %pushi/vec4 100, 0, 8;
    %store/vec4 v0x5595459aca20_0, 0, 8;
    %pushi/vec4 100, 0, 8;
    %store/vec4 v0x5595459acb00_0, 0, 8;
    %pushi/vec4 0, 0, 4;
    %store/vec4 v0x5595459accd0_0, 0, 4;
    %delay 10000, 0;
    %pushi/vec4 200, 0, 8;
    %store/vec4 v0x55954596cfc0_0, 0, 8;
    %pushi/vec4 0, 0, 1;
    %store/vec4 v0x55954596d130_0, 0, 1;
    %pushi/vec4 0, 0, 1;
    %store/vec4 v0x55954596cce0_0, 0, 1;
    %pushi/vec4 0, 0, 1;
    %store/vec4 v0x55954596cb70_0, 0, 1;
    %fork TD_alu_tb.display_result, S_0x559545977a90;
    %join;
    %pushi/vec4 127, 0, 8;
    %store/vec4 v0x5595459aca20_0, 0, 8;
    %pushi/vec4 1, 0, 8;
    %store/vec4 v0x5595459acb00_0, 0, 8;
    %pushi/vec4 0, 0, 4;
    %store/vec4 v0x5595459accd0_0, 0, 4;
    %delay 10000, 0;
    %pushi/vec4 128, 0, 8;
    %store/vec4 v0x55954596cfc0_0, 0, 8;
    %pushi/vec4 0, 0, 1;
    %store/vec4 v0x55954596d130_0, 0, 1;
    %pushi/vec4 0, 0, 1;
    %store/vec4 v0x55954596cce0_0, 0, 1;
    %pushi/vec4 1, 0, 1;
    %store/vec4 v0x55954596cb70_0, 0, 1;
    %fork TD_alu_tb.display_result, S_0x559545977a90;
    %join;
    %pushi/vec4 50, 0, 8;
    %store/vec4 v0x5595459aca20_0, 0, 8;
    %pushi/vec4 20, 0, 8;
    %store/vec4 v0x5595459acb00_0, 0, 8;
    %pushi/vec4 1, 0, 4;
    %store/vec4 v0x5595459accd0_0, 0, 4;
    %delay 10000, 0;
    %pushi/vec4 30, 0, 8;
    %store/vec4 v0x55954596cfc0_0, 0, 8;
    %pushi/vec4 0, 0, 1;
    %store/vec4 v0x55954596d130_0, 0, 1;
    %pushi/vec4 0, 0, 1;
    %store/vec4 v0x55954596cce0_0, 0, 1;
    %pushi/vec4 0, 0, 1;
    %store/vec4 v0x55954596cb70_0, 0, 1;
    %fork TD_alu_tb.display_result, S_0x559545977a90;
    %join;
    %pushi/vec4 10, 0, 8;
    %store/vec4 v0x5595459aca20_0, 0, 8;
    %pushi/vec4 20, 0, 8;
    %store/vec4 v0x5595459acb00_0, 0, 8;
    %pushi/vec4 1, 0, 4;
    %store/vec4 v0x5595459accd0_0, 0, 4;
    %delay 10000, 0;
    %pushi/vec4 246, 0, 8;
    %store/vec4 v0x55954596cfc0_0, 0, 8;
    %pushi/vec4 0, 0, 1;
    %store/vec4 v0x55954596d130_0, 0, 1;
    %pushi/vec4 1, 0, 1;
    %store/vec4 v0x55954596cce0_0, 0, 1;
    %pushi/vec4 0, 0, 1;
    %store/vec4 v0x55954596cb70_0, 0, 1;
    %fork TD_alu_tb.display_result, S_0x559545977a90;
    %join;
    %pushi/vec4 128, 0, 8;
    %store/vec4 v0x5595459aca20_0, 0, 8;
    %pushi/vec4 1, 0, 8;
    %store/vec4 v0x5595459acb00_0, 0, 8;
    %pushi/vec4 1, 0, 4;
    %store/vec4 v0x5595459accd0_0, 0, 4;
    %delay 10000, 0;
    %pushi/vec4 127, 0, 8;
    %store/vec4 v0x55954596cfc0_0, 0, 8;
    %pushi/vec4 0, 0, 1;
    %store/vec4 v0x55954596d130_0, 0, 1;
    %pushi/vec4 1, 0, 1;
    %store/vec4 v0x55954596cce0_0, 0, 1;
    %pushi/vec4 1, 0, 1;
    %store/vec4 v0x55954596cb70_0, 0, 1;
    %fork TD_alu_tb.display_result, S_0x559545977a90;
    %join;
    %pushi/vec4 170, 0, 8;
    %store/vec4 v0x5595459aca20_0, 0, 8;
    %pushi/vec4 85, 0, 8;
    %store/vec4 v0x5595459acb00_0, 0, 8;
    %pushi/vec4 2, 0, 4;
    %store/vec4 v0x5595459accd0_0, 0, 4;
    %delay 10000, 0;
    %pushi/vec4 0, 0, 8;
    %store/vec4 v0x55954596cfc0_0, 0, 8;
    %pushi/vec4 1, 0, 1;
    %store/vec4 v0x55954596d130_0, 0, 1;
    %pushi/vec4 0, 0, 1;
    %store/vec4 v0x55954596cce0_0, 0, 1;
    %pushi/vec4 0, 0, 1;
    %store/vec4 v0x55954596cb70_0, 0, 1;
    %fork TD_alu_tb.display_result, S_0x559545977a90;
    %join;
    %pushi/vec4 170, 0, 8;
    %store/vec4 v0x5595459aca20_0, 0, 8;
    %pushi/vec4 85, 0, 8;
    %store/vec4 v0x5595459acb00_0, 0, 8;
    %pushi/vec4 3, 0, 4;
    %store/vec4 v0x5595459accd0_0, 0, 4;
    %delay 10000, 0;
    %pushi/vec4 255, 0, 8;
    %store/vec4 v0x55954596cfc0_0, 0, 8;
    %pushi/vec4 0, 0, 1;
    %store/vec4 v0x55954596d130_0, 0, 1;
    %pushi/vec4 0, 0, 1;
    %store/vec4 v0x55954596cce0_0, 0, 1;
    %pushi/vec4 0, 0, 1;
    %store/vec4 v0x55954596cb70_0, 0, 1;
    %fork TD_alu_tb.display_result, S_0x559545977a90;
    %join;
    %pushi/vec4 170, 0, 8;
    %store/vec4 v0x5595459aca20_0, 0, 8;
    %pushi/vec4 85, 0, 8;
    %store/vec4 v0x5595459acb00_0, 0, 8;
    %pushi/vec4 4, 0, 4;
    %store/vec4 v0x5595459accd0_0, 0, 4;
    %delay 10000, 0;
    %pushi/vec4 255, 0, 8;
    %store/vec4 v0x55954596cfc0_0, 0, 8;
    %pushi/vec4 0, 0, 1;
    %store/vec4 v0x55954596d130_0, 0, 1;
    %pushi/vec4 0, 0, 1;
    %store/vec4 v0x55954596cce0_0, 0, 1;
    %pushi/vec4 0, 0, 1;
    %store/vec4 v0x55954596cb70_0, 0, 1;
    %fork TD_alu_tb.display_result, S_0x559545977a90;
    %join;
    %pushi/vec4 170, 0, 8;
    %store/vec4 v0x5595459aca20_0, 0, 8;
    %pushi/vec4 0, 0, 8;
    %store/vec4 v0x5595459acb00_0, 0, 8;
    %pushi/vec4 5, 0, 4;
    %store/vec4 v0x5595459accd0_0, 0, 4;
    %delay 10000, 0;
    %pushi/vec4 85, 0, 8;
    %store/vec4 v0x55954596cfc0_0, 0, 8;
    %pushi/vec4 0, 0, 1;
    %store/vec4 v0x55954596d130_0, 0, 1;
    %pushi/vec4 0, 0, 1;
    %store/vec4 v0x55954596cce0_0, 0, 1;
    %pushi/vec4 0, 0, 1;
    %store/vec4 v0x55954596cb70_0, 0, 1;
    %fork TD_alu_tb.display_result, S_0x559545977a90;
    %join;
    %pushi/vec4 1, 0, 8;
    %store/vec4 v0x5595459aca20_0, 0, 8;
    %pushi/vec4 3, 0, 8;
    %store/vec4 v0x5595459acb00_0, 0, 8;
    %pushi/vec4 6, 0, 4;
    %store/vec4 v0x5595459accd0_0, 0, 4;
    %delay 10000, 0;
    %pushi/vec4 8, 0, 8;
    %store/vec4 v0x55954596cfc0_0, 0, 8;
    %pushi/vec4 0, 0, 1;
    %store/vec4 v0x55954596d130_0, 0, 1;
    %pushi/vec4 0, 0, 1;
    %store/vec4 v0x55954596cce0_0, 0, 1;
    %pushi/vec4 0, 0, 1;
    %store/vec4 v0x55954596cb70_0, 0, 1;
    %fork TD_alu_tb.display_result, S_0x559545977a90;
    %join;
    %pushi/vec4 128, 0, 8;
    %store/vec4 v0x5595459aca20_0, 0, 8;
    %pushi/vec4 3, 0, 8;
    %store/vec4 v0x5595459acb00_0, 0, 8;
    %pushi/vec4 7, 0, 4;
    %store/vec4 v0x5595459accd0_0, 0, 4;
    %delay 10000, 0;
    %pushi/vec4 16, 0, 8;
    %store/vec4 v0x55954596cfc0_0, 0, 8;
    %pushi/vec4 0, 0, 1;
    %store/vec4 v0x55954596d130_0, 0, 1;
    %pushi/vec4 0, 0, 1;
    %store/vec4 v0x55954596cce0_0, 0, 1;
    %pushi/vec4 0, 0, 1;
    %store/vec4 v0x55954596cb70_0, 0, 1;
    %fork TD_alu_tb.display_result, S_0x559545977a90;
    %join;
    %pushi/vec4 10, 0, 8;
    %store/vec4 v0x5595459aca20_0, 0, 8;
    %pushi/vec4 10, 0, 8;
    %store/vec4 v0x5595459acb00_0, 0, 8;
    %pushi/vec4 8, 0, 4;
    %store/vec4 v0x5595459accd0_0, 0, 4;
    %delay 10000, 0;
    %pushi/vec4 1, 0, 8;
    %store/vec4 v0x55954596cfc0_0, 0, 8;
    %pushi/vec4 0, 0, 1;
    %store/vec4 v0x55954596d130_0, 0, 1;
    %pushi/vec4 0, 0, 1;
    %store/vec4 v0x55954596cce0_0, 0, 1;
    %pushi/vec4 0, 0, 1;
    %store/vec4 v0x55954596cb70_0, 0, 1;
    %fork TD_alu_tb.display_result, S_0x559545977a90;
    %join;
    %pushi/vec4 5, 0, 8;
    %store/vec4 v0x5595459aca20_0, 0, 8;
    %pushi/vec4 10, 0, 8;
    %store/vec4 v0x5595459acb00_0, 0, 8;
    %pushi/vec4 9, 0, 4;
    %store/vec4 v0x5595459accd0_0, 0, 4;
    %delay 10000, 0;
    %pushi/vec4 1, 0, 8;
    %store/vec4 v0x55954596cfc0_0, 0, 8;
    %pushi/vec4 0, 0, 1;
    %store/vec4 v0x55954596d130_0, 0, 1;
    %pushi/vec4 0, 0, 1;
    %store/vec4 v0x55954596cce0_0, 0, 1;
    %pushi/vec4 0, 0, 1;
    %store/vec4 v0x55954596cb70_0, 0, 1;
    %fork TD_alu_tb.display_result, S_0x559545977a90;
    %join;
    %pushi/vec4 10, 0, 8;
    %store/vec4 v0x5595459aca20_0, 0, 8;
    %pushi/vec4 10, 0, 8;
    %store/vec4 v0x5595459acb00_0, 0, 8;
    %pushi/vec4 10, 0, 4;
    %store/vec4 v0x5595459accd0_0, 0, 4;
    %delay 10000, 0;
    %pushi/vec4 1, 0, 8;
    %store/vec4 v0x55954596cfc0_0, 0, 8;
    %pushi/vec4 0, 0, 1;
    %store/vec4 v0x55954596d130_0, 0, 1;
    %pushi/vec4 0, 0, 1;
    %store/vec4 v0x55954596cce0_0, 0, 1;
    %pushi/vec4 0, 0, 1;
    %store/vec4 v0x55954596cb70_0, 0, 1;
    %fork TD_alu_tb.display_result, S_0x559545977a90;
    %join;
    %pushi/vec4 10, 0, 8;
    %store/vec4 v0x5595459aca20_0, 0, 8;
    %pushi/vec4 5, 0, 8;
    %store/vec4 v0x5595459acb00_0, 0, 8;
    %pushi/vec4 11, 0, 4;
    %store/vec4 v0x5595459accd0_0, 0, 4;
    %delay 10000, 0;
    %pushi/vec4 50, 0, 8;
    %store/vec4 v0x55954596cfc0_0, 0, 8;
    %pushi/vec4 0, 0, 1;
    %store/vec4 v0x55954596d130_0, 0, 1;
    %pushi/vec4 0, 0, 1;
    %store/vec4 v0x55954596cce0_0, 0, 1;
    %pushi/vec4 0, 0, 1;
    %store/vec4 v0x55954596cb70_0, 0, 1;
    %fork TD_alu_tb.display_result, S_0x559545977a90;
    %join;
    %pushi/vec4 20, 0, 8;
    %store/vec4 v0x5595459aca20_0, 0, 8;
    %pushi/vec4 20, 0, 8;
    %store/vec4 v0x5595459acb00_0, 0, 8;
    %pushi/vec4 11, 0, 4;
    %store/vec4 v0x5595459accd0_0, 0, 4;
    %delay 10000, 0;
    %pushi/vec4 144, 0, 8;
    %store/vec4 v0x55954596cfc0_0, 0, 8;
    %pushi/vec4 0, 0, 1;
    %store/vec4 v0x55954596d130_0, 0, 1;
    %pushi/vec4 1, 0, 1;
    %store/vec4 v0x55954596cce0_0, 0, 1;
    %pushi/vec4 0, 0, 1;
    %store/vec4 v0x55954596cb70_0, 0, 1;
    %fork TD_alu_tb.display_result, S_0x559545977a90;
    %join;
    %vpi_call 2 118 "$display", "ALU Testbench Complete" {0 0 0};
    %vpi_call 2 119 "$finish" {0 0 0};
    %end;
    .thread T_2;
    .scope S_0x55954595d0b0;
T_3 ;
    %vpi_call 2 124 "$dumpfile", "alu_tb.vcd" {0 0 0};
    %vpi_call 2 125 "$dumpvars", 32'sb00000000000000000000000000000000, S_0x55954595d0b0 {0 0 0};
    %end;
    .thread T_3;
# The file index is used to find the file name in the following table.
:file_names 4;
    "N/A";
    "<interactive>";
    "alu-test.v";
    "alu.v";
