#! /usr/bin/vvp
:ivl_version "12.0 (stable)";
:ivl_delay_selection "TYPICAL";
:vpi_time_precision - 12;
:vpi_module "/usr/lib64/ivl/system.vpi";
:vpi_module "/usr/lib64/ivl/vhdl_sys.vpi";
:vpi_module "/usr/lib64/ivl/vhdl_textio.vpi";
:vpi_module "/usr/lib64/ivl/v2005_math.vpi";
:vpi_module "/usr/lib64/ivl/va_math.vpi";
S_0x56512feb3f00 .scope module, "Register_tb" "Register_tb" 2 3;
 .timescale -9 -12;
v0x56512fedc100_0 .var "clk", 0 0;
v0x56512fedc1c0_0 .var "in", 15 0;
v0x56512fedc290_0 .var "load", 0 0;
v0x56512fedc390_0 .net "out", 15 0, v0x56512fedbf70_0;  1 drivers
S_0x56512fec7350 .scope module, "dut" "Register" 2 10, 3 2 0, S_0x56512feb3f00;
 .timescale 0 0;
    .port_info 0 /INPUT 1 "clk";
    .port_info 1 /INPUT 1 "load";
    .port_info 2 /INPUT 16 "in";
    .port_info 3 /OUTPUT 16 "out";
v0x56512fec75a0_0 .net "clk", 0 0, v0x56512fedc100_0;  1 drivers
v0x56512fedbdc0_0 .net "in", 15 0, v0x56512fedc1c0_0;  1 drivers
v0x56512fedbea0_0 .net "load", 0 0, v0x56512fedc290_0;  1 drivers
v0x56512fedbf70_0 .var "out", 15 0;
E_0x56512fec5800 .event posedge, v0x56512fec75a0_0;
    .scope S_0x56512fec7350;
T_0 ;
    %pushi/vec4 0, 0, 16;
    %store/vec4 v0x56512fedbf70_0, 0, 16;
    %end;
    .thread T_0;
    .scope S_0x56512fec7350;
T_1 ;
    %wait E_0x56512fec5800;
    %load/vec4 v0x56512fedbea0_0;
    %flag_set/vec4 8;
    %jmp/0xz  T_1.0, 8;
    %load/vec4 v0x56512fedbdc0_0;
    %assign/vec4 v0x56512fedbf70_0, 0;
T_1.0 ;
    %jmp T_1;
    .thread T_1;
    .scope S_0x56512feb3f00;
T_2 ;
    %pushi/vec4 0, 0, 1;
    %store/vec4 v0x56512fedc100_0, 0, 1;
T_2.0 ;
    %delay 5000, 0;
    %load/vec4 v0x56512fedc100_0;
    %inv;
    %store/vec4 v0x56512fedc100_0, 0, 1;
    %jmp T_2.0;
    %end;
    .thread T_2;
    .scope S_0x56512feb3f00;
T_3 ;
    %pushi/vec4 0, 0, 1;
    %store/vec4 v0x56512fedc290_0, 0, 1;
    %pushi/vec4 0, 0, 16;
    %store/vec4 v0x56512fedc1c0_0, 0, 16;
    %vpi_call 2 30 "$display", "Time\011load\011in\011\011out" {0 0 0};
    %vpi_call 2 31 "$monitor", "%0t\011%b\011%h\011%h", $time, v0x56512fedc290_0, v0x56512fedc1c0_0, v0x56512fedc390_0 {0 0 0};
    %delay 10000, 0;
    %pushi/vec4 1, 0, 1;
    %store/vec4 v0x56512fedc290_0, 0, 1;
    %pushi/vec4 43690, 0, 16;
    %store/vec4 v0x56512fedc1c0_0, 0, 16;
    %delay 10000, 0;
    %pushi/vec4 0, 0, 1;
    %store/vec4 v0x56512fedc290_0, 0, 1;
    %pushi/vec4 21845, 0, 16;
    %store/vec4 v0x56512fedc1c0_0, 0, 16;
    %delay 10000, 0;
    %pushi/vec4 1, 0, 1;
    %store/vec4 v0x56512fedc290_0, 0, 1;
    %pushi/vec4 21845, 0, 16;
    %store/vec4 v0x56512fedc1c0_0, 0, 16;
    %delay 10000, 0;
    %pushi/vec4 0, 0, 1;
    %store/vec4 v0x56512fedc290_0, 0, 1;
    %pushi/vec4 65535, 0, 16;
    %store/vec4 v0x56512fedc1c0_0, 0, 16;
    %delay 10000, 0;
    %pushi/vec4 1, 0, 1;
    %store/vec4 v0x56512fedc290_0, 0, 1;
    %pushi/vec4 4660, 0, 16;
    %store/vec4 v0x56512fedc1c0_0, 0, 16;
    %delay 10000, 0;
    %vpi_call 2 41 "$finish" {0 0 0};
    %end;
    .thread T_3;
# The file index is used to find the file name in the following table.
:file_names 4;
    "N/A";
    "<interactive>";
    "reg-tb.v";
    "reg.v";
