#! /usr/bin/vvp
:ivl_version "12.0 (stable)";
:ivl_delay_selection "TYPICAL";
:vpi_time_precision - 12;
:vpi_module "/usr/lib64/ivl/system.vpi";
:vpi_module "/usr/lib64/ivl/vhdl_sys.vpi";
:vpi_module "/usr/lib64/ivl/vhdl_textio.vpi";
:vpi_module "/usr/lib64/ivl/v2005_math.vpi";
:vpi_module "/usr/lib64/ivl/va_math.vpi";
S_0x557fb990b4e0 .scope module, "RAM4K_tb" "RAM4K_tb" 2 4;
 .timescale -9 -12;
v0x557fb99250f0_0 .var "address", 11 0;
v0x557fb99251d0_0 .var "clk", 0 0;
v0x557fb9925270_0 .var "in", 15 0;
v0x557fb9925370_0 .var "load", 0 0;
v0x557fb9925440_0 .net "out", 15 0, v0x557fb9924f70_0;  1 drivers
S_0x557fb990b670 .scope module, "dut" "RAM4K" 2 12, 3 2 0, S_0x557fb990b4e0;
 .timescale 0 0;
    .port_info 0 /INPUT 1 "clk";
    .port_info 1 /INPUT 1 "load";
    .port_info 2 /INPUT 12 "address";
    .port_info 3 /INPUT 16 "in";
    .port_info 4 /OUTPUT 16 "out";
v0x557fb990b870_0 .net "address", 11 0, v0x557fb99250f0_0;  1 drivers
v0x557fb9924c20_0 .net "clk", 0 0, v0x557fb99251d0_0;  1 drivers
v0x557fb9924ce0_0 .net "in", 15 0, v0x557fb9925270_0;  1 drivers
v0x557fb9924da0_0 .net "load", 0 0, v0x557fb9925370_0;  1 drivers
v0x557fb9924e60 .array "memory", 4095 0, 15 0;
v0x557fb9924f70_0 .var "out", 15 0;
E_0x557fb9909d30 .event anyedge, v0x557fb990b870_0;
E_0x557fb9909790 .event posedge, v0x557fb9924c20_0;
    .scope S_0x557fb990b670;
T_0 ;
    %pushi/vec4 0, 0, 16;
    %store/vec4 v0x557fb9924f70_0, 0, 16;
    %end;
    .thread T_0;
    .scope S_0x557fb990b670;
T_1 ;
    %wait E_0x557fb9909790;
    %load/vec4 v0x557fb9924da0_0;
    %flag_set/vec4 8;
    %jmp/0xz  T_1.0, 8;
    %load/vec4 v0x557fb9924ce0_0;
    %load/vec4 v0x557fb990b870_0;
    %pad/u 14;
    %ix/vec4 3;
    %ix/load 4, 0, 0; Constant delay
    %assign/vec4/a/d v0x557fb9924e60, 0, 4;
T_1.0 ;
    %jmp T_1;
    .thread T_1;
    .scope S_0x557fb990b670;
T_2 ;
    %wait E_0x557fb9909d30;
    %load/vec4 v0x557fb990b870_0;
    %pad/u 14;
    %ix/vec4 4;
    %load/vec4a v0x557fb9924e60, 4;
    %store/vec4 v0x557fb9924f70_0, 0, 16;
    %jmp T_2;
    .thread T_2, $push;
    .scope S_0x557fb990b4e0;
T_3 ;
    %pushi/vec4 0, 0, 1;
    %store/vec4 v0x557fb99251d0_0, 0, 1;
T_3.0 ;
    %delay 5000, 0;
    %load/vec4 v0x557fb99251d0_0;
    %inv;
    %store/vec4 v0x557fb99251d0_0, 0, 1;
    %jmp T_3.0;
    %end;
    .thread T_3;
    .scope S_0x557fb990b4e0;
T_4 ;
    %pushi/vec4 0, 0, 1;
    %store/vec4 v0x557fb9925370_0, 0, 1;
    %pushi/vec4 0, 0, 12;
    %store/vec4 v0x557fb99250f0_0, 0, 12;
    %pushi/vec4 0, 0, 16;
    %store/vec4 v0x557fb9925270_0, 0, 16;
    %vpi_call 2 34 "$display", "Time\011load\011address\011\011in\011\011out" {0 0 0};
    %vpi_call 2 35 "$monitor", "%0t\011%b\011%d\011%h\011%h", $time, v0x557fb9925370_0, v0x557fb99250f0_0, v0x557fb9925270_0, v0x557fb9925440_0 {0 0 0};
    %delay 10000, 0;
    %pushi/vec4 1, 0, 1;
    %store/vec4 v0x557fb9925370_0, 0, 1;
    %pushi/vec4 0, 0, 12;
    %store/vec4 v0x557fb99250f0_0, 0, 12;
    %pushi/vec4 40960, 0, 16;
    %store/vec4 v0x557fb9925270_0, 0, 16;
    %delay 10000, 0;
    %pushi/vec4 1, 0, 1;
    %store/vec4 v0x557fb9925370_0, 0, 1;
    %pushi/vec4 1000, 0, 12;
    %store/vec4 v0x557fb99250f0_0, 0, 12;
    %pushi/vec4 45329, 0, 16;
    %store/vec4 v0x557fb9925270_0, 0, 16;
    %delay 10000, 0;
    %pushi/vec4 1, 0, 1;
    %store/vec4 v0x557fb9925370_0, 0, 1;
    %pushi/vec4 2500, 0, 12;
    %store/vec4 v0x557fb99250f0_0, 0, 12;
    %pushi/vec4 49698, 0, 16;
    %store/vec4 v0x557fb9925270_0, 0, 16;
    %delay 10000, 0;
    %pushi/vec4 1, 0, 1;
    %store/vec4 v0x557fb9925370_0, 0, 1;
    %pushi/vec4 4095, 0, 12;
    %store/vec4 v0x557fb99250f0_0, 0, 12;
    %pushi/vec4 54067, 0, 16;
    %store/vec4 v0x557fb9925270_0, 0, 16;
    %delay 10000, 0;
    %pushi/vec4 0, 0, 1;
    %store/vec4 v0x557fb9925370_0, 0, 1;
    %pushi/vec4 0, 0, 12;
    %store/vec4 v0x557fb99250f0_0, 0, 12;
    %delay 10000, 0;
    %pushi/vec4 0, 0, 1;
    %store/vec4 v0x557fb9925370_0, 0, 1;
    %pushi/vec4 1000, 0, 12;
    %store/vec4 v0x557fb99250f0_0, 0, 12;
    %delay 10000, 0;
    %pushi/vec4 0, 0, 1;
    %store/vec4 v0x557fb9925370_0, 0, 1;
    %pushi/vec4 2500, 0, 12;
    %store/vec4 v0x557fb99250f0_0, 0, 12;
    %delay 10000, 0;
    %pushi/vec4 0, 0, 1;
    %store/vec4 v0x557fb9925370_0, 0, 1;
    %pushi/vec4 4095, 0, 12;
    %store/vec4 v0x557fb99250f0_0, 0, 12;
    %delay 10000, 0;
    %pushi/vec4 1, 0, 1;
    %store/vec4 v0x557fb9925370_0, 0, 1;
    %pushi/vec4 2500, 0, 12;
    %store/vec4 v0x557fb99250f0_0, 0, 12;
    %pushi/vec4 61166, 0, 16;
    %store/vec4 v0x557fb9925270_0, 0, 16;
    %delay 10000, 0;
    %pushi/vec4 0, 0, 1;
    %store/vec4 v0x557fb9925370_0, 0, 1;
    %pushi/vec4 2500, 0, 12;
    %store/vec4 v0x557fb99250f0_0, 0, 12;
    %delay 10000, 0;
    %vpi_call 2 54 "$finish" {0 0 0};
    %end;
    .thread T_4;
# The file index is used to find the file name in the following table.
:file_names 4;
    "N/A";
    "<interactive>";
    "ram_4k-tb.v";
    "ram_4k.v";
