#! /usr/bin/vvp
:ivl_version "12.0 (stable)";
:ivl_delay_selection "TYPICAL";
:vpi_time_precision + 0;
:vpi_module "/usr/lib64/ivl/system.vpi";
:vpi_module "/usr/lib64/ivl/vhdl_sys.vpi";
:vpi_module "/usr/lib64/ivl/vhdl_textio.vpi";
:vpi_module "/usr/lib64/ivl/v2005_math.vpi";
:vpi_module "/usr/lib64/ivl/va_math.vpi";
S_0x55f4d0f58510 .scope module, "or16_tb" "or16_tb" 2 2;
 .timescale 0 0;
v0x55f4d0fa4830_0 .var "a", 15 0;
v0x55f4d0fa48f0_0 .var "b", 15 0;
v0x55f4d0fa4990_0 .net "out", 15 0, L_0x55f4d0fa4a90;  1 drivers
S_0x55f4d0f586a0 .scope module, "dut" "or16" 2 7, 3 2 0, S_0x55f4d0f58510;
 .timescale 0 0;
    .port_info 0 /INPUT 16 "a";
    .port_info 1 /INPUT 16 "b";
    .port_info 2 /OUTPUT 16 "out";
L_0x55f4d0fa4a90 .functor OR 16, v0x55f4d0fa4830_0, v0x55f4d0fa48f0_0, C4<0000000000000000>, C4<0000000000000000>;
v0x55f4d0f933b0_0 .net "a", 15 0, v0x55f4d0fa4830_0;  1 drivers
v0x55f4d0fa4610_0 .net "b", 15 0, v0x55f4d0fa48f0_0;  1 drivers
v0x55f4d0fa46f0_0 .net "out", 15 0, L_0x55f4d0fa4a90;  alias, 1 drivers
    .scope S_0x55f4d0f58510;
T_0 ;
    %vpi_call 2 11 "$monitor", "Time=%0t a=%h b=%h out=%h", $time, v0x55f4d0fa4830_0, v0x55f4d0fa48f0_0, v0x55f4d0fa4990_0 {0 0 0};
    %pushi/vec4 0, 0, 16;
    %store/vec4 v0x55f4d0fa4830_0, 0, 16;
    %pushi/vec4 0, 0, 16;
    %store/vec4 v0x55f4d0fa48f0_0, 0, 16;
    %delay 10, 0;
    %pushi/vec4 65535, 0, 16;
    %store/vec4 v0x55f4d0fa4830_0, 0, 16;
    %pushi/vec4 0, 0, 16;
    %store/vec4 v0x55f4d0fa48f0_0, 0, 16;
    %delay 10, 0;
    %pushi/vec4 0, 0, 16;
    %store/vec4 v0x55f4d0fa4830_0, 0, 16;
    %pushi/vec4 65535, 0, 16;
    %store/vec4 v0x55f4d0fa48f0_0, 0, 16;
    %delay 10, 0;
    %pushi/vec4 65535, 0, 16;
    %store/vec4 v0x55f4d0fa4830_0, 0, 16;
    %pushi/vec4 65535, 0, 16;
    %store/vec4 v0x55f4d0fa48f0_0, 0, 16;
    %delay 10, 0;
    %pushi/vec4 43690, 0, 16;
    %store/vec4 v0x55f4d0fa4830_0, 0, 16;
    %pushi/vec4 21845, 0, 16;
    %store/vec4 v0x55f4d0fa48f0_0, 0, 16;
    %delay 10, 0;
    %vpi_call 2 20 "$finish" {0 0 0};
    %end;
    .thread T_0;
# The file index is used to find the file name in the following table.
:file_names 4;
    "N/A";
    "<interactive>";
    "or16-test.v";
    "or16.v";
