#! /usr/bin/vvp
:ivl_version "12.0 (stable)";
:ivl_delay_selection "TYPICAL";
:vpi_time_precision + 0;
:vpi_module "/usr/lib64/ivl/system.vpi";
:vpi_module "/usr/lib64/ivl/vhdl_sys.vpi";
:vpi_module "/usr/lib64/ivl/vhdl_textio.vpi";
:vpi_module "/usr/lib64/ivl/v2005_math.vpi";
:vpi_module "/usr/lib64/ivl/va_math.vpi";
S_0x56017a50cf10 .scope module, "mux_tb" "mux_tb" 2 2;
 .timescale 0 0;
v0x56017a51f150_0 .var "a", 0 0;
v0x56017a51f210_0 .var "b", 0 0;
v0x56017a51f2b0_0 .net "out", 0 0, L_0x56017a51f480;  1 drivers
v0x56017a51f3b0_0 .var "sel", 0 0;
S_0x56017a50d0a0 .scope module, "dut" "mux" 2 7, 3 2 0, S_0x56017a50cf10;
 .timescale 0 0;
    .port_info 0 /INPUT 1 "a";
    .port_info 1 /INPUT 1 "b";
    .port_info 2 /INPUT 1 "sel";
    .port_info 3 /OUTPUT 1 "out";
v0x56017a4f9310_0 .net "a", 0 0, v0x56017a51f150_0;  1 drivers
v0x56017a51eeb0_0 .net "b", 0 0, v0x56017a51f210_0;  1 drivers
v0x56017a51ef70_0 .net "out", 0 0, L_0x56017a51f480;  alias, 1 drivers
v0x56017a51f010_0 .net "sel", 0 0, v0x56017a51f3b0_0;  1 drivers
L_0x56017a51f480 .functor MUXZ 1, v0x56017a51f150_0, v0x56017a51f210_0, v0x56017a51f3b0_0, C4<>;
    .scope S_0x56017a50cf10;
T_0 ;
    %vpi_call 2 11 "$monitor", "Time=%0t a=%b b=%b sel=%b out=%b", $time, v0x56017a51f150_0, v0x56017a51f210_0, v0x56017a51f3b0_0, v0x56017a51f2b0_0 {0 0 0};
    %pushi/vec4 0, 0, 1;
    %store/vec4 v0x56017a51f150_0, 0, 1;
    %pushi/vec4 0, 0, 1;
    %store/vec4 v0x56017a51f210_0, 0, 1;
    %pushi/vec4 0, 0, 1;
    %store/vec4 v0x56017a51f3b0_0, 0, 1;
    %delay 10, 0;
    %pushi/vec4 0, 0, 1;
    %store/vec4 v0x56017a51f150_0, 0, 1;
    %pushi/vec4 1, 0, 1;
    %store/vec4 v0x56017a51f210_0, 0, 1;
    %pushi/vec4 0, 0, 1;
    %store/vec4 v0x56017a51f3b0_0, 0, 1;
    %delay 10, 0;
    %pushi/vec4 1, 0, 1;
    %store/vec4 v0x56017a51f150_0, 0, 1;
    %pushi/vec4 0, 0, 1;
    %store/vec4 v0x56017a51f210_0, 0, 1;
    %pushi/vec4 0, 0, 1;
    %store/vec4 v0x56017a51f3b0_0, 0, 1;
    %delay 10, 0;
    %pushi/vec4 1, 0, 1;
    %store/vec4 v0x56017a51f150_0, 0, 1;
    %pushi/vec4 1, 0, 1;
    %store/vec4 v0x56017a51f210_0, 0, 1;
    %pushi/vec4 0, 0, 1;
    %store/vec4 v0x56017a51f3b0_0, 0, 1;
    %delay 10, 0;
    %pushi/vec4 0, 0, 1;
    %store/vec4 v0x56017a51f150_0, 0, 1;
    %pushi/vec4 0, 0, 1;
    %store/vec4 v0x56017a51f210_0, 0, 1;
    %pushi/vec4 1, 0, 1;
    %store/vec4 v0x56017a51f3b0_0, 0, 1;
    %delay 10, 0;
    %pushi/vec4 0, 0, 1;
    %store/vec4 v0x56017a51f150_0, 0, 1;
    %pushi/vec4 1, 0, 1;
    %store/vec4 v0x56017a51f210_0, 0, 1;
    %pushi/vec4 1, 0, 1;
    %store/vec4 v0x56017a51f3b0_0, 0, 1;
    %delay 10, 0;
    %pushi/vec4 1, 0, 1;
    %store/vec4 v0x56017a51f150_0, 0, 1;
    %pushi/vec4 0, 0, 1;
    %store/vec4 v0x56017a51f210_0, 0, 1;
    %pushi/vec4 1, 0, 1;
    %store/vec4 v0x56017a51f3b0_0, 0, 1;
    %delay 10, 0;
    %pushi/vec4 1, 0, 1;
    %store/vec4 v0x56017a51f150_0, 0, 1;
    %pushi/vec4 1, 0, 1;
    %store/vec4 v0x56017a51f210_0, 0, 1;
    %pushi/vec4 1, 0, 1;
    %store/vec4 v0x56017a51f3b0_0, 0, 1;
    %delay 10, 0;
    %vpi_call 2 23 "$finish" {0 0 0};
    %end;
    .thread T_0;
# The file index is used to find the file name in the following table.
:file_names 4;
    "N/A";
    "<interactive>";
    "mux_2:1-test.v";
    "mux_2:1.v";
