#! /usr/bin/vvp
:ivl_version "12.0 (stable)";
:ivl_delay_selection "TYPICAL";
:vpi_time_precision - 12;
:vpi_module "/usr/lib64/ivl/system.vpi";
:vpi_module "/usr/lib64/ivl/vhdl_sys.vpi";
:vpi_module "/usr/lib64/ivl/vhdl_textio.vpi";
:vpi_module "/usr/lib64/ivl/v2005_math.vpi";
:vpi_module "/usr/lib64/ivl/va_math.vpi";
S_0x55f28a52b4f0 .scope module, "RAM16K_tb" "RAM16K_tb" 2 4;
 .timescale -9 -12;
v0x55f28a545020_0 .var "address", 13 0;
v0x55f28a545100_0 .var "clk", 0 0;
v0x55f28a5451a0_0 .var "in", 15 0;
v0x55f28a5452a0_0 .var "load", 0 0;
v0x55f28a545370_0 .net "out", 15 0, v0x55f28a544ea0_0;  1 drivers
S_0x55f28a52b680 .scope module, "dut" "RAM16K" 2 12, 3 1 0, S_0x55f28a52b4f0;
 .timescale 0 0;
    .port_info 0 /INPUT 1 "clk";
    .port_info 1 /INPUT 1 "load";
    .port_info 2 /INPUT 14 "address";
    .port_info 3 /INPUT 16 "in";
    .port_info 4 /OUTPUT 16 "out";
v0x55f28a52b880_0 .net "address", 13 0, v0x55f28a545020_0;  1 drivers
v0x55f28a544b50_0 .net "clk", 0 0, v0x55f28a545100_0;  1 drivers
v0x55f28a544c10_0 .net "in", 15 0, v0x55f28a5451a0_0;  1 drivers
v0x55f28a544cd0_0 .net "load", 0 0, v0x55f28a5452a0_0;  1 drivers
v0x55f28a544d90 .array "memory", 16383 0, 15 0;
v0x55f28a544ea0_0 .var "out", 15 0;
E_0x55f28a529320 .event anyedge, v0x55f28a52b880_0;
E_0x55f28a528a90 .event posedge, v0x55f28a544b50_0;
    .scope S_0x55f28a52b680;
T_0 ;
    %pushi/vec4 0, 0, 16;
    %store/vec4 v0x55f28a544ea0_0, 0, 16;
    %end;
    .thread T_0;
    .scope S_0x55f28a52b680;
T_1 ;
    %wait E_0x55f28a528a90;
    %load/vec4 v0x55f28a544cd0_0;
    %flag_set/vec4 8;
    %jmp/0xz  T_1.0, 8;
    %load/vec4 v0x55f28a544c10_0;
    %load/vec4 v0x55f28a52b880_0;
    %pad/u 16;
    %ix/vec4 3;
    %ix/load 4, 0, 0; Constant delay
    %assign/vec4/a/d v0x55f28a544d90, 0, 4;
T_1.0 ;
    %jmp T_1;
    .thread T_1;
    .scope S_0x55f28a52b680;
T_2 ;
    %wait E_0x55f28a529320;
    %load/vec4 v0x55f28a52b880_0;
    %pad/u 16;
    %ix/vec4 4;
    %load/vec4a v0x55f28a544d90, 4;
    %store/vec4 v0x55f28a544ea0_0, 0, 16;
    %jmp T_2;
    .thread T_2, $push;
    .scope S_0x55f28a52b4f0;
T_3 ;
    %pushi/vec4 0, 0, 1;
    %store/vec4 v0x55f28a545100_0, 0, 1;
T_3.0 ;
    %delay 5000, 0;
    %load/vec4 v0x55f28a545100_0;
    %inv;
    %store/vec4 v0x55f28a545100_0, 0, 1;
    %jmp T_3.0;
    %end;
    .thread T_3;
    .scope S_0x55f28a52b4f0;
T_4 ;
    %pushi/vec4 0, 0, 1;
    %store/vec4 v0x55f28a5452a0_0, 0, 1;
    %pushi/vec4 0, 0, 14;
    %store/vec4 v0x55f28a545020_0, 0, 14;
    %pushi/vec4 0, 0, 16;
    %store/vec4 v0x55f28a5451a0_0, 0, 16;
    %vpi_call 2 34 "$display", "Time\011load\011address\011\011in\011\011out" {0 0 0};
    %vpi_call 2 35 "$monitor", "%0t\011%b\011%d\011%h\011%h", $time, v0x55f28a5452a0_0, v0x55f28a545020_0, v0x55f28a5451a0_0, v0x55f28a545370_0 {0 0 0};
    %delay 10000, 0;
    %pushi/vec4 1, 0, 1;
    %store/vec4 v0x55f28a5452a0_0, 0, 1;
    %pushi/vec4 0, 0, 14;
    %store/vec4 v0x55f28a545020_0, 0, 14;
    %pushi/vec4 40960, 0, 16;
    %store/vec4 v0x55f28a5451a0_0, 0, 16;
    %delay 10000, 0;
    %pushi/vec4 1, 0, 1;
    %store/vec4 v0x55f28a5452a0_0, 0, 1;
    %pushi/vec4 4000, 0, 14;
    %store/vec4 v0x55f28a545020_0, 0, 14;
    %pushi/vec4 45329, 0, 16;
    %store/vec4 v0x55f28a5451a0_0, 0, 16;
    %delay 10000, 0;
    %pushi/vec4 1, 0, 1;
    %store/vec4 v0x55f28a5452a0_0, 0, 1;
    %pushi/vec4 8000, 0, 14;
    %store/vec4 v0x55f28a545020_0, 0, 14;
    %pushi/vec4 49698, 0, 16;
    %store/vec4 v0x55f28a5451a0_0, 0, 16;
    %delay 10000, 0;
    %pushi/vec4 1, 0, 1;
    %store/vec4 v0x55f28a5452a0_0, 0, 1;
    %pushi/vec4 16383, 0, 14;
    %store/vec4 v0x55f28a545020_0, 0, 14;
    %pushi/vec4 57343, 0, 16;
    %store/vec4 v0x55f28a5451a0_0, 0, 16;
    %delay 10000, 0;
    %pushi/vec4 0, 0, 1;
    %store/vec4 v0x55f28a5452a0_0, 0, 1;
    %pushi/vec4 0, 0, 14;
    %store/vec4 v0x55f28a545020_0, 0, 14;
    %delay 10000, 0;
    %pushi/vec4 0, 0, 1;
    %store/vec4 v0x55f28a5452a0_0, 0, 1;
    %pushi/vec4 4000, 0, 14;
    %store/vec4 v0x55f28a545020_0, 0, 14;
    %delay 10000, 0;
    %pushi/vec4 0, 0, 1;
    %store/vec4 v0x55f28a5452a0_0, 0, 1;
    %pushi/vec4 8000, 0, 14;
    %store/vec4 v0x55f28a545020_0, 0, 14;
    %delay 10000, 0;
    %pushi/vec4 0, 0, 1;
    %store/vec4 v0x55f28a5452a0_0, 0, 1;
    %pushi/vec4 16383, 0, 14;
    %store/vec4 v0x55f28a545020_0, 0, 14;
    %delay 10000, 0;
    %pushi/vec4 1, 0, 1;
    %store/vec4 v0x55f28a5452a0_0, 0, 1;
    %pushi/vec4 8000, 0, 14;
    %store/vec4 v0x55f28a545020_0, 0, 14;
    %pushi/vec4 61166, 0, 16;
    %store/vec4 v0x55f28a5451a0_0, 0, 16;
    %delay 10000, 0;
    %pushi/vec4 0, 0, 1;
    %store/vec4 v0x55f28a5452a0_0, 0, 1;
    %pushi/vec4 8000, 0, 14;
    %store/vec4 v0x55f28a545020_0, 0, 14;
    %delay 10000, 0;
    %vpi_call 2 54 "$finish" {0 0 0};
    %end;
    .thread T_4;
# The file index is used to find the file name in the following table.
:file_names 4;
    "N/A";
    "<interactive>";
    "ram_16k-tb.v";
    "ram_16k.v";
