#! /usr/bin/vvp
:ivl_version "12.0 (stable)";
:ivl_delay_selection "TYPICAL";
:vpi_time_precision + 0;
:vpi_module "/usr/lib64/ivl/system.vpi";
:vpi_module "/usr/lib64/ivl/vhdl_sys.vpi";
:vpi_module "/usr/lib64/ivl/vhdl_textio.vpi";
:vpi_module "/usr/lib64/ivl/v2005_math.vpi";
:vpi_module "/usr/lib64/ivl/va_math.vpi";
S_0x55ac1e4bc530 .scope module, "xor_gate" "xor_gate" 2 2;
 .timescale 0 0;
    .port_info 0 /INPUT 1 "a";
    .port_info 1 /INPUT 1 "b";
    .port_info 2 /OUTPUT 1 "out";
o0x7f4bf8e92018 .functor BUFZ 1, C4<z>; HiZ drive
o0x7f4bf8e92048 .functor BUFZ 1, C4<z>; HiZ drive
L_0x55ac1e502700 .functor XOR 1, o0x7f4bf8e92018, o0x7f4bf8e92048, C4<0>, C4<0>;
v0x55ac1e4bdf60_0 .net "a", 0 0, o0x7f4bf8e92018;  0 drivers
v0x55ac1e502520_0 .net "b", 0 0, o0x7f4bf8e92048;  0 drivers
v0x55ac1e5025e0_0 .net "out", 0 0, L_0x55ac1e502700;  1 drivers
# The file index is used to find the file name in the following table.
:file_names 3;
    "N/A";
    "<interactive>";
    "xor.v";
